{
  message: 'Database is connected successfully!',
  level: 'info',
  service: 'user-service',
  label: 'UM',
  timestamp: '2023-08-19T19:46:59.322Z'
}
{
  message: 'App Listening on port: http://localhost:5000',
  level: 'info',
  service: 'user-service',
  label: 'UM',
  timestamp: '2023-08-19T19:46:59.337Z'
}
{
  message: 'Database is connected successfully!',
  level: 'info',
  service: 'user-service',
  label: 'UM',
  timestamp: '2023-08-19T19:49:00.832Z'
}
{
  message: 'App Listening on port: http://localhost:5000',
  level: 'info',
  service: 'user-service',
  label: 'UM',
  timestamp: '2023-08-19T19:49:00.859Z'
}
{
  message: 'Database is connected successfully!',
  level: 'info',
  service: 'user-service',
  label: 'UM',
  timestamp: '2023-08-19T19:49:15.808Z'
}
{
  message: 'App Listening on port: http://localhost:5000',
  level: 'info',
  service: 'user-service',
  label: 'UM',
  timestamp: '2023-08-19T19:49:15.839Z'
}
{
  message: 'Database is connected successfully!',
  level: 'info',
  service: 'user-service',
  label: 'UM',
  timestamp: '2023-08-19T19:49:46.416Z'
}
{
  message: 'App Listening on port: http://localhost:5000',
  level: 'info',
  service: 'user-service',
  label: 'UM',
  timestamp: '2023-08-19T19:49:46.430Z'
}
{
  message: 'Database is connected successfully!',
  level: 'info',
  service: 'user-service',
  label: 'UM',
  timestamp: '2023-08-19T19:50:52.645Z'
}
{
  message: 'App Listening on port: http://localhost:5000',
  level: 'info',
  service: 'user-service',
  label: 'UM',
  timestamp: '2023-08-19T19:50:52.661Z'
}
{
  message: 'Database is connected successfully!',
  level: 'info',
  service: 'user-service',
  label: 'UM',
  timestamp: '2023-08-19T19:51:07.248Z'
}
{
  message: 'App Listening on port: http://localhost:5000',
  level: 'info',
  service: 'user-service',
  label: 'UM',
  timestamp: '2023-08-19T19:51:07.259Z'
}
{
  message: 'Database is connected successfully!',
  level: 'info',
  service: 'user-service',
  label: 'UM',
  timestamp: '2023-08-19T19:54:42.918Z'
}
{
  message: 'App Listening on port: http://localhost:5000',
  level: 'info',
  service: 'user-service',
  label: 'UM',
  timestamp: '2023-08-19T19:54:42.933Z'
}
{
  message: 'Database is connected successfully!',
  level: 'info',
  service: 'user-service',
  label: 'UM',
  timestamp: '2023-08-19T19:55:22.398Z'
}
{
  message: 'App Listening on port: http://localhost:5000',
  level: 'info',
  service: 'user-service',
  label: 'UM',
  timestamp: '2023-08-19T19:55:22.412Z'
}
{
  message: 'Database is connected successfully!',
  level: 'info',
  service: 'user-service',
  label: 'UM',
  timestamp: '2023-08-19T19:58:29.315Z'
}
{
  message: 'App Listening on port: http://localhost:5000',
  level: 'info',
  service: 'user-service',
  label: 'UM',
  timestamp: '2023-08-19T19:58:29.329Z'
}
{
  message: 'Database is connected successfully!',
  level: 'info',
  service: 'user-service',
  label: 'UM',
  timestamp: '2023-08-19T19:58:50.203Z'
}
{
  message: 'App Listening on port: http://localhost:5000',
  level: 'info',
  service: 'user-service',
  label: 'UM',
  timestamp: '2023-08-19T19:58:50.214Z'
}
