{
  message: 'Database is connected successfully!',
  level: 'info',
  service: 'user-service',
  label: 'UM',
  timestamp: '2023-08-03T22:26:10.113Z'
}
{
  message: 'App Listening on port: http://localhost:5000',
  level: 'info',
  service: 'user-service',
  label: 'UM',
  timestamp: '2023-08-03T22:26:10.126Z'
}
{
  message: 'Database is connected successfully!',
  level: 'info',
  service: 'user-service',
  label: 'UM',
  timestamp: '2023-08-03T22:28:26.706Z'
}
{
  message: 'App Listening on port: http://localhost:5000',
  level: 'info',
  service: 'user-service',
  label: 'UM',
  timestamp: '2023-08-03T22:28:26.738Z'
}
{
  message: 'Database is connected successfully!',
  level: 'info',
  service: 'user-service',
  label: 'UM',
  timestamp: '2023-08-03T22:28:32.478Z'
}
{
  message: 'App Listening on port: http://localhost:5000',
  level: 'info',
  service: 'user-service',
  label: 'UM',
  timestamp: '2023-08-03T22:28:32.529Z'
}
{
  message: 'Database is connected successfully!',
  level: 'info',
  service: 'user-service',
  label: 'UM',
  timestamp: '2023-08-03T22:28:38.470Z'
}
{
  message: 'App Listening on port: http://localhost:5000',
  level: 'info',
  service: 'user-service',
  label: 'UM',
  timestamp: '2023-08-03T22:28:38.487Z'
}
{
  message: 'Database is connected successfully!',
  level: 'info',
  service: 'user-service',
  label: 'UM',
  timestamp: '2023-08-03T22:28:45.790Z'
}
{
  message: 'App Listening on port: http://localhost:5000',
  level: 'info',
  service: 'user-service',
  label: 'UM',
  timestamp: '2023-08-03T22:28:45.828Z'
}
{
  message: 'Database is connected successfully!',
  level: 'info',
  service: 'user-service',
  label: 'UM',
  timestamp: '2023-08-03T22:29:06.725Z'
}
{
  message: 'App Listening on port: http://localhost:5000',
  level: 'info',
  service: 'user-service',
  label: 'UM',
  timestamp: '2023-08-03T22:29:06.776Z'
}
{
  message: 'Database is connected successfully!',
  level: 'info',
  service: 'user-service',
  label: 'UM',
  timestamp: '2023-08-03T22:29:23.203Z'
}
{
  message: 'App Listening on port: http://localhost:5000',
  level: 'info',
  service: 'user-service',
  label: 'UM',
  timestamp: '2023-08-03T22:29:23.215Z'
}
{
  message: 'Database is connected successfully!',
  level: 'info',
  service: 'user-service',
  label: 'UM',
  timestamp: '2023-08-03T22:29:35.939Z'
}
{
  message: 'App Listening on port: http://localhost:5000',
  level: 'info',
  service: 'user-service',
  label: 'UM',
  timestamp: '2023-08-03T22:29:35.965Z'
}
{
  message: 'Database is connected successfully!',
  level: 'info',
  service: 'user-service',
  label: 'UM',
  timestamp: '2023-08-03T22:30:01.340Z'
}
{
  message: 'App Listening on port: http://localhost:5000',
  level: 'info',
  service: 'user-service',
  label: 'UM',
  timestamp: '2023-08-03T22:30:01.364Z'
}
{
  message: 'Database is connected successfully!',
  level: 'info',
  service: 'user-service',
  label: 'UM',
  timestamp: '2023-08-03T22:30:20.177Z'
}
{
  message: 'App Listening on port: http://localhost:5000',
  level: 'info',
  service: 'user-service',
  label: 'UM',
  timestamp: '2023-08-03T22:30:20.212Z'
}
{
  message: 'Database is connected successfully!',
  level: 'info',
  service: 'user-service',
  label: 'UM',
  timestamp: '2023-08-03T22:30:36.718Z'
}
{
  message: 'App Listening on port: http://localhost:5000',
  level: 'info',
  service: 'user-service',
  label: 'UM',
  timestamp: '2023-08-03T22:30:36.739Z'
}
{
  message: 'Database is connected successfully!',
  level: 'info',
  service: 'user-service',
  label: 'UM',
  timestamp: '2023-08-03T22:31:15.568Z'
}
{
  message: 'App Listening on port: http://localhost:5000',
  level: 'info',
  service: 'user-service',
  label: 'UM',
  timestamp: '2023-08-03T22:31:15.588Z'
}
{
  message: 'Database is connected successfully!',
  level: 'info',
  service: 'user-service',
  label: 'UM',
  timestamp: '2023-08-03T22:31:46.372Z'
}
{
  message: 'App Listening on port: http://localhost:5000',
  level: 'info',
  service: 'user-service',
  label: 'UM',
  timestamp: '2023-08-03T22:31:46.398Z'
}
{
  message: 'Database is connected successfully!',
  level: 'info',
  service: 'user-service',
  label: 'UM',
  timestamp: '2023-08-03T22:32:02.563Z'
}
{
  message: 'App Listening on port: http://localhost:5000',
  level: 'info',
  service: 'user-service',
  label: 'UM',
  timestamp: '2023-08-03T22:32:02.590Z'
}
{
  message: 'Database is connected successfully!',
  level: 'info',
  service: 'user-service',
  label: 'UM',
  timestamp: '2023-08-03T22:32:13.879Z'
}
{
  message: 'App Listening on port: http://localhost:5000',
  level: 'info',
  service: 'user-service',
  label: 'UM',
  timestamp: '2023-08-03T22:32:13.900Z'
}
{
  message: 'Database is connected successfully!',
  level: 'info',
  service: 'user-service',
  label: 'UM',
  timestamp: '2023-08-03T22:32:35.979Z'
}
{
  message: 'App Listening on port: http://localhost:5000',
  level: 'info',
  service: 'user-service',
  label: 'UM',
  timestamp: '2023-08-03T22:32:35.997Z'
}
{
  message: 'Database is connected successfully!',
  level: 'info',
  service: 'user-service',
  label: 'UM',
  timestamp: '2023-08-03T22:32:48.567Z'
}
{
  message: 'App Listening on port: http://localhost:5000',
  level: 'info',
  service: 'user-service',
  label: 'UM',
  timestamp: '2023-08-03T22:32:48.578Z'
}
{
  message: 'Database is connected successfully!',
  level: 'info',
  service: 'user-service',
  label: 'UM',
  timestamp: '2023-08-03T22:33:11.278Z'
}
{
  message: 'App Listening on port: http://localhost:5000',
  level: 'info',
  service: 'user-service',
  label: 'UM',
  timestamp: '2023-08-03T22:33:11.299Z'
}
{
  message: 'Database is connected successfully!',
  level: 'info',
  service: 'user-service',
  label: 'UM',
  timestamp: '2023-08-03T22:33:22.074Z'
}
{
  message: 'App Listening on port: http://localhost:5000',
  level: 'info',
  service: 'user-service',
  label: 'UM',
  timestamp: '2023-08-03T22:33:22.104Z'
}
{
  message: 'Database is connected successfully!',
  level: 'info',
  service: 'user-service',
  label: 'UM',
  timestamp: '2023-08-03T22:33:36.604Z'
}
{
  message: 'App Listening on port: http://localhost:5000',
  level: 'info',
  service: 'user-service',
  label: 'UM',
  timestamp: '2023-08-03T22:33:36.617Z'
}
{
  message: 'Database is connected successfully!',
  level: 'info',
  service: 'user-service',
  label: 'UM',
  timestamp: '2023-08-03T22:33:42.482Z'
}
{
  message: 'App Listening on port: http://localhost:5000',
  level: 'info',
  service: 'user-service',
  label: 'UM',
  timestamp: '2023-08-03T22:33:42.498Z'
}
{
  message: 'Database is connected successfully!',
  level: 'info',
  service: 'user-service',
  label: 'UM',
  timestamp: '2023-08-03T22:34:05.365Z'
}
{
  message: 'App Listening on port: http://localhost:5000',
  level: 'info',
  service: 'user-service',
  label: 'UM',
  timestamp: '2023-08-03T22:34:05.408Z'
}
{
  message: 'Database is connected successfully!',
  level: 'info',
  service: 'user-service',
  label: 'UM',
  timestamp: '2023-08-03T22:34:20.842Z'
}
{
  message: 'App Listening on port: http://localhost:5000',
  level: 'info',
  service: 'user-service',
  label: 'UM',
  timestamp: '2023-08-03T22:34:20.856Z'
}
{
  message: 'Database is connected successfully!',
  level: 'info',
  service: 'user-service',
  label: 'UM',
  timestamp: '2023-08-03T22:34:30.101Z'
}
{
  message: 'App Listening on port: http://localhost:5000',
  level: 'info',
  service: 'user-service',
  label: 'UM',
  timestamp: '2023-08-03T22:34:30.130Z'
}
{
  message: 'Database is connected successfully!',
  level: 'info',
  service: 'user-service',
  label: 'UM',
  timestamp: '2023-08-03T22:34:45.394Z'
}
{
  message: 'App Listening on port: http://localhost:5000',
  level: 'info',
  service: 'user-service',
  label: 'UM',
  timestamp: '2023-08-03T22:34:45.411Z'
}
{
  message: 'Database is connected successfully!',
  level: 'info',
  service: 'user-service',
  label: 'UM',
  timestamp: '2023-08-03T22:34:57.464Z'
}
{
  message: 'App Listening on port: http://localhost:5000',
  level: 'info',
  service: 'user-service',
  label: 'UM',
  timestamp: '2023-08-03T22:34:57.481Z'
}
{
  message: 'Database is connected successfully!',
  level: 'info',
  service: 'user-service',
  label: 'UM',
  timestamp: '2023-08-03T22:35:31.726Z'
}
{
  message: 'App Listening on port: http://localhost:5000',
  level: 'info',
  service: 'user-service',
  label: 'UM',
  timestamp: '2023-08-03T22:35:31.759Z'
}
{
  message: 'Database is connected successfully!',
  level: 'info',
  service: 'user-service',
  label: 'UM',
  timestamp: '2023-08-03T22:36:18.025Z'
}
{
  message: 'App Listening on port: http://localhost:5000',
  level: 'info',
  service: 'user-service',
  label: 'UM',
  timestamp: '2023-08-03T22:36:18.044Z'
}
{
  message: 'Database is connected successfully!',
  level: 'info',
  service: 'user-service',
  label: 'UM',
  timestamp: '2023-08-03T22:36:52.425Z'
}
{
  message: 'App Listening on port: http://localhost:5000',
  level: 'info',
  service: 'user-service',
  label: 'UM',
  timestamp: '2023-08-03T22:36:52.444Z'
}
