{
  message: 'Database is connected successfully!',
  level: 'info',
  service: 'user-service',
  label: 'UM',
  timestamp: '2023-08-16T14:11:47.282Z'
}
{
  message: 'App Listening on port: http://localhost:5000',
  level: 'info',
  service: 'user-service',
  label: 'UM',
  timestamp: '2023-08-16T14:11:47.297Z'
}
{
  message: 'Database is connected successfully!',
  level: 'info',
  service: 'user-service',
  label: 'UM',
  timestamp: '2023-08-16T14:16:32.200Z'
}
{
  message: 'App Listening on port: http://localhost:5000',
  level: 'info',
  service: 'user-service',
  label: 'UM',
  timestamp: '2023-08-16T14:16:32.217Z'
}
{
  message: 'Database is connected successfully!',
  level: 'info',
  service: 'user-service',
  label: 'UM',
  timestamp: '2023-08-16T14:18:42.816Z'
}
{
  message: 'App Listening on port: http://localhost:5000',
  level: 'info',
  service: 'user-service',
  label: 'UM',
  timestamp: '2023-08-16T14:18:42.833Z'
}
{
  message: 'Database is connected successfully!',
  level: 'info',
  service: 'user-service',
  label: 'UM',
  timestamp: '2023-08-16T14:19:52.026Z'
}
{
  message: 'App Listening on port: http://localhost:5000',
  level: 'info',
  service: 'user-service',
  label: 'UM',
  timestamp: '2023-08-16T14:19:52.044Z'
}
{
  message: 'Database is connected successfully!',
  level: 'info',
  service: 'user-service',
  label: 'UM',
  timestamp: '2023-08-16T14:23:46.358Z'
}
{
  message: 'App Listening on port: http://localhost:5000',
  level: 'info',
  service: 'user-service',
  label: 'UM',
  timestamp: '2023-08-16T14:23:46.395Z'
}
{
  message: 'Database is connected successfully!',
  level: 'info',
  service: 'user-service',
  label: 'UM',
  timestamp: '2023-08-16T14:25:21.010Z'
}
{
  message: 'App Listening on port: http://localhost:5000',
  level: 'info',
  service: 'user-service',
  label: 'UM',
  timestamp: '2023-08-16T14:25:21.020Z'
}
{
  message: 'Database is connected successfully!',
  level: 'info',
  service: 'user-service',
  label: 'UM',
  timestamp: '2023-08-16T14:26:55.786Z'
}
{
  message: 'App Listening on port: http://localhost:5000',
  level: 'info',
  service: 'user-service',
  label: 'UM',
  timestamp: '2023-08-16T14:26:55.802Z'
}
{
  message: 'Database is connected successfully!',
  level: 'info',
  service: 'user-service',
  label: 'UM',
  timestamp: '2023-08-16T14:27:03.477Z'
}
{
  message: 'App Listening on port: http://localhost:5000',
  level: 'info',
  service: 'user-service',
  label: 'UM',
  timestamp: '2023-08-16T14:27:03.496Z'
}
