{
  message: 'Database is connected successfully!',
  level: 'info',
  service: 'user-service',
  label: 'UM',
  timestamp: '2023-07-29T11:40:38.701Z'
}
{
  message: 'App Listening on port: http://localhost:5000',
  level: 'info',
  service: 'user-service',
  label: 'UM',
  timestamp: '2023-07-29T11:40:38.748Z'
}
{
  message: 'Database is connected successfully!',
  level: 'info',
  service: 'user-service',
  label: 'UM',
  timestamp: '2023-07-29T11:41:25.089Z'
}
{
  message: 'App Listening on port: http://localhost:5000',
  level: 'info',
  service: 'user-service',
  label: 'UM',
  timestamp: '2023-07-29T11:41:25.105Z'
}
{
  message: 'Database is connected successfully!',
  level: 'info',
  service: 'user-service',
  label: 'UM',
  timestamp: '2023-07-29T11:41:32.332Z'
}
{
  message: 'App Listening on port: http://localhost:5000',
  level: 'info',
  service: 'user-service',
  label: 'UM',
  timestamp: '2023-07-29T11:41:32.341Z'
}
