{
  message: 'Database is connected successfully!',
  level: 'info',
  service: 'user-service',
  label: 'UM',
  timestamp: '2023-08-21T14:01:03.765Z'
}
{
  message: 'App Listening on port: http://localhost:5000',
  level: 'info',
  service: 'user-service',
  label: 'UM',
  timestamp: '2023-08-21T14:01:03.776Z'
}
{
  message: 'Database is connected successfully!',
  level: 'info',
  service: 'user-service',
  label: 'UM',
  timestamp: '2023-08-21T14:01:17.388Z'
}
{
  message: 'App Listening on port: http://localhost:5000',
  level: 'info',
  service: 'user-service',
  label: 'UM',
  timestamp: '2023-08-21T14:01:17.403Z'
}
{
  message: 'Database is connected successfully!',
  level: 'info',
  service: 'user-service',
  label: 'UM',
  timestamp: '2023-08-21T14:01:37.500Z'
}
{
  message: 'App Listening on port: http://localhost:5000',
  level: 'info',
  service: 'user-service',
  label: 'UM',
  timestamp: '2023-08-21T14:01:37.514Z'
}
{
  message: 'Database is connected successfully!',
  level: 'info',
  service: 'user-service',
  label: 'UM',
  timestamp: '2023-08-21T14:04:50.122Z'
}
{
  message: 'App Listening on port: http://localhost:5000',
  level: 'info',
  service: 'user-service',
  label: 'UM',
  timestamp: '2023-08-21T14:04:50.141Z'
}
{
  message: 'Database is connected successfully!',
  level: 'info',
  service: 'user-service',
  label: 'UM',
  timestamp: '2023-08-21T14:10:31.078Z'
}
{
  message: 'App Listening on port: http://localhost:5000',
  level: 'info',
  service: 'user-service',
  label: 'UM',
  timestamp: '2023-08-21T14:10:31.093Z'
}
{
  message: 'Database is connected successfully!',
  level: 'info',
  service: 'user-service',
  label: 'UM',
  timestamp: '2023-08-21T14:10:36.823Z'
}
{
  message: 'App Listening on port: http://localhost:5000',
  level: 'info',
  service: 'user-service',
  label: 'UM',
  timestamp: '2023-08-21T14:10:36.835Z'
}
{
  message: 'Database is connected successfully!',
  level: 'info',
  service: 'user-service',
  label: 'UM',
  timestamp: '2023-08-21T14:10:41.976Z'
}
{
  message: 'App Listening on port: http://localhost:5000',
  level: 'info',
  service: 'user-service',
  label: 'UM',
  timestamp: '2023-08-21T14:10:41.990Z'
}
{
  message: 'Database is connected successfully!',
  level: 'info',
  service: 'user-service',
  label: 'UM',
  timestamp: '2023-08-21T14:10:55.365Z'
}
{
  message: 'App Listening on port: http://localhost:5000',
  level: 'info',
  service: 'user-service',
  label: 'UM',
  timestamp: '2023-08-21T14:10:55.381Z'
}
{
  message: 'Database is connected successfully!',
  level: 'info',
  service: 'user-service',
  label: 'UM',
  timestamp: '2023-08-21T14:12:43.945Z'
}
{
  message: 'App Listening on port: http://localhost:5000',
  level: 'info',
  service: 'user-service',
  label: 'UM',
  timestamp: '2023-08-21T14:12:43.961Z'
}
{
  message: 'Database is connected successfully!',
  level: 'info',
  service: 'user-service',
  label: 'UM',
  timestamp: '2023-08-21T14:13:08.734Z'
}
{
  message: 'App Listening on port: http://localhost:5000',
  level: 'info',
  service: 'user-service',
  label: 'UM',
  timestamp: '2023-08-21T14:13:08.782Z'
}
