{
  service: 'user-service',
  statusCode: 409,
  level: 'error',
  message: '---GlobalErrorHandler--- Already Exist ...',
  stack: 'Error: Already Exist ...\n' +
    '    at model.<anonymous> (C:\\Users\\satay\\Desktop\\level 2\\University-Management-System\\src\\app\\modules\\academicSemester\\academicSemester.model.ts:52:11)\n' +
    '    at Generator.next (<anonymous>)\n' +
    '    at fulfilled (C:\\Users\\satay\\Desktop\\level 2\\University-Management-System\\src\\app\\modules\\academicSemester\\academicSemester.model.ts:5:58)\n' +
    '    at processTicksAndRejections (node:internal/process/task_queues:95:5)',
  label: 'UM',
  timestamp: '2023-07-31T21:29:41.940Z'
}
{
  service: 'user-service',
  statusCode: 409,
  level: 'error',
  message: '---GlobalErrorHandler--- Already Exist ...',
  stack: 'Error: Already Exist ...\n' +
    '    at model.<anonymous> (C:\\Users\\satay\\Desktop\\level 2\\University-Management-System\\src\\app\\modules\\academicSemester\\academicSemester.model.ts:52:11)\n' +
    '    at Generator.next (<anonymous>)\n' +
    '    at fulfilled (C:\\Users\\satay\\Desktop\\level 2\\University-Management-System\\src\\app\\modules\\academicSemester\\academicSemester.model.ts:5:58)\n' +
    '    at processTicksAndRejections (node:internal/process/task_queues:95:5)',
  label: 'UM',
  timestamp: '2023-07-31T21:29:43.264Z'
}
{
  service: 'user-service',
  statusCode: 409,
  level: 'error',
  message: '---GlobalErrorHandler--- Already Exist ...',
  stack: 'Error: Already Exist ...\n' +
    '    at model.<anonymous> (C:\\Users\\satay\\Desktop\\level 2\\University-Management-System\\src\\app\\modules\\academicSemester\\academicSemester.model.ts:52:11)\n' +
    '    at Generator.next (<anonymous>)\n' +
    '    at fulfilled (C:\\Users\\satay\\Desktop\\level 2\\University-Management-System\\src\\app\\modules\\academicSemester\\academicSemester.model.ts:5:58)\n' +
    '    at processTicksAndRejections (node:internal/process/task_queues:95:5)',
  label: 'UM',
  timestamp: '2023-07-31T21:29:44.925Z'
}
{
  service: 'user-service',
  statusCode: 409,
  level: 'error',
  message: '---GlobalErrorHandler--- Already Exist ...',
  stack: 'Error: Already Exist ...\n' +
    '    at model.<anonymous> (C:\\Users\\satay\\Desktop\\level 2\\University-Management-System\\src\\app\\modules\\academicSemester\\academicSemester.model.ts:52:11)\n' +
    '    at Generator.next (<anonymous>)\n' +
    '    at fulfilled (C:\\Users\\satay\\Desktop\\level 2\\University-Management-System\\src\\app\\modules\\academicSemester\\academicSemester.model.ts:5:58)\n' +
    '    at processTicksAndRejections (node:internal/process/task_queues:95:5)',
  label: 'UM',
  timestamp: '2023-07-31T21:30:17.893Z'
}
