{
  service: 'user-service',
  index: 0,
  code: 11000,
  keyPattern: { id: 1 },
  keyValue: { id: '230300001' },
  level: 'error',
  message: '---GlobalErrorHandler--- E11000 duplicate key error collection: university-managment-sysem.students index: id_1 dup key: { id: "230300001" }',
  stack: 'MongoServerError: E11000 duplicate key error collection: university-managment-sysem.students index: id_1 dup key: { id: "230300001" }\n' +
    '    at C:\\Users\\satay\\Desktop\\level 2\\University-Management-System\\node_modules\\mongodb\\src\\operations\\insert.ts:85:25\n' +
    '    at C:\\Users\\satay\\Desktop\\level 2\\University-Management-System\\node_modules\\mongodb\\src\\cmap\\connection_pool.ts:574:11\n' +
    '    at C:\\Users\\satay\\Desktop\\level 2\\University-Management-System\\node_modules\\mongodb\\src\\sdam\\server.ts:368:13\n' +
    '    at handleOperationResult (C:\\Users\\satay\\Desktop\\level 2\\University-Management-System\\node_modules\\mongodb\\src\\sdam\\server.ts:502:14)\n' +
    '    at Connection.onMessage (C:\\Users\\satay\\Desktop\\level 2\\University-Management-System\\node_modules\\mongodb\\src\\cmap\\connection.ts:418:5)\n' +
    '    at MessageStream.<anonymous> (C:\\Users\\satay\\Desktop\\level 2\\University-Management-System\\node_modules\\mongodb\\src\\cmap\\connection.ts:243:56)\n' +
    '    at MessageStream.emit (node:events:513:28)\n' +
    '    at processIncomingData (C:\\Users\\satay\\Desktop\\level 2\\University-Management-System\\node_modules\\mongodb\\src\\cmap\\message_stream.ts:187:12)\n' +
    '    at MessageStream._write (C:\\Users\\satay\\Desktop\\level 2\\University-Management-System\\node_modules\\mongodb\\src\\cmap\\message_stream.ts:68:5)\n' +
    '    at writeOrBuffer (node:internal/streams/writable:392:12)',
  label: 'UM',
  timestamp: '2023-08-20T16:00:59.642Z',
  [Symbol(errorLabels)]: Set(0) {}
}
{
  service: 'user-service',
  statusCode: 404,
  level: 'error',
  message: '---GlobalErrorHandler--- User does not exist...',
  stack: 'Error: User does not exist...\n' +
    '    at C:\\Users\\satay\\Desktop\\level 2\\University-Management-System\\src\\app\\modules\\auth\\auth.service.ts:27:11\n' +
    '    at Generator.next (<anonymous>)\n' +
    '    at fulfilled (C:\\Users\\satay\\Desktop\\level 2\\University-Management-System\\src\\app\\modules\\auth\\auth.service.ts:5:58)\n' +
    '    at processTicksAndRejections (node:internal/process/task_queues:95:5)',
  label: 'UM',
  timestamp: '2023-08-20T16:01:26.704Z'
}
{
  service: 'user-service',
  statusCode: 404,
  level: 'error',
  message: '---GlobalErrorHandler--- User does not exist...',
  stack: 'Error: User does not exist...\n' +
    '    at C:\\Users\\satay\\Desktop\\level 2\\University-Management-System\\src\\app\\modules\\auth\\auth.service.ts:27:11\n' +
    '    at Generator.next (<anonymous>)\n' +
    '    at fulfilled (C:\\Users\\satay\\Desktop\\level 2\\University-Management-System\\src\\app\\modules\\auth\\auth.service.ts:5:58)\n' +
    '    at processTicksAndRejections (node:internal/process/task_queues:95:5)',
  label: 'UM',
  timestamp: '2023-08-20T16:01:35.324Z'
}
{
  level: 'error',
  service: 'user-service',
  label: 'UM',
  timestamp: '2023-08-20T16:02:37.356Z',
  [Symbol(errorLabels)]: Set(0) {}
}
{
  service: 'user-service',
  issues: [
    {
      code: 'invalid_type',
      expected: 'string',
      received: 'undefined',
      path: [ 'cookies', 'refreshToken' ],
      message: 'Refresh Token is Required'
    }
  ],
  addIssue: [Function (anonymous)],
  addIssues: [Function (anonymous)],
  name: 'ZodError',
  level: 'error',
  message: '---GlobalErrorHandler--- [\n' +
    '  {\n' +
    '    "code": "invalid_type",\n' +
    '    "expected": "string",\n' +
    '    "received": "undefined",\n' +
    '    "path": [\n' +
    '      "cookies",\n' +
    '      "refreshToken"\n' +
    '    ],\n' +
    '    "message": "Refresh Token is Required"\n' +
    '  }\n' +
    ']',
  stack: 'ZodError: [\n' +
    '  {\n' +
    '    "code": "invalid_type",\n' +
    '    "expected": "string",\n' +
    '    "received": "undefined",\n' +
    '    "path": [\n' +
    '      "cookies",\n' +
    '      "refreshToken"\n' +
    '    ],\n' +
    '    "message": "Refresh Token is Required"\n' +
    '  }\n' +
    ']\n' +
    '    at Object.get error [as error] (C:\\Users\\satay\\Desktop\\level 2\\University-Management-System\\node_modules\\zod\\lib\\types.js:43:31)\n' +
    '    at ZodObject.parseAsync (C:\\Users\\satay\\Desktop\\level 2\\University-Management-System\\node_modules\\zod\\lib\\types.js:164:22)\n' +
    '    at processTicksAndRejections (node:internal/process/task_queues:95:5)',
  label: 'UM',
  timestamp: '2023-08-20T16:04:19.466Z'
}
{
  service: 'user-service',
  issues: [
    {
      code: 'invalid_type',
      expected: 'string',
      received: 'undefined',
      path: [ 'cookies', 'refreshToken' ],
      message: 'Refresh Token is Required'
    }
  ],
  addIssue: [Function (anonymous)],
  addIssues: [Function (anonymous)],
  name: 'ZodError',
  level: 'error',
  message: '---GlobalErrorHandler--- [\n' +
    '  {\n' +
    '    "code": "invalid_type",\n' +
    '    "expected": "string",\n' +
    '    "received": "undefined",\n' +
    '    "path": [\n' +
    '      "cookies",\n' +
    '      "refreshToken"\n' +
    '    ],\n' +
    '    "message": "Refresh Token is Required"\n' +
    '  }\n' +
    ']',
  stack: 'ZodError: [\n' +
    '  {\n' +
    '    "code": "invalid_type",\n' +
    '    "expected": "string",\n' +
    '    "received": "undefined",\n' +
    '    "path": [\n' +
    '      "cookies",\n' +
    '      "refreshToken"\n' +
    '    ],\n' +
    '    "message": "Refresh Token is Required"\n' +
    '  }\n' +
    ']\n' +
    '    at Object.get error [as error] (C:\\Users\\satay\\Desktop\\level 2\\University-Management-System\\node_modules\\zod\\lib\\types.js:43:31)\n' +
    '    at ZodObject.parseAsync (C:\\Users\\satay\\Desktop\\level 2\\University-Management-System\\node_modules\\zod\\lib\\types.js:164:22)\n' +
    '    at processTicksAndRejections (node:internal/process/task_queues:95:5)',
  label: 'UM',
  timestamp: '2023-08-20T16:04:21.198Z'
}
{
  level: 'error',
  service: 'user-service',
  label: 'UM',
  timestamp: '2023-08-20T16:04:51.129Z',
  [Symbol(errorLabels)]: Set(0) {}
}
{
  level: 'error',
  service: 'user-service',
  label: 'UM',
  timestamp: '2023-08-20T16:09:55.784Z',
  [Symbol(errorLabels)]: Set(0) {}
}
{
  service: 'user-service',
  stringValue: `"{ id: '230300001' }"`,
  messageFormat: undefined,
  kind: 'ObjectId',
  value: { id: '230300001' },
  path: '_id',
  reason: BSONError: Argument passed in must be a string of 12 bytes or a string of 24 hex characters or an integer
      at new ObjectId (C:\Users\satay\Desktop\level 2\University-Management-System\node_modules\bson\src\objectid.ts:88:15)
      at castObjectId (C:\Users\satay\Desktop\level 2\University-Management-System\node_modules\mongoose\lib\cast\objectid.js:25:12)
      at ObjectId.cast (C:\Users\satay\Desktop\level 2\University-Management-System\node_modules\mongoose\lib\schema\objectid.js:246:12)
      at ObjectId.SchemaType.applySetters (C:\Users\satay\Desktop\level 2\University-Management-System\node_modules\mongoose\lib\schematype.js:1204:12)
      at ObjectId.SchemaType.castForQuery (C:\Users\satay\Desktop\level 2\University-Management-System\node_modules\mongoose\lib\schematype.js:1616:15)
      at cast (C:\Users\satay\Desktop\level 2\University-Management-System\node_modules\mongoose\lib\cast.js:290:34)
      at model.Query.Query.cast (C:\Users\satay\Desktop\level 2\University-Management-System\node_modules\mongoose\lib\query.js:4874:12)
      at model.Query.Query._castConditions (C:\Users\satay\Desktop\level 2\University-Management-System\node_modules\mongoose\lib\query.js:2210:10)
      at model.Query._findOneAndDelete (C:\Users\satay\Desktop\level 2\University-Management-System\node_modules\mongoose\lib\query.js:3480:8)
      at model.Query.exec (C:\Users\satay\Desktop\level 2\University-Management-System\node_modules\mongoose\lib\query.js:4404:28),
  valueType: 'Object',
  model: Model { Student },
  level: 'error',
  message: `---GlobalErrorHandler--- Cast to ObjectId failed for value "{ id: '230300001' }" (type Object) at path "_id" for model "Student"`,
  stack: `CastError: Cast to ObjectId failed for value "{ id: '230300001' }" (type Object) at path "_id" for model "Student"\n` +
    '    at ObjectId.cast (C:\\Users\\satay\\Desktop\\level 2\\University-Management-System\\node_modules\\mongoose\\lib\\schema\\objectid.js:248:11)\n' +
    '    at ObjectId.SchemaType.applySetters (C:\\Users\\satay\\Desktop\\level 2\\University-Management-System\\node_modules\\mongoose\\lib\\schematype.js:1204:12)\n' +
    '    at ObjectId.SchemaType.castForQuery (C:\\Users\\satay\\Desktop\\level 2\\University-Management-System\\node_modules\\mongoose\\lib\\schematype.js:1616:15)\n' +
    '    at cast (C:\\Users\\satay\\Desktop\\level 2\\University-Management-System\\node_modules\\mongoose\\lib\\cast.js:290:34)\n' +
    '    at model.Query.Query.cast (C:\\Users\\satay\\Desktop\\level 2\\University-Management-System\\node_modules\\mongoose\\lib\\query.js:4874:12)\n' +
    '    at model.Query.Query._castConditions (C:\\Users\\satay\\Desktop\\level 2\\University-Management-System\\node_modules\\mongoose\\lib\\query.js:2210:10)\n' +
    '    at model.Query._findOneAndDelete (C:\\Users\\satay\\Desktop\\level 2\\University-Management-System\\node_modules\\mongoose\\lib\\query.js:3480:8)\n' +
    '    at model.Query.exec (C:\\Users\\satay\\Desktop\\level 2\\University-Management-System\\node_modules\\mongoose\\lib\\query.js:4404:28)\n' +
    '    at processTicksAndRejections (node:internal/process/task_queues:95:5)',
  label: 'UM',
  timestamp: '2023-08-20T16:20:40.792Z'
}
{
  service: 'user-service',
  stringValue: `"{ id: '230300001' }"`,
  messageFormat: undefined,
  kind: 'ObjectId',
  value: { id: '230300001' },
  path: '_id',
  reason: BSONError: Argument passed in must be a string of 12 bytes or a string of 24 hex characters or an integer
      at new ObjectId (C:\Users\satay\Desktop\level 2\University-Management-System\node_modules\bson\src\objectid.ts:88:15)
      at castObjectId (C:\Users\satay\Desktop\level 2\University-Management-System\node_modules\mongoose\lib\cast\objectid.js:25:12)
      at ObjectId.cast (C:\Users\satay\Desktop\level 2\University-Management-System\node_modules\mongoose\lib\schema\objectid.js:246:12)
      at ObjectId.SchemaType.applySetters (C:\Users\satay\Desktop\level 2\University-Management-System\node_modules\mongoose\lib\schematype.js:1204:12)
      at ObjectId.SchemaType.castForQuery (C:\Users\satay\Desktop\level 2\University-Management-System\node_modules\mongoose\lib\schematype.js:1616:15)
      at cast (C:\Users\satay\Desktop\level 2\University-Management-System\node_modules\mongoose\lib\cast.js:290:34)
      at model.Query.Query.cast (C:\Users\satay\Desktop\level 2\University-Management-System\node_modules\mongoose\lib\query.js:4874:12)
      at model.Query.Query._castConditions (C:\Users\satay\Desktop\level 2\University-Management-System\node_modules\mongoose\lib\query.js:2210:10)
      at model.Query._findOneAndDelete (C:\Users\satay\Desktop\level 2\University-Management-System\node_modules\mongoose\lib\query.js:3480:8)
      at model.Query.exec (C:\Users\satay\Desktop\level 2\University-Management-System\node_modules\mongoose\lib\query.js:4404:28),
  valueType: 'Object',
  model: Model { Student },
  level: 'error',
  message: `---GlobalErrorHandler--- Cast to ObjectId failed for value "{ id: '230300001' }" (type Object) at path "_id" for model "Student"`,
  stack: `CastError: Cast to ObjectId failed for value "{ id: '230300001' }" (type Object) at path "_id" for model "Student"\n` +
    '    at ObjectId.cast (C:\\Users\\satay\\Desktop\\level 2\\University-Management-System\\node_modules\\mongoose\\lib\\schema\\objectid.js:248:11)\n' +
    '    at ObjectId.SchemaType.applySetters (C:\\Users\\satay\\Desktop\\level 2\\University-Management-System\\node_modules\\mongoose\\lib\\schematype.js:1204:12)\n' +
    '    at ObjectId.SchemaType.castForQuery (C:\\Users\\satay\\Desktop\\level 2\\University-Management-System\\node_modules\\mongoose\\lib\\schematype.js:1616:15)\n' +
    '    at cast (C:\\Users\\satay\\Desktop\\level 2\\University-Management-System\\node_modules\\mongoose\\lib\\cast.js:290:34)\n' +
    '    at model.Query.Query.cast (C:\\Users\\satay\\Desktop\\level 2\\University-Management-System\\node_modules\\mongoose\\lib\\query.js:4874:12)\n' +
    '    at model.Query.Query._castConditions (C:\\Users\\satay\\Desktop\\level 2\\University-Management-System\\node_modules\\mongoose\\lib\\query.js:2210:10)\n' +
    '    at model.Query._findOneAndDelete (C:\\Users\\satay\\Desktop\\level 2\\University-Management-System\\node_modules\\mongoose\\lib\\query.js:3480:8)\n' +
    '    at model.Query.exec (C:\\Users\\satay\\Desktop\\level 2\\University-Management-System\\node_modules\\mongoose\\lib\\query.js:4404:28)\n' +
    '    at processTicksAndRejections (node:internal/process/task_queues:95:5)',
  label: 'UM',
  timestamp: '2023-08-20T16:26:45.420Z'
}
{
  service: 'user-service',
  stringValue: `"{ id: '230300001' }"`,
  messageFormat: undefined,
  kind: 'ObjectId',
  value: { id: '230300001' },
  path: '_id',
  reason: BSONError: Argument passed in must be a string of 12 bytes or a string of 24 hex characters or an integer
      at new ObjectId (C:\Users\satay\Desktop\level 2\University-Management-System\node_modules\bson\src\objectid.ts:88:15)
      at castObjectId (C:\Users\satay\Desktop\level 2\University-Management-System\node_modules\mongoose\lib\cast\objectid.js:25:12)
      at ObjectId.cast (C:\Users\satay\Desktop\level 2\University-Management-System\node_modules\mongoose\lib\schema\objectid.js:246:12)
      at ObjectId.SchemaType.applySetters (C:\Users\satay\Desktop\level 2\University-Management-System\node_modules\mongoose\lib\schematype.js:1204:12)
      at ObjectId.SchemaType.castForQuery (C:\Users\satay\Desktop\level 2\University-Management-System\node_modules\mongoose\lib\schematype.js:1616:15)
      at cast (C:\Users\satay\Desktop\level 2\University-Management-System\node_modules\mongoose\lib\cast.js:290:34)
      at model.Query.Query.cast (C:\Users\satay\Desktop\level 2\University-Management-System\node_modules\mongoose\lib\query.js:4874:12)
      at model.Query.Query._castConditions (C:\Users\satay\Desktop\level 2\University-Management-System\node_modules\mongoose\lib\query.js:2210:10)
      at model.Query._findOneAndDelete (C:\Users\satay\Desktop\level 2\University-Management-System\node_modules\mongoose\lib\query.js:3480:8)
      at model.Query.exec (C:\Users\satay\Desktop\level 2\University-Management-System\node_modules\mongoose\lib\query.js:4404:28),
  valueType: 'Object',
  model: Model { Student },
  level: 'error',
  message: `---GlobalErrorHandler--- Cast to ObjectId failed for value "{ id: '230300001' }" (type Object) at path "_id" for model "Student"`,
  stack: `CastError: Cast to ObjectId failed for value "{ id: '230300001' }" (type Object) at path "_id" for model "Student"\n` +
    '    at ObjectId.cast (C:\\Users\\satay\\Desktop\\level 2\\University-Management-System\\node_modules\\mongoose\\lib\\schema\\objectid.js:248:11)\n' +
    '    at ObjectId.SchemaType.applySetters (C:\\Users\\satay\\Desktop\\level 2\\University-Management-System\\node_modules\\mongoose\\lib\\schematype.js:1204:12)\n' +
    '    at ObjectId.SchemaType.castForQuery (C:\\Users\\satay\\Desktop\\level 2\\University-Management-System\\node_modules\\mongoose\\lib\\schematype.js:1616:15)\n' +
    '    at cast (C:\\Users\\satay\\Desktop\\level 2\\University-Management-System\\node_modules\\mongoose\\lib\\cast.js:290:34)\n' +
    '    at model.Query.Query.cast (C:\\Users\\satay\\Desktop\\level 2\\University-Management-System\\node_modules\\mongoose\\lib\\query.js:4874:12)\n' +
    '    at model.Query.Query._castConditions (C:\\Users\\satay\\Desktop\\level 2\\University-Management-System\\node_modules\\mongoose\\lib\\query.js:2210:10)\n' +
    '    at model.Query._findOneAndDelete (C:\\Users\\satay\\Desktop\\level 2\\University-Management-System\\node_modules\\mongoose\\lib\\query.js:3480:8)\n' +
    '    at model.Query.exec (C:\\Users\\satay\\Desktop\\level 2\\University-Management-System\\node_modules\\mongoose\\lib\\query.js:4404:28)\n' +
    '    at processTicksAndRejections (node:internal/process/task_queues:95:5)',
  label: 'UM',
  timestamp: '2023-08-20T16:26:47.408Z'
}
{
  service: 'user-service',
  stringValue: `"{ id: '230300001' }"`,
  messageFormat: undefined,
  kind: 'ObjectId',
  value: { id: '230300001' },
  path: '_id',
  reason: BSONError: Argument passed in must be a string of 12 bytes or a string of 24 hex characters or an integer
      at new ObjectId (C:\Users\satay\Desktop\level 2\University-Management-System\node_modules\bson\src\objectid.ts:88:15)
      at castObjectId (C:\Users\satay\Desktop\level 2\University-Management-System\node_modules\mongoose\lib\cast\objectid.js:25:12)
      at ObjectId.cast (C:\Users\satay\Desktop\level 2\University-Management-System\node_modules\mongoose\lib\schema\objectid.js:246:12)
      at ObjectId.SchemaType.applySetters (C:\Users\satay\Desktop\level 2\University-Management-System\node_modules\mongoose\lib\schematype.js:1204:12)
      at ObjectId.SchemaType.castForQuery (C:\Users\satay\Desktop\level 2\University-Management-System\node_modules\mongoose\lib\schematype.js:1616:15)
      at cast (C:\Users\satay\Desktop\level 2\University-Management-System\node_modules\mongoose\lib\cast.js:290:34)
      at model.Query.Query.cast (C:\Users\satay\Desktop\level 2\University-Management-System\node_modules\mongoose\lib\query.js:4874:12)
      at model.Query.Query._castConditions (C:\Users\satay\Desktop\level 2\University-Management-System\node_modules\mongoose\lib\query.js:2210:10)
      at model.Query._findOneAndDelete (C:\Users\satay\Desktop\level 2\University-Management-System\node_modules\mongoose\lib\query.js:3480:8)
      at model.Query.exec (C:\Users\satay\Desktop\level 2\University-Management-System\node_modules\mongoose\lib\query.js:4404:28),
  valueType: 'Object',
  model: Model { Student },
  level: 'error',
  message: `---GlobalErrorHandler--- Cast to ObjectId failed for value "{ id: '230300001' }" (type Object) at path "_id" for model "Student"`,
  stack: `CastError: Cast to ObjectId failed for value "{ id: '230300001' }" (type Object) at path "_id" for model "Student"\n` +
    '    at ObjectId.cast (C:\\Users\\satay\\Desktop\\level 2\\University-Management-System\\node_modules\\mongoose\\lib\\schema\\objectid.js:248:11)\n' +
    '    at ObjectId.SchemaType.applySetters (C:\\Users\\satay\\Desktop\\level 2\\University-Management-System\\node_modules\\mongoose\\lib\\schematype.js:1204:12)\n' +
    '    at ObjectId.SchemaType.castForQuery (C:\\Users\\satay\\Desktop\\level 2\\University-Management-System\\node_modules\\mongoose\\lib\\schematype.js:1616:15)\n' +
    '    at cast (C:\\Users\\satay\\Desktop\\level 2\\University-Management-System\\node_modules\\mongoose\\lib\\cast.js:290:34)\n' +
    '    at model.Query.Query.cast (C:\\Users\\satay\\Desktop\\level 2\\University-Management-System\\node_modules\\mongoose\\lib\\query.js:4874:12)\n' +
    '    at model.Query.Query._castConditions (C:\\Users\\satay\\Desktop\\level 2\\University-Management-System\\node_modules\\mongoose\\lib\\query.js:2210:10)\n' +
    '    at model.Query._findOneAndDelete (C:\\Users\\satay\\Desktop\\level 2\\University-Management-System\\node_modules\\mongoose\\lib\\query.js:3480:8)\n' +
    '    at model.Query.exec (C:\\Users\\satay\\Desktop\\level 2\\University-Management-System\\node_modules\\mongoose\\lib\\query.js:4404:28)\n' +
    '    at processTicksAndRejections (node:internal/process/task_queues:95:5)',
  label: 'UM',
  timestamp: '2023-08-20T16:29:58.844Z'
}
{
  service: 'user-service',
  stringValue: `"{ id: '230300001' }"`,
  messageFormat: undefined,
  kind: 'ObjectId',
  value: { id: '230300001' },
  path: '_id',
  reason: BSONError: Argument passed in must be a string of 12 bytes or a string of 24 hex characters or an integer
      at new ObjectId (C:\Users\satay\Desktop\level 2\University-Management-System\node_modules\bson\src\objectid.ts:88:15)
      at castObjectId (C:\Users\satay\Desktop\level 2\University-Management-System\node_modules\mongoose\lib\cast\objectid.js:25:12)
      at ObjectId.cast (C:\Users\satay\Desktop\level 2\University-Management-System\node_modules\mongoose\lib\schema\objectid.js:246:12)
      at ObjectId.SchemaType.applySetters (C:\Users\satay\Desktop\level 2\University-Management-System\node_modules\mongoose\lib\schematype.js:1204:12)
      at ObjectId.SchemaType.castForQuery (C:\Users\satay\Desktop\level 2\University-Management-System\node_modules\mongoose\lib\schematype.js:1616:15)
      at cast (C:\Users\satay\Desktop\level 2\University-Management-System\node_modules\mongoose\lib\cast.js:290:34)
      at model.Query.Query.cast (C:\Users\satay\Desktop\level 2\University-Management-System\node_modules\mongoose\lib\query.js:4874:12)
      at model.Query.Query._castConditions (C:\Users\satay\Desktop\level 2\University-Management-System\node_modules\mongoose\lib\query.js:2210:10)
      at model.Query._findOneAndDelete (C:\Users\satay\Desktop\level 2\University-Management-System\node_modules\mongoose\lib\query.js:3480:8)
      at model.Query.exec (C:\Users\satay\Desktop\level 2\University-Management-System\node_modules\mongoose\lib\query.js:4404:28),
  valueType: 'Object',
  model: Model { Student },
  level: 'error',
  message: `---GlobalErrorHandler--- Cast to ObjectId failed for value "{ id: '230300001' }" (type Object) at path "_id" for model "Student"`,
  stack: `CastError: Cast to ObjectId failed for value "{ id: '230300001' }" (type Object) at path "_id" for model "Student"\n` +
    '    at ObjectId.cast (C:\\Users\\satay\\Desktop\\level 2\\University-Management-System\\node_modules\\mongoose\\lib\\schema\\objectid.js:248:11)\n' +
    '    at ObjectId.SchemaType.applySetters (C:\\Users\\satay\\Desktop\\level 2\\University-Management-System\\node_modules\\mongoose\\lib\\schematype.js:1204:12)\n' +
    '    at ObjectId.SchemaType.castForQuery (C:\\Users\\satay\\Desktop\\level 2\\University-Management-System\\node_modules\\mongoose\\lib\\schematype.js:1616:15)\n' +
    '    at cast (C:\\Users\\satay\\Desktop\\level 2\\University-Management-System\\node_modules\\mongoose\\lib\\cast.js:290:34)\n' +
    '    at model.Query.Query.cast (C:\\Users\\satay\\Desktop\\level 2\\University-Management-System\\node_modules\\mongoose\\lib\\query.js:4874:12)\n' +
    '    at model.Query.Query._castConditions (C:\\Users\\satay\\Desktop\\level 2\\University-Management-System\\node_modules\\mongoose\\lib\\query.js:2210:10)\n' +
    '    at model.Query._findOneAndDelete (C:\\Users\\satay\\Desktop\\level 2\\University-Management-System\\node_modules\\mongoose\\lib\\query.js:3480:8)\n' +
    '    at model.Query.exec (C:\\Users\\satay\\Desktop\\level 2\\University-Management-System\\node_modules\\mongoose\\lib\\query.js:4404:28)\n' +
    '    at processTicksAndRejections (node:internal/process/task_queues:95:5)',
  label: 'UM',
  timestamp: '2023-08-20T16:30:00.698Z'
}
{
  service: 'user-service',
  stringValue: `"{ id: '230300001' }"`,
  messageFormat: undefined,
  kind: 'ObjectId',
  value: { id: '230300001' },
  path: '_id',
  reason: BSONError: Argument passed in must be a string of 12 bytes or a string of 24 hex characters or an integer
      at new ObjectId (C:\Users\satay\Desktop\level 2\University-Management-System\node_modules\bson\src\objectid.ts:88:15)
      at castObjectId (C:\Users\satay\Desktop\level 2\University-Management-System\node_modules\mongoose\lib\cast\objectid.js:25:12)
      at ObjectId.cast (C:\Users\satay\Desktop\level 2\University-Management-System\node_modules\mongoose\lib\schema\objectid.js:246:12)
      at ObjectId.SchemaType.applySetters (C:\Users\satay\Desktop\level 2\University-Management-System\node_modules\mongoose\lib\schematype.js:1204:12)
      at ObjectId.SchemaType.castForQuery (C:\Users\satay\Desktop\level 2\University-Management-System\node_modules\mongoose\lib\schematype.js:1616:15)
      at cast (C:\Users\satay\Desktop\level 2\University-Management-System\node_modules\mongoose\lib\cast.js:290:34)
      at model.Query.Query.cast (C:\Users\satay\Desktop\level 2\University-Management-System\node_modules\mongoose\lib\query.js:4874:12)
      at model.Query.Query._castConditions (C:\Users\satay\Desktop\level 2\University-Management-System\node_modules\mongoose\lib\query.js:2210:10)
      at model.Query._findOneAndDelete (C:\Users\satay\Desktop\level 2\University-Management-System\node_modules\mongoose\lib\query.js:3480:8)
      at model.Query.exec (C:\Users\satay\Desktop\level 2\University-Management-System\node_modules\mongoose\lib\query.js:4404:28),
  valueType: 'Object',
  model: Model { Student },
  level: 'error',
  message: `---GlobalErrorHandler--- Cast to ObjectId failed for value "{ id: '230300001' }" (type Object) at path "_id" for model "Student"`,
  stack: `CastError: Cast to ObjectId failed for value "{ id: '230300001' }" (type Object) at path "_id" for model "Student"\n` +
    '    at ObjectId.cast (C:\\Users\\satay\\Desktop\\level 2\\University-Management-System\\node_modules\\mongoose\\lib\\schema\\objectid.js:248:11)\n' +
    '    at ObjectId.SchemaType.applySetters (C:\\Users\\satay\\Desktop\\level 2\\University-Management-System\\node_modules\\mongoose\\lib\\schematype.js:1204:12)\n' +
    '    at ObjectId.SchemaType.castForQuery (C:\\Users\\satay\\Desktop\\level 2\\University-Management-System\\node_modules\\mongoose\\lib\\schematype.js:1616:15)\n' +
    '    at cast (C:\\Users\\satay\\Desktop\\level 2\\University-Management-System\\node_modules\\mongoose\\lib\\cast.js:290:34)\n' +
    '    at model.Query.Query.cast (C:\\Users\\satay\\Desktop\\level 2\\University-Management-System\\node_modules\\mongoose\\lib\\query.js:4874:12)\n' +
    '    at model.Query.Query._castConditions (C:\\Users\\satay\\Desktop\\level 2\\University-Management-System\\node_modules\\mongoose\\lib\\query.js:2210:10)\n' +
    '    at model.Query._findOneAndDelete (C:\\Users\\satay\\Desktop\\level 2\\University-Management-System\\node_modules\\mongoose\\lib\\query.js:3480:8)\n' +
    '    at model.Query.exec (C:\\Users\\satay\\Desktop\\level 2\\University-Management-System\\node_modules\\mongoose\\lib\\query.js:4404:28)\n' +
    '    at processTicksAndRejections (node:internal/process/task_queues:95:5)',
  label: 'UM',
  timestamp: '2023-08-20T16:30:01.999Z'
}
{
  service: 'user-service',
  index: 0,
  code: 11000,
  keyPattern: { email: 1 },
  keyValue: { email: 'e77@gmail.com' },
  level: 'error',
  message: '---GlobalErrorHandler--- E11000 duplicate key error collection: university-managment-sysem.students index: email_1 dup key: { email: "e77@gmail.com" }',
  stack: 'MongoServerError: E11000 duplicate key error collection: university-managment-sysem.students index: email_1 dup key: { email: "e77@gmail.com" }\n' +
    '    at C:\\Users\\satay\\Desktop\\level 2\\University-Management-System\\node_modules\\mongodb\\src\\operations\\insert.ts:85:25\n' +
    '    at C:\\Users\\satay\\Desktop\\level 2\\University-Management-System\\node_modules\\mongodb\\src\\cmap\\connection_pool.ts:574:11\n' +
    '    at C:\\Users\\satay\\Desktop\\level 2\\University-Management-System\\node_modules\\mongodb\\src\\sdam\\server.ts:368:13\n' +
    '    at handleOperationResult (C:\\Users\\satay\\Desktop\\level 2\\University-Management-System\\node_modules\\mongodb\\src\\sdam\\server.ts:502:14)\n' +
    '    at Connection.onMessage (C:\\Users\\satay\\Desktop\\level 2\\University-Management-System\\node_modules\\mongodb\\src\\cmap\\connection.ts:418:5)\n' +
    '    at MessageStream.<anonymous> (C:\\Users\\satay\\Desktop\\level 2\\University-Management-System\\node_modules\\mongodb\\src\\cmap\\connection.ts:243:56)\n' +
    '    at MessageStream.emit (node:events:513:28)\n' +
    '    at processIncomingData (C:\\Users\\satay\\Desktop\\level 2\\University-Management-System\\node_modules\\mongodb\\src\\cmap\\message_stream.ts:187:12)\n' +
    '    at MessageStream._write (C:\\Users\\satay\\Desktop\\level 2\\University-Management-System\\node_modules\\mongodb\\src\\cmap\\message_stream.ts:68:5)\n' +
    '    at writeOrBuffer (node:internal/streams/writable:392:12)',
  label: 'UM',
  timestamp: '2023-08-20T16:30:06.881Z',
  [Symbol(errorLabels)]: Set(0) {}
}
{
  service: 'user-service',
  stringValue: `"{ id: '230300001' }"`,
  messageFormat: undefined,
  kind: 'ObjectId',
  value: { id: '230300001' },
  path: '_id',
  reason: BSONError: Argument passed in must be a string of 12 bytes or a string of 24 hex characters or an integer
      at new ObjectId (C:\Users\satay\Desktop\level 2\University-Management-System\node_modules\bson\src\objectid.ts:88:15)
      at castObjectId (C:\Users\satay\Desktop\level 2\University-Management-System\node_modules\mongoose\lib\cast\objectid.js:25:12)
      at ObjectId.cast (C:\Users\satay\Desktop\level 2\University-Management-System\node_modules\mongoose\lib\schema\objectid.js:246:12)
      at ObjectId.SchemaType.applySetters (C:\Users\satay\Desktop\level 2\University-Management-System\node_modules\mongoose\lib\schematype.js:1204:12)
      at ObjectId.SchemaType.castForQuery (C:\Users\satay\Desktop\level 2\University-Management-System\node_modules\mongoose\lib\schematype.js:1616:15)
      at cast (C:\Users\satay\Desktop\level 2\University-Management-System\node_modules\mongoose\lib\cast.js:290:34)
      at model.Query.Query.cast (C:\Users\satay\Desktop\level 2\University-Management-System\node_modules\mongoose\lib\query.js:4874:12)
      at model.Query.Query._castConditions (C:\Users\satay\Desktop\level 2\University-Management-System\node_modules\mongoose\lib\query.js:2210:10)
      at model.Query._findOneAndDelete (C:\Users\satay\Desktop\level 2\University-Management-System\node_modules\mongoose\lib\query.js:3480:8)
      at model.Query.exec (C:\Users\satay\Desktop\level 2\University-Management-System\node_modules\mongoose\lib\query.js:4404:28),
  valueType: 'Object',
  model: Model { Student },
  level: 'error',
  message: `---GlobalErrorHandler--- Cast to ObjectId failed for value "{ id: '230300001' }" (type Object) at path "_id" for model "Student"`,
  stack: `CastError: Cast to ObjectId failed for value "{ id: '230300001' }" (type Object) at path "_id" for model "Student"\n` +
    '    at ObjectId.cast (C:\\Users\\satay\\Desktop\\level 2\\University-Management-System\\node_modules\\mongoose\\lib\\schema\\objectid.js:248:11)\n' +
    '    at ObjectId.SchemaType.applySetters (C:\\Users\\satay\\Desktop\\level 2\\University-Management-System\\node_modules\\mongoose\\lib\\schematype.js:1204:12)\n' +
    '    at ObjectId.SchemaType.castForQuery (C:\\Users\\satay\\Desktop\\level 2\\University-Management-System\\node_modules\\mongoose\\lib\\schematype.js:1616:15)\n' +
    '    at cast (C:\\Users\\satay\\Desktop\\level 2\\University-Management-System\\node_modules\\mongoose\\lib\\cast.js:290:34)\n' +
    '    at model.Query.Query.cast (C:\\Users\\satay\\Desktop\\level 2\\University-Management-System\\node_modules\\mongoose\\lib\\query.js:4874:12)\n' +
    '    at model.Query.Query._castConditions (C:\\Users\\satay\\Desktop\\level 2\\University-Management-System\\node_modules\\mongoose\\lib\\query.js:2210:10)\n' +
    '    at model.Query._findOneAndDelete (C:\\Users\\satay\\Desktop\\level 2\\University-Management-System\\node_modules\\mongoose\\lib\\query.js:3480:8)\n' +
    '    at model.Query.exec (C:\\Users\\satay\\Desktop\\level 2\\University-Management-System\\node_modules\\mongoose\\lib\\query.js:4404:28)\n' +
    '    at processTicksAndRejections (node:internal/process/task_queues:95:5)',
  label: 'UM',
  timestamp: '2023-08-20T16:30:52.069Z'
}
{
  ok: 0,
  code: 251,
  codeName: 'NoSuchTransaction',
  '$clusterTime': {
    clusterTime: new Timestamp({ t: 1692549092, i: 9 }),
    signature: {
      hash: Binary.createFromBase64("6I6oqMX4IXxWk0kUYETz4RbpPic=", 0),
      keyId: new Long("7229333744841129986")
    }
  },
  operationTime: new Timestamp({ t: 1692549092, i: 9 }),
  level: 'error',
  service: 'user-service',
  label: 'UM',
  timestamp: '2023-08-20T16:31:36.097Z',
  [Symbol(errorLabels)]: Set(1) { 'TransientTransactionError' }
}
{
  level: 'error',
  service: 'user-service',
  label: 'UM',
  timestamp: '2023-08-20T16:36:57.418Z',
  [Symbol(errorLabels)]: Set(0) {}
}
{
  level: 'error',
  service: 'user-service',
  label: 'UM',
  timestamp: '2023-08-20T16:38:58.902Z',
  [Symbol(errorLabels)]: Set(0) {}
}
{
  service: 'user-service',
  statusCode: 404,
  level: 'error',
  message: '---GlobalErrorHandler--- Faculty not found !',
  stack: 'Error: Faculty not found !\n' +
    '    at C:\\Users\\satay\\Desktop\\level 2\\University-Management-System\\src\\app\\modules\\faculty\\faculty.service.ts:104:11\n' +
    '    at Generator.next (<anonymous>)\n' +
    '    at fulfilled (C:\\Users\\satay\\Desktop\\level 2\\University-Management-System\\src\\app\\modules\\faculty\\faculty.service.ts:5:58)\n' +
    '    at processTicksAndRejections (node:internal/process/task_queues:95:5)',
  label: 'UM',
  timestamp: '2023-08-20T16:40:03.888Z'
}
{
  service: 'user-service',
  index: 0,
  code: 11000,
  keyPattern: { email: 1 },
  keyValue: { email: 'e77@gmail.com' },
  level: 'error',
  message: '---GlobalErrorHandler--- E11000 duplicate key error collection: university-managment-sysem.students index: email_1 dup key: { email: "e77@gmail.com" }',
  stack: 'MongoServerError: E11000 duplicate key error collection: university-managment-sysem.students index: email_1 dup key: { email: "e77@gmail.com" }\n' +
    '    at C:\\Users\\satay\\Desktop\\level 2\\University-Management-System\\node_modules\\mongodb\\src\\operations\\insert.ts:85:25\n' +
    '    at C:\\Users\\satay\\Desktop\\level 2\\University-Management-System\\node_modules\\mongodb\\src\\cmap\\connection_pool.ts:574:11\n' +
    '    at C:\\Users\\satay\\Desktop\\level 2\\University-Management-System\\node_modules\\mongodb\\src\\sdam\\server.ts:368:13\n' +
    '    at handleOperationResult (C:\\Users\\satay\\Desktop\\level 2\\University-Management-System\\node_modules\\mongodb\\src\\sdam\\server.ts:502:14)\n' +
    '    at Connection.onMessage (C:\\Users\\satay\\Desktop\\level 2\\University-Management-System\\node_modules\\mongodb\\src\\cmap\\connection.ts:418:5)\n' +
    '    at MessageStream.<anonymous> (C:\\Users\\satay\\Desktop\\level 2\\University-Management-System\\node_modules\\mongodb\\src\\cmap\\connection.ts:243:56)\n' +
    '    at MessageStream.emit (node:events:513:28)\n' +
    '    at processIncomingData (C:\\Users\\satay\\Desktop\\level 2\\University-Management-System\\node_modules\\mongodb\\src\\cmap\\message_stream.ts:187:12)\n' +
    '    at MessageStream._write (C:\\Users\\satay\\Desktop\\level 2\\University-Management-System\\node_modules\\mongodb\\src\\cmap\\message_stream.ts:68:5)\n' +
    '    at writeOrBuffer (node:internal/streams/writable:392:12)',
  label: 'UM',
  timestamp: '2023-08-20T16:41:59.691Z',
  [Symbol(errorLabels)]: Set(0) {}
}
{
  service: 'user-service',
  statusCode: 404,
  level: 'error',
  message: '---GlobalErrorHandler--- User does not exist...',
  stack: 'Error: User does not exist...\n' +
    '    at C:\\Users\\satay\\Desktop\\level 2\\University-Management-System\\src\\app\\modules\\auth\\auth.service.ts:27:11\n' +
    '    at Generator.next (<anonymous>)\n' +
    '    at fulfilled (C:\\Users\\satay\\Desktop\\level 2\\University-Management-System\\src\\app\\modules\\auth\\auth.service.ts:5:58)\n' +
    '    at processTicksAndRejections (node:internal/process/task_queues:95:5)',
  label: 'UM',
  timestamp: '2023-08-20T16:42:34.114Z'
}
{
  service: 'user-service',
  statusCode: 404,
  level: 'error',
  message: '---GlobalErrorHandler--- User does not exist...',
  stack: 'Error: User does not exist...\n' +
    '    at C:\\Users\\satay\\Desktop\\level 2\\University-Management-System\\src\\app\\modules\\auth\\auth.service.ts:103:11\n' +
    '    at Generator.next (<anonymous>)\n' +
    '    at fulfilled (C:\\Users\\satay\\Desktop\\level 2\\University-Management-System\\src\\app\\modules\\auth\\auth.service.ts:5:58)\n' +
    '    at processTicksAndRejections (node:internal/process/task_queues:95:5)',
  label: 'UM',
  timestamp: '2023-08-20T16:43:05.330Z'
}
{
  service: 'user-service',
  statusCode: 404,
  level: 'error',
  message: '---GlobalErrorHandler--- User does not exist...',
  stack: 'Error: User does not exist...\n' +
    '    at C:\\Users\\satay\\Desktop\\level 2\\University-Management-System\\src\\app\\modules\\auth\\auth.service.ts:27:11\n' +
    '    at Generator.next (<anonymous>)\n' +
    '    at fulfilled (C:\\Users\\satay\\Desktop\\level 2\\University-Management-System\\src\\app\\modules\\auth\\auth.service.ts:5:58)\n' +
    '    at processTicksAndRejections (node:internal/process/task_queues:95:5)',
  label: 'UM',
  timestamp: '2023-08-20T16:44:16.773Z'
}
{
  service: 'user-service',
  index: 0,
  code: 11000,
  keyPattern: { email: 1 },
  keyValue: { email: 'e77@gmail.com' },
  level: 'error',
  message: '---GlobalErrorHandler--- E11000 duplicate key error collection: university-managment-sysem.students index: email_1 dup key: { email: "e77@gmail.com" }',
  stack: 'MongoServerError: E11000 duplicate key error collection: university-managment-sysem.students index: email_1 dup key: { email: "e77@gmail.com" }\n' +
    '    at C:\\Users\\satay\\Desktop\\level 2\\University-Management-System\\node_modules\\mongodb\\src\\operations\\insert.ts:85:25\n' +
    '    at C:\\Users\\satay\\Desktop\\level 2\\University-Management-System\\node_modules\\mongodb\\src\\cmap\\connection_pool.ts:574:11\n' +
    '    at C:\\Users\\satay\\Desktop\\level 2\\University-Management-System\\node_modules\\mongodb\\src\\sdam\\server.ts:368:13\n' +
    '    at handleOperationResult (C:\\Users\\satay\\Desktop\\level 2\\University-Management-System\\node_modules\\mongodb\\src\\sdam\\server.ts:502:14)\n' +
    '    at Connection.onMessage (C:\\Users\\satay\\Desktop\\level 2\\University-Management-System\\node_modules\\mongodb\\src\\cmap\\connection.ts:418:5)\n' +
    '    at MessageStream.<anonymous> (C:\\Users\\satay\\Desktop\\level 2\\University-Management-System\\node_modules\\mongodb\\src\\cmap\\connection.ts:243:56)\n' +
    '    at MessageStream.emit (node:events:513:28)\n' +
    '    at processIncomingData (C:\\Users\\satay\\Desktop\\level 2\\University-Management-System\\node_modules\\mongodb\\src\\cmap\\message_stream.ts:187:12)\n' +
    '    at MessageStream._write (C:\\Users\\satay\\Desktop\\level 2\\University-Management-System\\node_modules\\mongodb\\src\\cmap\\message_stream.ts:68:5)\n' +
    '    at writeOrBuffer (node:internal/streams/writable:392:12)',
  label: 'UM',
  timestamp: '2023-08-20T16:45:20.944Z',
  [Symbol(errorLabels)]: Set(0) {}
}
