{
  service: 'user-service',
  issues: [
    {
      code: 'invalid_type',
      expected: 'number',
      received: 'string',
      path: [ 'body', 'year' ],
      message: 'Expected number, received string'
    },
    {
      expected: "'January' | 'February' | 'March' | 'April' | 'May' | 'June' | 'July' | 'August' | 'September' | 'October' | 'November' | 'December'",
      received: 'undefined',
      code: 'invalid_type',
      path: [ 'startMonth' ],
      message: 'startMonth is required'
    },
    {
      expected: "'January' | 'February' | 'March' | 'April' | 'May' | 'June' | 'July' | 'August' | 'September' | 'October' | 'November' | 'December'",
      received: 'undefined',
      code: 'invalid_type',
      path: [ 'endMonth' ],
      message: 'endMonth is required'
    }
  ],
  addIssue: [Function (anonymous)],
  addIssues: [Function (anonymous)],
  name: 'ZodError',
  level: 'error',
  message: '---GlobalErrorHandler--- [\n' +
    '  {\n' +
    '    "code": "invalid_type",\n' +
    '    "expected": "number",\n' +
    '    "received": "string",\n' +
    '    "path": [\n' +
    '      "body",\n' +
    '      "year"\n' +
    '    ],\n' +
    '    "message": "Expected number, received string"\n' +
    '  },\n' +
    '  {\n' +
    `    "expected": "'January' | 'February' | 'March' | 'April' | 'May' | 'June' | 'July' | 'August' | 'September' | 'October' | 'November' | 'December'",\n` +
    '    "received": "undefined",\n' +
    '    "code": "invalid_type",\n' +
    '    "path": [\n' +
    '      "startMonth"\n' +
    '    ],\n' +
    '    "message": "startMonth is required"\n' +
    '  },\n' +
    '  {\n' +
    `    "expected": "'January' | 'February' | 'March' | 'April' | 'May' | 'June' | 'July' | 'August' | 'September' | 'October' | 'November' | 'December'",\n` +
    '    "received": "undefined",\n' +
    '    "code": "invalid_type",\n' +
    '    "path": [\n' +
    '      "endMonth"\n' +
    '    ],\n' +
    '    "message": "endMonth is required"\n' +
    '  }\n' +
    ']',
  stack: 'ZodError: [\n' +
    '  {\n' +
    '    "code": "invalid_type",\n' +
    '    "expected": "number",\n' +
    '    "received": "string",\n' +
    '    "path": [\n' +
    '      "body",\n' +
    '      "year"\n' +
    '    ],\n' +
    '    "message": "Expected number, received string"\n' +
    '  },\n' +
    '  {\n' +
    `    "expected": "'January' | 'February' | 'March' | 'April' | 'May' | 'June' | 'July' | 'August' | 'September' | 'October' | 'November' | 'December'",\n` +
    '    "received": "undefined",\n' +
    '    "code": "invalid_type",\n' +
    '    "path": [\n' +
    '      "startMonth"\n' +
    '    ],\n' +
    '    "message": "startMonth is required"\n' +
    '  },\n' +
    '  {\n' +
    `    "expected": "'January' | 'February' | 'March' | 'April' | 'May' | 'June' | 'July' | 'August' | 'September' | 'October' | 'November' | 'December'",\n` +
    '    "received": "undefined",\n' +
    '    "code": "invalid_type",\n' +
    '    "path": [\n' +
    '      "endMonth"\n' +
    '    ],\n' +
    '    "message": "endMonth is required"\n' +
    '  }\n' +
    ']\n' +
    '    at Object.get error [as error] (C:\\Users\\satay\\Desktop\\level 2\\University-Management-System\\node_modules\\zod\\lib\\types.js:43:31)\n' +
    '    at ZodObject.parseAsync (C:\\Users\\satay\\Desktop\\level 2\\University-Management-System\\node_modules\\zod\\lib\\types.js:164:22)\n' +
    '    at processTicksAndRejections (node:internal/process/task_queues:95:5)',
  label: 'UM',
  timestamp: '2023-07-31T20:44:27.474Z'
}
{
  service: 'user-service',
  issues: [
    {
      expected: "'January' | 'February' | 'March' | 'April' | 'May' | 'June' | 'July' | 'August' | 'September' | 'October' | 'November' | 'December'",
      received: 'undefined',
      code: 'invalid_type',
      path: [ 'startMonth' ],
      message: 'startMonth is required'
    },
    {
      expected: "'January' | 'February' | 'March' | 'April' | 'May' | 'June' | 'July' | 'August' | 'September' | 'October' | 'November' | 'December'",
      received: 'undefined',
      code: 'invalid_type',
      path: [ 'endMonth' ],
      message: 'endMonth is required'
    }
  ],
  addIssue: [Function (anonymous)],
  addIssues: [Function (anonymous)],
  name: 'ZodError',
  level: 'error',
  message: '---GlobalErrorHandler--- [\n' +
    '  {\n' +
    `    "expected": "'January' | 'February' | 'March' | 'April' | 'May' | 'June' | 'July' | 'August' | 'September' | 'October' | 'November' | 'December'",\n` +
    '    "received": "undefined",\n' +
    '    "code": "invalid_type",\n' +
    '    "path": [\n' +
    '      "startMonth"\n' +
    '    ],\n' +
    '    "message": "startMonth is required"\n' +
    '  },\n' +
    '  {\n' +
    `    "expected": "'January' | 'February' | 'March' | 'April' | 'May' | 'June' | 'July' | 'August' | 'September' | 'October' | 'November' | 'December'",\n` +
    '    "received": "undefined",\n' +
    '    "code": "invalid_type",\n' +
    '    "path": [\n' +
    '      "endMonth"\n' +
    '    ],\n' +
    '    "message": "endMonth is required"\n' +
    '  }\n' +
    ']',
  stack: 'ZodError: [\n' +
    '  {\n' +
    `    "expected": "'January' | 'February' | 'March' | 'April' | 'May' | 'June' | 'July' | 'August' | 'September' | 'October' | 'November' | 'December'",\n` +
    '    "received": "undefined",\n' +
    '    "code": "invalid_type",\n' +
    '    "path": [\n' +
    '      "startMonth"\n' +
    '    ],\n' +
    '    "message": "startMonth is required"\n' +
    '  },\n' +
    '  {\n' +
    `    "expected": "'January' | 'February' | 'March' | 'April' | 'May' | 'June' | 'July' | 'August' | 'September' | 'October' | 'November' | 'December'",\n` +
    '    "received": "undefined",\n' +
    '    "code": "invalid_type",\n' +
    '    "path": [\n' +
    '      "endMonth"\n' +
    '    ],\n' +
    '    "message": "endMonth is required"\n' +
    '  }\n' +
    ']\n' +
    '    at Object.get error [as error] (C:\\Users\\satay\\Desktop\\level 2\\University-Management-System\\node_modules\\zod\\lib\\types.js:43:31)\n' +
    '    at ZodObject.parseAsync (C:\\Users\\satay\\Desktop\\level 2\\University-Management-System\\node_modules\\zod\\lib\\types.js:164:22)\n' +
    '    at processTicksAndRejections (node:internal/process/task_queues:95:5)',
  label: 'UM',
  timestamp: '2023-07-31T20:45:29.996Z'
}
{
  service: 'user-service',
  issues: [
    {
      received: 'may',
      code: 'invalid_enum_value',
      options: [
        'January',   'February',
        'March',     'April',
        'May',       'June',
        'July',      'August',
        'September', 'October',
        'November',  'December'
      ],
      path: [ 'body', 'endMonth' ],
      message: "Invalid enum value. Expected 'January' | 'February' | 'March' | 'April' | 'May' | 'June' | 'July' | 'August' | 'September' | 'October' | 'November' | 'December', received 'may'"
    }
  ],
  addIssue: [Function (anonymous)],
  addIssues: [Function (anonymous)],
  name: 'ZodError',
  level: 'error',
  message: '---GlobalErrorHandler--- [\n' +
    '  {\n' +
    '    "received": "may",\n' +
    '    "code": "invalid_enum_value",\n' +
    '    "options": [\n' +
    '      "January",\n' +
    '      "February",\n' +
    '      "March",\n' +
    '      "April",\n' +
    '      "May",\n' +
    '      "June",\n' +
    '      "July",\n' +
    '      "August",\n' +
    '      "September",\n' +
    '      "October",\n' +
    '      "November",\n' +
    '      "December"\n' +
    '    ],\n' +
    '    "path": [\n' +
    '      "body",\n' +
    '      "endMonth"\n' +
    '    ],\n' +
    `    "message": "Invalid enum value. Expected 'January' | 'February' | 'March' | 'April' | 'May' | 'June' | 'July' | 'August' | 'September' | 'October' | 'November' | 'December', received 'may'"\n` +
    '  }\n' +
    ']',
  stack: 'ZodError: [\n' +
    '  {\n' +
    '    "received": "may",\n' +
    '    "code": "invalid_enum_value",\n' +
    '    "options": [\n' +
    '      "January",\n' +
    '      "February",\n' +
    '      "March",\n' +
    '      "April",\n' +
    '      "May",\n' +
    '      "June",\n' +
    '      "July",\n' +
    '      "August",\n' +
    '      "September",\n' +
    '      "October",\n' +
    '      "November",\n' +
    '      "December"\n' +
    '    ],\n' +
    '    "path": [\n' +
    '      "body",\n' +
    '      "endMonth"\n' +
    '    ],\n' +
    `    "message": "Invalid enum value. Expected 'January' | 'February' | 'March' | 'April' | 'May' | 'June' | 'July' | 'August' | 'September' | 'October' | 'November' | 'December', received 'may'"\n` +
    '  }\n' +
    ']\n' +
    '    at Object.get error [as error] (C:\\Users\\satay\\Desktop\\level 2\\University-Management-System\\node_modules\\zod\\lib\\types.js:43:31)\n' +
    '    at ZodObject.parseAsync (C:\\Users\\satay\\Desktop\\level 2\\University-Management-System\\node_modules\\zod\\lib\\types.js:164:22)\n' +
    '    at processTicksAndRejections (node:internal/process/task_queues:95:5)',
  label: 'UM',
  timestamp: '2023-07-31T20:46:54.721Z'
}
{
  service: 'user-service',
  errors: {
    starMonth: ValidatorError: Path `starMonth` is required.
        at validate (C:\Users\satay\Desktop\level 2\University-Management-System\node_modules\mongoose\lib\schematype.js:1349:13)
        at SchemaString.SchemaType.doValidate (C:\Users\satay\Desktop\level 2\University-Management-System\node_modules\mongoose\lib\schematype.js:1333:7)
        at C:\Users\satay\Desktop\level 2\University-Management-System\node_modules\mongoose\lib\document.js:2932:18
        at processTicksAndRejections (node:internal/process/task_queues:77:11) {
      properties: {
        validator: [Function (anonymous)],
        message: 'Path `starMonth` is required.',
        type: 'required',
        path: 'starMonth',
        value: undefined
      },
      kind: 'required',
      path: 'starMonth',
      value: undefined,
      reason: undefined,
      [Symbol(mongoose:validatorError)]: true
    }
  },
  _message: 'AcademicSemester validation failed',
  level: 'error',
  message: '---GlobalErrorHandler--- AcademicSemester validation failed: starMonth: Path `starMonth` is required.',
  stack: 'ValidationError: AcademicSemester validation failed: starMonth: Path `starMonth` is required.\n' +
    '    at model.Document.invalidate (C:\\Users\\satay\\Desktop\\level 2\\University-Management-System\\node_modules\\mongoose\\lib\\document.js:3147:32)\n' +
    '    at C:\\Users\\satay\\Desktop\\level 2\\University-Management-System\\node_modules\\mongoose\\lib\\document.js:2940:17\n' +
    '    at C:\\Users\\satay\\Desktop\\level 2\\University-Management-System\\node_modules\\mongoose\\lib\\schematype.js:1352:9\n' +
    '    at processTicksAndRejections (node:internal/process/task_queues:77:11)',
  label: 'UM',
  timestamp: '2023-07-31T20:47:19.639Z'
}
{
  service: 'user-service',
  errors: {
    starMonth: ValidatorError: Path `starMonth` is required.
        at validate (C:\Users\satay\Desktop\level 2\University-Management-System\node_modules\mongoose\lib\schematype.js:1349:13)
        at SchemaString.SchemaType.doValidate (C:\Users\satay\Desktop\level 2\University-Management-System\node_modules\mongoose\lib\schematype.js:1333:7)
        at C:\Users\satay\Desktop\level 2\University-Management-System\node_modules\mongoose\lib\document.js:2932:18
        at processTicksAndRejections (node:internal/process/task_queues:77:11) {
      properties: {
        validator: [Function (anonymous)],
        message: 'Path `starMonth` is required.',
        type: 'required',
        path: 'starMonth',
        value: undefined
      },
      kind: 'required',
      path: 'starMonth',
      value: undefined,
      reason: undefined,
      [Symbol(mongoose:validatorError)]: true
    }
  },
  _message: 'AcademicSemester validation failed',
  level: 'error',
  message: '---GlobalErrorHandler--- AcademicSemester validation failed: starMonth: Path `starMonth` is required.',
  stack: 'ValidationError: AcademicSemester validation failed: starMonth: Path `starMonth` is required.\n' +
    '    at model.Document.invalidate (C:\\Users\\satay\\Desktop\\level 2\\University-Management-System\\node_modules\\mongoose\\lib\\document.js:3147:32)\n' +
    '    at C:\\Users\\satay\\Desktop\\level 2\\University-Management-System\\node_modules\\mongoose\\lib\\document.js:2940:17\n' +
    '    at C:\\Users\\satay\\Desktop\\level 2\\University-Management-System\\node_modules\\mongoose\\lib\\schematype.js:1352:9\n' +
    '    at processTicksAndRejections (node:internal/process/task_queues:77:11)',
  label: 'UM',
  timestamp: '2023-07-31T20:47:44.994Z'
}
{
  service: 'user-service',
  errors: {
    starMonth: ValidatorError: Path `starMonth` is required.
        at validate (C:\Users\satay\Desktop\level 2\University-Management-System\node_modules\mongoose\lib\schematype.js:1349:13)
        at SchemaString.SchemaType.doValidate (C:\Users\satay\Desktop\level 2\University-Management-System\node_modules\mongoose\lib\schematype.js:1333:7)
        at C:\Users\satay\Desktop\level 2\University-Management-System\node_modules\mongoose\lib\document.js:2932:18
        at processTicksAndRejections (node:internal/process/task_queues:77:11) {
      properties: {
        validator: [Function (anonymous)],
        message: 'Path `starMonth` is required.',
        type: 'required',
        path: 'starMonth',
        value: undefined
      },
      kind: 'required',
      path: 'starMonth',
      value: undefined,
      reason: undefined,
      [Symbol(mongoose:validatorError)]: true
    }
  },
  _message: 'AcademicSemester validation failed',
  level: 'error',
  message: '---GlobalErrorHandler--- AcademicSemester validation failed: starMonth: Path `starMonth` is required.',
  stack: 'ValidationError: AcademicSemester validation failed: starMonth: Path `starMonth` is required.\n' +
    '    at model.Document.invalidate (C:\\Users\\satay\\Desktop\\level 2\\University-Management-System\\node_modules\\mongoose\\lib\\document.js:3147:32)\n' +
    '    at C:\\Users\\satay\\Desktop\\level 2\\University-Management-System\\node_modules\\mongoose\\lib\\document.js:2940:17\n' +
    '    at C:\\Users\\satay\\Desktop\\level 2\\University-Management-System\\node_modules\\mongoose\\lib\\schematype.js:1352:9\n' +
    '    at processTicksAndRejections (node:internal/process/task_queues:77:11)',
  label: 'UM',
  timestamp: '2023-07-31T20:49:03.101Z'
}
{
  service: 'user-service',
  errors: {
    starMonth: ValidatorError: Path `starMonth` is required.
        at validate (C:\Users\satay\Desktop\level 2\University-Management-System\node_modules\mongoose\lib\schematype.js:1349:13)
        at SchemaString.SchemaType.doValidate (C:\Users\satay\Desktop\level 2\University-Management-System\node_modules\mongoose\lib\schematype.js:1333:7)
        at C:\Users\satay\Desktop\level 2\University-Management-System\node_modules\mongoose\lib\document.js:2932:18
        at processTicksAndRejections (node:internal/process/task_queues:77:11) {
      properties: {
        validator: [Function (anonymous)],
        message: 'Path `starMonth` is required.',
        type: 'required',
        path: 'starMonth',
        value: undefined
      },
      kind: 'required',
      path: 'starMonth',
      value: undefined,
      reason: undefined,
      [Symbol(mongoose:validatorError)]: true
    }
  },
  _message: 'AcademicSemester validation failed',
  level: 'error',
  message: '---GlobalErrorHandler--- AcademicSemester validation failed: starMonth: Path `starMonth` is required.',
  stack: 'ValidationError: AcademicSemester validation failed: starMonth: Path `starMonth` is required.\n' +
    '    at model.Document.invalidate (C:\\Users\\satay\\Desktop\\level 2\\University-Management-System\\node_modules\\mongoose\\lib\\document.js:3147:32)\n' +
    '    at C:\\Users\\satay\\Desktop\\level 2\\University-Management-System\\node_modules\\mongoose\\lib\\document.js:2940:17\n' +
    '    at C:\\Users\\satay\\Desktop\\level 2\\University-Management-System\\node_modules\\mongoose\\lib\\schematype.js:1352:9\n' +
    '    at processTicksAndRejections (node:internal/process/task_queues:77:11)',
  label: 'UM',
  timestamp: '2023-07-31T20:49:04.133Z'
}
{
  service: 'user-service',
  errors: {
    starMonth: ValidatorError: Path `starMonth` is required.
        at validate (C:\Users\satay\Desktop\level 2\University-Management-System\node_modules\mongoose\lib\schematype.js:1349:13)
        at SchemaString.SchemaType.doValidate (C:\Users\satay\Desktop\level 2\University-Management-System\node_modules\mongoose\lib\schematype.js:1333:7)
        at C:\Users\satay\Desktop\level 2\University-Management-System\node_modules\mongoose\lib\document.js:2932:18
        at processTicksAndRejections (node:internal/process/task_queues:77:11) {
      properties: {
        validator: [Function (anonymous)],
        message: 'Path `starMonth` is required.',
        type: 'required',
        path: 'starMonth',
        value: undefined
      },
      kind: 'required',
      path: 'starMonth',
      value: undefined,
      reason: undefined,
      [Symbol(mongoose:validatorError)]: true
    }
  },
  _message: 'AcademicSemester validation failed',
  level: 'error',
  message: '---GlobalErrorHandler--- AcademicSemester validation failed: starMonth: Path `starMonth` is required.',
  stack: 'ValidationError: AcademicSemester validation failed: starMonth: Path `starMonth` is required.\n' +
    '    at model.Document.invalidate (C:\\Users\\satay\\Desktop\\level 2\\University-Management-System\\node_modules\\mongoose\\lib\\document.js:3147:32)\n' +
    '    at C:\\Users\\satay\\Desktop\\level 2\\University-Management-System\\node_modules\\mongoose\\lib\\document.js:2940:17\n' +
    '    at C:\\Users\\satay\\Desktop\\level 2\\University-Management-System\\node_modules\\mongoose\\lib\\schematype.js:1352:9\n' +
    '    at processTicksAndRejections (node:internal/process/task_queues:77:11)',
  label: 'UM',
  timestamp: '2023-07-31T20:49:05.590Z'
}
{
  service: 'user-service',
  issues: [
    {
      expected: "'January' | 'February' | 'March' | 'April' | 'May' | 'June' | 'July' | 'August' | 'September' | 'October' | 'November' | 'December'",
      received: 'undefined',
      code: 'invalid_type',
      path: [ 'body', 'startMonth' ],
      message: 'startMonth is required'
    }
  ],
  addIssue: [Function (anonymous)],
  addIssues: [Function (anonymous)],
  name: 'ZodError',
  level: 'error',
  message: '---GlobalErrorHandler--- [\n' +
    '  {\n' +
    `    "expected": "'January' | 'February' | 'March' | 'April' | 'May' | 'June' | 'July' | 'August' | 'September' | 'October' | 'November' | 'December'",\n` +
    '    "received": "undefined",\n' +
    '    "code": "invalid_type",\n' +
    '    "path": [\n' +
    '      "body",\n' +
    '      "startMonth"\n' +
    '    ],\n' +
    '    "message": "startMonth is required"\n' +
    '  }\n' +
    ']',
  stack: 'ZodError: [\n' +
    '  {\n' +
    `    "expected": "'January' | 'February' | 'March' | 'April' | 'May' | 'June' | 'July' | 'August' | 'September' | 'October' | 'November' | 'December'",\n` +
    '    "received": "undefined",\n' +
    '    "code": "invalid_type",\n' +
    '    "path": [\n' +
    '      "body",\n' +
    '      "startMonth"\n' +
    '    ],\n' +
    '    "message": "startMonth is required"\n' +
    '  }\n' +
    ']\n' +
    '    at Object.get error [as error] (C:\\Users\\satay\\Desktop\\level 2\\University-Management-System\\node_modules\\zod\\lib\\types.js:43:31)\n' +
    '    at ZodObject.parseAsync (C:\\Users\\satay\\Desktop\\level 2\\University-Management-System\\node_modules\\zod\\lib\\types.js:164:22)\n' +
    '    at processTicksAndRejections (node:internal/process/task_queues:95:5)',
  label: 'UM',
  timestamp: '2023-07-31T20:49:18.018Z'
}
{
  service: 'user-service',
  issues: [
    {
      expected: "'January' | 'February' | 'March' | 'April' | 'May' | 'June' | 'July' | 'August' | 'September' | 'October' | 'November' | 'December'",
      received: 'undefined',
      code: 'invalid_type',
      path: [ 'body', 'startMonth' ],
      message: 'startMonth is required'
    }
  ],
  addIssue: [Function (anonymous)],
  addIssues: [Function (anonymous)],
  name: 'ZodError',
  level: 'error',
  message: '---GlobalErrorHandler--- [\n' +
    '  {\n' +
    `    "expected": "'January' | 'February' | 'March' | 'April' | 'May' | 'June' | 'July' | 'August' | 'September' | 'October' | 'November' | 'December'",\n` +
    '    "received": "undefined",\n' +
    '    "code": "invalid_type",\n' +
    '    "path": [\n' +
    '      "body",\n' +
    '      "startMonth"\n' +
    '    ],\n' +
    '    "message": "startMonth is required"\n' +
    '  }\n' +
    ']',
  stack: 'ZodError: [\n' +
    '  {\n' +
    `    "expected": "'January' | 'February' | 'March' | 'April' | 'May' | 'June' | 'July' | 'August' | 'September' | 'October' | 'November' | 'December'",\n` +
    '    "received": "undefined",\n' +
    '    "code": "invalid_type",\n' +
    '    "path": [\n' +
    '      "body",\n' +
    '      "startMonth"\n' +
    '    ],\n' +
    '    "message": "startMonth is required"\n' +
    '  }\n' +
    ']\n' +
    '    at Object.get error [as error] (C:\\Users\\satay\\Desktop\\level 2\\University-Management-System\\node_modules\\zod\\lib\\types.js:43:31)\n' +
    '    at ZodObject.parseAsync (C:\\Users\\satay\\Desktop\\level 2\\University-Management-System\\node_modules\\zod\\lib\\types.js:164:22)\n' +
    '    at processTicksAndRejections (node:internal/process/task_queues:95:5)',
  label: 'UM',
  timestamp: '2023-07-31T20:49:20.142Z'
}
{
  service: 'user-service',
  issues: [
    {
      expected: "'January' | 'February' | 'March' | 'April' | 'May' | 'June' | 'July' | 'August' | 'September' | 'October' | 'November' | 'December'",
      received: 'undefined',
      code: 'invalid_type',
      path: [ 'body', 'startMonth' ],
      message: 'startMonth is required'
    }
  ],
  addIssue: [Function (anonymous)],
  addIssues: [Function (anonymous)],
  name: 'ZodError',
  level: 'error',
  message: '---GlobalErrorHandler--- [\n' +
    '  {\n' +
    `    "expected": "'January' | 'February' | 'March' | 'April' | 'May' | 'June' | 'July' | 'August' | 'September' | 'October' | 'November' | 'December'",\n` +
    '    "received": "undefined",\n' +
    '    "code": "invalid_type",\n' +
    '    "path": [\n' +
    '      "body",\n' +
    '      "startMonth"\n' +
    '    ],\n' +
    '    "message": "startMonth is required"\n' +
    '  }\n' +
    ']',
  stack: 'ZodError: [\n' +
    '  {\n' +
    `    "expected": "'January' | 'February' | 'March' | 'April' | 'May' | 'June' | 'July' | 'August' | 'September' | 'October' | 'November' | 'December'",\n` +
    '    "received": "undefined",\n' +
    '    "code": "invalid_type",\n' +
    '    "path": [\n' +
    '      "body",\n' +
    '      "startMonth"\n' +
    '    ],\n' +
    '    "message": "startMonth is required"\n' +
    '  }\n' +
    ']\n' +
    '    at Object.get error [as error] (C:\\Users\\satay\\Desktop\\level 2\\University-Management-System\\node_modules\\zod\\lib\\types.js:43:31)\n' +
    '    at ZodObject.parseAsync (C:\\Users\\satay\\Desktop\\level 2\\University-Management-System\\node_modules\\zod\\lib\\types.js:164:22)\n' +
    '    at processTicksAndRejections (node:internal/process/task_queues:95:5)',
  label: 'UM',
  timestamp: '2023-07-31T20:49:21.209Z'
}
{
  service: 'user-service',
  issues: [
    {
      expected: "'January' | 'February' | 'March' | 'April' | 'May' | 'June' | 'July' | 'August' | 'September' | 'October' | 'November' | 'December'",
      received: 'undefined',
      code: 'invalid_type',
      path: [ 'body', 'startMonth' ],
      message: 'startMonth is required'
    }
  ],
  addIssue: [Function (anonymous)],
  addIssues: [Function (anonymous)],
  name: 'ZodError',
  level: 'error',
  message: '---GlobalErrorHandler--- [\n' +
    '  {\n' +
    `    "expected": "'January' | 'February' | 'March' | 'April' | 'May' | 'June' | 'July' | 'August' | 'September' | 'October' | 'November' | 'December'",\n` +
    '    "received": "undefined",\n' +
    '    "code": "invalid_type",\n' +
    '    "path": [\n' +
    '      "body",\n' +
    '      "startMonth"\n' +
    '    ],\n' +
    '    "message": "startMonth is required"\n' +
    '  }\n' +
    ']',
  stack: 'ZodError: [\n' +
    '  {\n' +
    `    "expected": "'January' | 'February' | 'March' | 'April' | 'May' | 'June' | 'July' | 'August' | 'September' | 'October' | 'November' | 'December'",\n` +
    '    "received": "undefined",\n' +
    '    "code": "invalid_type",\n' +
    '    "path": [\n' +
    '      "body",\n' +
    '      "startMonth"\n' +
    '    ],\n' +
    '    "message": "startMonth is required"\n' +
    '  }\n' +
    ']\n' +
    '    at Object.get error [as error] (C:\\Users\\satay\\Desktop\\level 2\\University-Management-System\\node_modules\\zod\\lib\\types.js:43:31)\n' +
    '    at ZodObject.parseAsync (C:\\Users\\satay\\Desktop\\level 2\\University-Management-System\\node_modules\\zod\\lib\\types.js:164:22)\n' +
    '    at processTicksAndRejections (node:internal/process/task_queues:95:5)',
  label: 'UM',
  timestamp: '2023-07-31T20:49:34.527Z'
}
{
  service: 'user-service',
  issues: [
    {
      expected: "'January' | 'February' | 'March' | 'April' | 'May' | 'June' | 'July' | 'August' | 'September' | 'October' | 'November' | 'December'",
      received: 'undefined',
      code: 'invalid_type',
      path: [ 'body', 'startMonth' ],
      message: 'startMonth is required'
    }
  ],
  addIssue: [Function (anonymous)],
  addIssues: [Function (anonymous)],
  name: 'ZodError',
  level: 'error',
  message: '---GlobalErrorHandler--- [\n' +
    '  {\n' +
    `    "expected": "'January' | 'February' | 'March' | 'April' | 'May' | 'June' | 'July' | 'August' | 'September' | 'October' | 'November' | 'December'",\n` +
    '    "received": "undefined",\n' +
    '    "code": "invalid_type",\n' +
    '    "path": [\n' +
    '      "body",\n' +
    '      "startMonth"\n' +
    '    ],\n' +
    '    "message": "startMonth is required"\n' +
    '  }\n' +
    ']',
  stack: 'ZodError: [\n' +
    '  {\n' +
    `    "expected": "'January' | 'February' | 'March' | 'April' | 'May' | 'June' | 'July' | 'August' | 'September' | 'October' | 'November' | 'December'",\n` +
    '    "received": "undefined",\n' +
    '    "code": "invalid_type",\n' +
    '    "path": [\n' +
    '      "body",\n' +
    '      "startMonth"\n' +
    '    ],\n' +
    '    "message": "startMonth is required"\n' +
    '  }\n' +
    ']\n' +
    '    at Object.get error [as error] (C:\\Users\\satay\\Desktop\\level 2\\University-Management-System\\node_modules\\zod\\lib\\types.js:43:31)\n' +
    '    at ZodObject.parseAsync (C:\\Users\\satay\\Desktop\\level 2\\University-Management-System\\node_modules\\zod\\lib\\types.js:164:22)\n' +
    '    at processTicksAndRejections (node:internal/process/task_queues:95:5)',
  label: 'UM',
  timestamp: '2023-07-31T20:49:53.384Z'
}
{
  service: 'user-service',
  issues: [
    {
      expected: "'January' | 'February' | 'March' | 'April' | 'May' | 'June' | 'July' | 'August' | 'September' | 'October' | 'November' | 'December'",
      received: 'undefined',
      code: 'invalid_type',
      path: [ 'body', 'startMonth' ],
      message: 'startMonth is required'
    }
  ],
  addIssue: [Function (anonymous)],
  addIssues: [Function (anonymous)],
  name: 'ZodError',
  level: 'error',
  message: '---GlobalErrorHandler--- [\n' +
    '  {\n' +
    `    "expected": "'January' | 'February' | 'March' | 'April' | 'May' | 'June' | 'July' | 'August' | 'September' | 'October' | 'November' | 'December'",\n` +
    '    "received": "undefined",\n' +
    '    "code": "invalid_type",\n' +
    '    "path": [\n' +
    '      "body",\n' +
    '      "startMonth"\n' +
    '    ],\n' +
    '    "message": "startMonth is required"\n' +
    '  }\n' +
    ']',
  stack: 'ZodError: [\n' +
    '  {\n' +
    `    "expected": "'January' | 'February' | 'March' | 'April' | 'May' | 'June' | 'July' | 'August' | 'September' | 'October' | 'November' | 'December'",\n` +
    '    "received": "undefined",\n' +
    '    "code": "invalid_type",\n' +
    '    "path": [\n' +
    '      "body",\n' +
    '      "startMonth"\n' +
    '    ],\n' +
    '    "message": "startMonth is required"\n' +
    '  }\n' +
    ']\n' +
    '    at Object.get error [as error] (C:\\Users\\satay\\Desktop\\level 2\\University-Management-System\\node_modules\\zod\\lib\\types.js:43:31)\n' +
    '    at ZodObject.parseAsync (C:\\Users\\satay\\Desktop\\level 2\\University-Management-System\\node_modules\\zod\\lib\\types.js:164:22)\n' +
    '    at processTicksAndRejections (node:internal/process/task_queues:95:5)',
  label: 'UM',
  timestamp: '2023-07-31T20:49:54.717Z'
}
{
  service: 'user-service',
  issues: [
    {
      expected: "'January' | 'February' | 'March' | 'April' | 'May' | 'June' | 'July' | 'August' | 'September' | 'October' | 'November' | 'December'",
      received: 'undefined',
      code: 'invalid_type',
      path: [ 'body', 'startMonth' ],
      message: 'startMonth is required'
    }
  ],
  addIssue: [Function (anonymous)],
  addIssues: [Function (anonymous)],
  name: 'ZodError',
  level: 'error',
  message: '---GlobalErrorHandler--- [\n' +
    '  {\n' +
    `    "expected": "'January' | 'February' | 'March' | 'April' | 'May' | 'June' | 'July' | 'August' | 'September' | 'October' | 'November' | 'December'",\n` +
    '    "received": "undefined",\n' +
    '    "code": "invalid_type",\n' +
    '    "path": [\n' +
    '      "body",\n' +
    '      "startMonth"\n' +
    '    ],\n' +
    '    "message": "startMonth is required"\n' +
    '  }\n' +
    ']',
  stack: 'ZodError: [\n' +
    '  {\n' +
    `    "expected": "'January' | 'February' | 'March' | 'April' | 'May' | 'June' | 'July' | 'August' | 'September' | 'October' | 'November' | 'December'",\n` +
    '    "received": "undefined",\n' +
    '    "code": "invalid_type",\n' +
    '    "path": [\n' +
    '      "body",\n' +
    '      "startMonth"\n' +
    '    ],\n' +
    '    "message": "startMonth is required"\n' +
    '  }\n' +
    ']\n' +
    '    at Object.get error [as error] (C:\\Users\\satay\\Desktop\\level 2\\University-Management-System\\node_modules\\zod\\lib\\types.js:43:31)\n' +
    '    at ZodObject.parseAsync (C:\\Users\\satay\\Desktop\\level 2\\University-Management-System\\node_modules\\zod\\lib\\types.js:164:22)\n' +
    '    at processTicksAndRejections (node:internal/process/task_queues:95:5)',
  label: 'UM',
  timestamp: '2023-07-31T20:49:55.833Z'
}
{
  service: 'user-service',
  issues: [
    {
      received: '06',
      code: 'invalid_enum_value',
      options: [ '01', '02', '03' ],
      path: [ 'body', 'code' ],
      message: "Invalid enum value. Expected '01' | '02' | '03', received '06'"
    }
  ],
  addIssue: [Function (anonymous)],
  addIssues: [Function (anonymous)],
  name: 'ZodError',
  level: 'error',
  message: '---GlobalErrorHandler--- [\n' +
    '  {\n' +
    '    "received": "06",\n' +
    '    "code": "invalid_enum_value",\n' +
    '    "options": [\n' +
    '      "01",\n' +
    '      "02",\n' +
    '      "03"\n' +
    '    ],\n' +
    '    "path": [\n' +
    '      "body",\n' +
    '      "code"\n' +
    '    ],\n' +
    `    "message": "Invalid enum value. Expected '01' | '02' | '03', received '06'"\n` +
    '  }\n' +
    ']',
  stack: 'ZodError: [\n' +
    '  {\n' +
    '    "received": "06",\n' +
    '    "code": "invalid_enum_value",\n' +
    '    "options": [\n' +
    '      "01",\n' +
    '      "02",\n' +
    '      "03"\n' +
    '    ],\n' +
    '    "path": [\n' +
    '      "body",\n' +
    '      "code"\n' +
    '    ],\n' +
    `    "message": "Invalid enum value. Expected '01' | '02' | '03', received '06'"\n` +
    '  }\n' +
    ']\n' +
    '    at Object.get error [as error] (C:\\Users\\satay\\Desktop\\level 2\\University-Management-System\\node_modules\\zod\\lib\\types.js:43:31)\n' +
    '    at ZodObject.parseAsync (C:\\Users\\satay\\Desktop\\level 2\\University-Management-System\\node_modules\\zod\\lib\\types.js:164:22)\n' +
    '    at processTicksAndRejections (node:internal/process/task_queues:95:5)',
  label: 'UM',
  timestamp: '2023-07-31T20:51:08.117Z'
}
