{
  service: 'user-service',
  issues: [
    {
      code: 'invalid_type',
      expected: 'string',
      received: 'undefined',
      path: [ 'body', 'role' ],
      message: 'role is required'
    }
  ],
  addIssue: [Function (anonymous)],
  addIssues: [Function (anonymous)],
  name: 'ZodError',
  level: 'error',
  message: '---GlobalErrorHandler--- [\n' +
    '  {\n' +
    '    "code": "invalid_type",\n' +
    '    "expected": "string",\n' +
    '    "received": "undefined",\n' +
    '    "path": [\n' +
    '      "body",\n' +
    '      "role"\n' +
    '    ],\n' +
    '    "message": "role is required"\n' +
    '  }\n' +
    ']',
  stack: 'ZodError: [\n' +
    '  {\n' +
    '    "code": "invalid_type",\n' +
    '    "expected": "string",\n' +
    '    "received": "undefined",\n' +
    '    "path": [\n' +
    '      "body",\n' +
    '      "role"\n' +
    '    ],\n' +
    '    "message": "role is required"\n' +
    '  }\n' +
    ']\n' +
    '    at Object.get error [as error] (C:\\Users\\satay\\Desktop\\level 2\\University-Management-System\\node_modules\\zod\\lib\\types.js:43:31)\n' +
    '    at ZodObject.parseAsync (C:\\Users\\satay\\Desktop\\level 2\\University-Management-System\\node_modules\\zod\\lib\\types.js:164:22)\n' +
    '    at processTicksAndRejections (node:internal/process/task_queues:95:5)',
  label: 'UM',
  timestamp: '2023-07-29T20:13:14.382Z'
}
{
  service: 'user-service',
  issues: [
    {
      code: 'invalid_type',
      expected: 'string',
      received: 'undefined',
      path: [ 'body', 'role' ],
      message: 'role is required'
    }
  ],
  addIssue: [Function (anonymous)],
  addIssues: [Function (anonymous)],
  name: 'ZodError',
  level: 'error',
  message: '---GlobalErrorHandler--- [\n' +
    '  {\n' +
    '    "code": "invalid_type",\n' +
    '    "expected": "string",\n' +
    '    "received": "undefined",\n' +
    '    "path": [\n' +
    '      "body",\n' +
    '      "role"\n' +
    '    ],\n' +
    '    "message": "role is required"\n' +
    '  }\n' +
    ']',
  stack: 'ZodError: [\n' +
    '  {\n' +
    '    "code": "invalid_type",\n' +
    '    "expected": "string",\n' +
    '    "received": "undefined",\n' +
    '    "path": [\n' +
    '      "body",\n' +
    '      "role"\n' +
    '    ],\n' +
    '    "message": "role is required"\n' +
    '  }\n' +
    ']\n' +
    '    at Object.get error [as error] (C:\\Users\\satay\\Desktop\\level 2\\University-Management-System\\node_modules\\zod\\lib\\types.js:43:31)\n' +
    '    at ZodObject.parseAsync (C:\\Users\\satay\\Desktop\\level 2\\University-Management-System\\node_modules\\zod\\lib\\types.js:164:22)\n' +
    '    at processTicksAndRejections (node:internal/process/task_queues:95:5)',
  label: 'UM',
  timestamp: '2023-07-29T20:13:16.544Z'
}
{
  service: 'user-service',
  issues: [
    {
      code: 'invalid_type',
      expected: 'string',
      received: 'undefined',
      path: [ 'body', 'role' ],
      message: 'role is required'
    }
  ],
  addIssue: [Function (anonymous)],
  addIssues: [Function (anonymous)],
  name: 'ZodError',
  level: 'error',
  message: '---GlobalErrorHandler--- [\n' +
    '  {\n' +
    '    "code": "invalid_type",\n' +
    '    "expected": "string",\n' +
    '    "received": "undefined",\n' +
    '    "path": [\n' +
    '      "body",\n' +
    '      "role"\n' +
    '    ],\n' +
    '    "message": "role is required"\n' +
    '  }\n' +
    ']',
  stack: 'ZodError: [\n' +
    '  {\n' +
    '    "code": "invalid_type",\n' +
    '    "expected": "string",\n' +
    '    "received": "undefined",\n' +
    '    "path": [\n' +
    '      "body",\n' +
    '      "role"\n' +
    '    ],\n' +
    '    "message": "role is required"\n' +
    '  }\n' +
    ']\n' +
    '    at Object.get error [as error] (C:\\Users\\satay\\Desktop\\level 2\\University-Management-System\\node_modules\\zod\\lib\\types.js:43:31)\n' +
    '    at ZodObject.parseAsync (C:\\Users\\satay\\Desktop\\level 2\\University-Management-System\\node_modules\\zod\\lib\\types.js:164:22)\n' +
    '    at processTicksAndRejections (node:internal/process/task_queues:95:5)',
  label: 'UM',
  timestamp: '2023-07-29T20:13:20.839Z'
}
{
  service: 'user-service',
  issues: [
    {
      code: 'invalid_type',
      expected: 'string',
      received: 'undefined',
      path: [ 'body', 'role' ],
      message: 'role is required'
    }
  ],
  addIssue: [Function (anonymous)],
  addIssues: [Function (anonymous)],
  name: 'ZodError',
  level: 'error',
  message: '---GlobalErrorHandler--- [\n' +
    '  {\n' +
    '    "code": "invalid_type",\n' +
    '    "expected": "string",\n' +
    '    "received": "undefined",\n' +
    '    "path": [\n' +
    '      "body",\n' +
    '      "role"\n' +
    '    ],\n' +
    '    "message": "role is required"\n' +
    '  }\n' +
    ']',
  stack: 'ZodError: [\n' +
    '  {\n' +
    '    "code": "invalid_type",\n' +
    '    "expected": "string",\n' +
    '    "received": "undefined",\n' +
    '    "path": [\n' +
    '      "body",\n' +
    '      "role"\n' +
    '    ],\n' +
    '    "message": "role is required"\n' +
    '  }\n' +
    ']\n' +
    '    at Object.get error [as error] (C:\\Users\\satay\\Desktop\\level 2\\University-Management-System\\node_modules\\zod\\lib\\types.js:43:31)\n' +
    '    at ZodObject.parseAsync (C:\\Users\\satay\\Desktop\\level 2\\University-Management-System\\node_modules\\zod\\lib\\types.js:164:22)\n' +
    '    at processTicksAndRejections (node:internal/process/task_queues:95:5)',
  label: 'UM',
  timestamp: '2023-07-29T20:13:26.376Z'
}
{
  service: 'user-service',
  issues: [
    {
      code: 'invalid_type',
      expected: 'string',
      received: 'undefined',
      path: [ 'body', 'role' ],
      message: 'role is required'
    }
  ],
  addIssue: [Function (anonymous)],
  addIssues: [Function (anonymous)],
  name: 'ZodError',
  level: 'error',
  message: '---GlobalErrorHandler--- [\n' +
    '  {\n' +
    '    "code": "invalid_type",\n' +
    '    "expected": "string",\n' +
    '    "received": "undefined",\n' +
    '    "path": [\n' +
    '      "body",\n' +
    '      "role"\n' +
    '    ],\n' +
    '    "message": "role is required"\n' +
    '  }\n' +
    ']',
  stack: 'ZodError: [\n' +
    '  {\n' +
    '    "code": "invalid_type",\n' +
    '    "expected": "string",\n' +
    '    "received": "undefined",\n' +
    '    "path": [\n' +
    '      "body",\n' +
    '      "role"\n' +
    '    ],\n' +
    '    "message": "role is required"\n' +
    '  }\n' +
    ']\n' +
    '    at Object.get error [as error] (C:\\Users\\satay\\Desktop\\level 2\\University-Management-System\\node_modules\\zod\\lib\\types.js:43:31)\n' +
    '    at ZodObject.parseAsync (C:\\Users\\satay\\Desktop\\level 2\\University-Management-System\\node_modules\\zod\\lib\\types.js:164:22)\n' +
    '    at processTicksAndRejections (node:internal/process/task_queues:95:5)',
  label: 'UM',
  timestamp: '2023-07-29T20:13:28.139Z'
}
{
  service: 'user-service',
  issues: [
    {
      code: 'invalid_type',
      expected: 'string',
      received: 'undefined',
      path: [ 'body', 'role' ],
      message: 'role is required'
    }
  ],
  addIssue: [Function (anonymous)],
  addIssues: [Function (anonymous)],
  name: 'ZodError',
  level: 'error',
  message: '---GlobalErrorHandler--- [\n' +
    '  {\n' +
    '    "code": "invalid_type",\n' +
    '    "expected": "string",\n' +
    '    "received": "undefined",\n' +
    '    "path": [\n' +
    '      "body",\n' +
    '      "role"\n' +
    '    ],\n' +
    '    "message": "role is required"\n' +
    '  }\n' +
    ']',
  stack: 'ZodError: [\n' +
    '  {\n' +
    '    "code": "invalid_type",\n' +
    '    "expected": "string",\n' +
    '    "received": "undefined",\n' +
    '    "path": [\n' +
    '      "body",\n' +
    '      "role"\n' +
    '    ],\n' +
    '    "message": "role is required"\n' +
    '  }\n' +
    ']\n' +
    '    at Object.get error [as error] (C:\\Users\\satay\\Desktop\\level 2\\University-Management-System\\node_modules\\zod\\lib\\types.js:43:31)\n' +
    '    at ZodObject.parseAsync (C:\\Users\\satay\\Desktop\\level 2\\University-Management-System\\node_modules\\zod\\lib\\types.js:164:22)\n' +
    '    at processTicksAndRejections (node:internal/process/task_queues:95:5)',
  label: 'UM',
  timestamp: '2023-07-29T20:14:58.286Z'
}
{
  service: 'user-service',
  issues: [
    {
      code: 'invalid_type',
      expected: 'string',
      received: 'undefined',
      path: [ 'body', 'role' ],
      message: 'role is required'
    }
  ],
  addIssue: [Function (anonymous)],
  addIssues: [Function (anonymous)],
  name: 'ZodError',
  level: 'error',
  message: '---GlobalErrorHandler--- [\n' +
    '  {\n' +
    '    "code": "invalid_type",\n' +
    '    "expected": "string",\n' +
    '    "received": "undefined",\n' +
    '    "path": [\n' +
    '      "body",\n' +
    '      "role"\n' +
    '    ],\n' +
    '    "message": "role is required"\n' +
    '  }\n' +
    ']',
  stack: 'ZodError: [\n' +
    '  {\n' +
    '    "code": "invalid_type",\n' +
    '    "expected": "string",\n' +
    '    "received": "undefined",\n' +
    '    "path": [\n' +
    '      "body",\n' +
    '      "role"\n' +
    '    ],\n' +
    '    "message": "role is required"\n' +
    '  }\n' +
    ']\n' +
    '    at Object.get error [as error] (C:\\Users\\satay\\Desktop\\level 2\\University-Management-System\\node_modules\\zod\\lib\\types.js:43:31)\n' +
    '    at ZodObject.parseAsync (C:\\Users\\satay\\Desktop\\level 2\\University-Management-System\\node_modules\\zod\\lib\\types.js:164:22)\n' +
    '    at processTicksAndRejections (node:internal/process/task_queues:95:5)',
  label: 'UM',
  timestamp: '2023-07-29T20:14:59.336Z'
}
{
  service: 'user-service',
  issues: [
    {
      code: 'invalid_type',
      expected: 'string',
      received: 'undefined',
      path: [ 'body', 'role' ],
      message: 'role is required'
    }
  ],
  addIssue: [Function (anonymous)],
  addIssues: [Function (anonymous)],
  name: 'ZodError',
  level: 'error',
  message: '---GlobalErrorHandler--- [\n' +
    '  {\n' +
    '    "code": "invalid_type",\n' +
    '    "expected": "string",\n' +
    '    "received": "undefined",\n' +
    '    "path": [\n' +
    '      "body",\n' +
    '      "role"\n' +
    '    ],\n' +
    '    "message": "role is required"\n' +
    '  }\n' +
    ']',
  stack: 'ZodError: [\n' +
    '  {\n' +
    '    "code": "invalid_type",\n' +
    '    "expected": "string",\n' +
    '    "received": "undefined",\n' +
    '    "path": [\n' +
    '      "body",\n' +
    '      "role"\n' +
    '    ],\n' +
    '    "message": "role is required"\n' +
    '  }\n' +
    ']\n' +
    '    at Object.get error [as error] (C:\\Users\\satay\\Desktop\\level 2\\University-Management-System\\node_modules\\zod\\lib\\types.js:43:31)\n' +
    '    at ZodObject.parseAsync (C:\\Users\\satay\\Desktop\\level 2\\University-Management-System\\node_modules\\zod\\lib\\types.js:164:22)\n' +
    '    at processTicksAndRejections (node:internal/process/task_queues:95:5)',
  label: 'UM',
  timestamp: '2023-07-29T20:14:59.940Z'
}
{
  service: 'user-service',
  issues: [
    {
      code: 'invalid_type',
      expected: 'string',
      received: 'undefined',
      path: [ 'body', 'role' ],
      message: 'role is required'
    }
  ],
  addIssue: [Function (anonymous)],
  addIssues: [Function (anonymous)],
  name: 'ZodError',
  level: 'error',
  message: '---GlobalErrorHandler--- [\n' +
    '  {\n' +
    '    "code": "invalid_type",\n' +
    '    "expected": "string",\n' +
    '    "received": "undefined",\n' +
    '    "path": [\n' +
    '      "body",\n' +
    '      "role"\n' +
    '    ],\n' +
    '    "message": "role is required"\n' +
    '  }\n' +
    ']',
  stack: 'ZodError: [\n' +
    '  {\n' +
    '    "code": "invalid_type",\n' +
    '    "expected": "string",\n' +
    '    "received": "undefined",\n' +
    '    "path": [\n' +
    '      "body",\n' +
    '      "role"\n' +
    '    ],\n' +
    '    "message": "role is required"\n' +
    '  }\n' +
    ']\n' +
    '    at Object.get error [as error] (C:\\Users\\satay\\Desktop\\level 2\\University-Management-System\\node_modules\\zod\\lib\\types.js:43:31)\n' +
    '    at ZodObject.parseAsync (C:\\Users\\satay\\Desktop\\level 2\\University-Management-System\\node_modules\\zod\\lib\\types.js:164:22)\n' +
    '    at processTicksAndRejections (node:internal/process/task_queues:95:5)',
  label: 'UM',
  timestamp: '2023-07-29T20:15:00.322Z'
}
{
  service: 'user-service',
  issues: [
    {
      code: 'invalid_type',
      expected: 'string',
      received: 'undefined',
      path: [ 'body', 'role' ],
      message: 'role is required'
    }
  ],
  addIssue: [Function (anonymous)],
  addIssues: [Function (anonymous)],
  name: 'ZodError',
  level: 'error',
  message: '---GlobalErrorHandler--- [\n' +
    '  {\n' +
    '    "code": "invalid_type",\n' +
    '    "expected": "string",\n' +
    '    "received": "undefined",\n' +
    '    "path": [\n' +
    '      "body",\n' +
    '      "role"\n' +
    '    ],\n' +
    '    "message": "role is required"\n' +
    '  }\n' +
    ']',
  stack: 'ZodError: [\n' +
    '  {\n' +
    '    "code": "invalid_type",\n' +
    '    "expected": "string",\n' +
    '    "received": "undefined",\n' +
    '    "path": [\n' +
    '      "body",\n' +
    '      "role"\n' +
    '    ],\n' +
    '    "message": "role is required"\n' +
    '  }\n' +
    ']\n' +
    '    at Object.get error [as error] (C:\\Users\\satay\\Desktop\\level 2\\University-Management-System\\node_modules\\zod\\lib\\types.js:43:31)\n' +
    '    at ZodObject.parseAsync (C:\\Users\\satay\\Desktop\\level 2\\University-Management-System\\node_modules\\zod\\lib\\types.js:164:22)\n' +
    '    at processTicksAndRejections (node:internal/process/task_queues:95:5)',
  label: 'UM',
  timestamp: '2023-07-29T20:15:01.769Z'
}
{
  service: 'user-service',
  issues: [
    {
      code: 'invalid_type',
      expected: 'string',
      received: 'undefined',
      path: [ 'body', 'role' ],
      message: 'role is required'
    }
  ],
  addIssue: [Function (anonymous)],
  addIssues: [Function (anonymous)],
  name: 'ZodError',
  level: 'error',
  message: '---GlobalErrorHandler--- [\n' +
    '  {\n' +
    '    "code": "invalid_type",\n' +
    '    "expected": "string",\n' +
    '    "received": "undefined",\n' +
    '    "path": [\n' +
    '      "body",\n' +
    '      "role"\n' +
    '    ],\n' +
    '    "message": "role is required"\n' +
    '  }\n' +
    ']',
  stack: 'ZodError: [\n' +
    '  {\n' +
    '    "code": "invalid_type",\n' +
    '    "expected": "string",\n' +
    '    "received": "undefined",\n' +
    '    "path": [\n' +
    '      "body",\n' +
    '      "role"\n' +
    '    ],\n' +
    '    "message": "role is required"\n' +
    '  }\n' +
    ']\n' +
    '    at Object.get error [as error] (C:\\Users\\satay\\Desktop\\level 2\\University-Management-System\\node_modules\\zod\\lib\\types.js:43:31)\n' +
    '    at ZodObject.parseAsync (C:\\Users\\satay\\Desktop\\level 2\\University-Management-System\\node_modules\\zod\\lib\\types.js:164:22)\n' +
    '    at processTicksAndRejections (node:internal/process/task_queues:95:5)',
  label: 'UM',
  timestamp: '2023-07-29T20:15:02.857Z'
}
