{
  service: 'user-service',
  statusCode: 400,
  level: 'error',
  message: '---GlobalErrorHandler--- Invalid Semenster Code...',
  stack: 'Error: Invalid Semenster Code...\n' +
    '    at C:\\Users\\satay\\Desktop\\level 2\\University-Management-System\\src\\app\\modules\\academicSemester\\academicSemester.service.ts:9:11\n' +
    '    at Generator.next (<anonymous>)\n' +
    '    at C:\\Users\\satay\\Desktop\\level 2\\University-Management-System\\src\\app\\modules\\academicSemester\\academicSemester.service.ts:8:71\n' +
    '    at new Promise (<anonymous>)\n' +
    '    at __awaiter (C:\\Users\\satay\\Desktop\\level 2\\University-Management-System\\src\\app\\modules\\academicSemester\\academicSemester.service.ts:4:12)\n' +
    '    at Object.createSemester (C:\\Users\\satay\\Desktop\\level 2\\University-Management-System\\src\\app\\modules\\academicSemester\\academicSemester.service.ts:7:61)\n' +
    '    at C:\\Users\\satay\\Desktop\\level 2\\University-Management-System\\src\\app\\modules\\academicSemester\\academicSemester.controller.ts:7:50\n' +
    '    at Generator.next (<anonymous>)\n' +
    '    at C:\\Users\\satay\\Desktop\\level 2\\University-Management-System\\src\\app\\modules\\academicSemester\\academicSemester.controller.ts:8:71\n' +
    '    at new Promise (<anonymous>)',
  label: 'UM',
  timestamp: '2023-08-01T11:31:35.707Z'
}
{
  service: 'user-service',
  statusCode: 400,
  level: 'error',
  message: '---GlobalErrorHandler--- Invalid Semenster Code...',
  stack: 'Error: Invalid Semenster Code...\n' +
    '    at C:\\Users\\satay\\Desktop\\level 2\\University-Management-System\\src\\app\\modules\\academicSemester\\academicSemester.service.ts:9:11\n' +
    '    at Generator.next (<anonymous>)\n' +
    '    at C:\\Users\\satay\\Desktop\\level 2\\University-Management-System\\src\\app\\modules\\academicSemester\\academicSemester.service.ts:8:71\n' +
    '    at new Promise (<anonymous>)\n' +
    '    at __awaiter (C:\\Users\\satay\\Desktop\\level 2\\University-Management-System\\src\\app\\modules\\academicSemester\\academicSemester.service.ts:4:12)\n' +
    '    at Object.createSemester (C:\\Users\\satay\\Desktop\\level 2\\University-Management-System\\src\\app\\modules\\academicSemester\\academicSemester.service.ts:7:61)\n' +
    '    at C:\\Users\\satay\\Desktop\\level 2\\University-Management-System\\src\\app\\modules\\academicSemester\\academicSemester.controller.ts:7:50\n' +
    '    at Generator.next (<anonymous>)\n' +
    '    at C:\\Users\\satay\\Desktop\\level 2\\University-Management-System\\src\\app\\modules\\academicSemester\\academicSemester.controller.ts:8:71\n' +
    '    at new Promise (<anonymous>)',
  label: 'UM',
  timestamp: '2023-08-01T11:31:39.139Z'
}
{
  service: 'user-service',
  statusCode: 409,
  level: 'error',
  message: '---GlobalErrorHandler--- Already Exist ...',
  stack: 'Error: Already Exist ...\n' +
    '    at model.<anonymous> (C:\\Users\\satay\\Desktop\\level 2\\University-Management-System\\src\\app\\modules\\academicSemester\\academicSemester.model.ts:52:11)\n' +
    '    at Generator.next (<anonymous>)\n' +
    '    at fulfilled (C:\\Users\\satay\\Desktop\\level 2\\University-Management-System\\src\\app\\modules\\academicSemester\\academicSemester.model.ts:5:58)\n' +
    '    at processTicksAndRejections (node:internal/process/task_queues:95:5)',
  label: 'UM',
  timestamp: '2023-08-01T11:31:45.133Z'
}
