{
  service: 'user-service',
  statusCode: 404,
  level: 'error',
  message: '---GlobalErrorHandler--- User does not exist...',
  stack: 'Error: User does not exist...\n' +
    '    at C:\\Users\\satay\\Desktop\\level 2\\University-Management-System\\src\\app\\modules\\auth\\auth.service.ts:22:11\n' +
    '    at Generator.next (<anonymous>)\n' +
    '    at fulfilled (C:\\Users\\satay\\Desktop\\level 2\\University-Management-System\\src\\app\\modules\\auth\\auth.service.ts:5:58)\n' +
    '    at processTicksAndRejections (node:internal/process/task_queues:95:5)',
  label: 'UM',
  timestamp: '2023-08-19T20:16:01.698Z'
}
{
  service: 'user-service',
  statusCode: 401,
  level: 'error',
  message: '---GlobalErrorHandler--- Your Password is not Matched...',
  stack: 'Error: Your Password is not Matched...\n' +
    '    at C:\\Users\\satay\\Desktop\\level 2\\University-Management-System\\src\\app\\modules\\auth\\auth.service.ts:35:11\n' +
    '    at Generator.next (<anonymous>)\n' +
    '    at fulfilled (C:\\Users\\satay\\Desktop\\level 2\\University-Management-System\\src\\app\\modules\\auth\\auth.service.ts:5:58)',
  label: 'UM',
  timestamp: '2023-08-19T20:17:11.242Z'
}
{
  service: 'user-service',
  statusCode: 401,
  level: 'error',
  message: '---GlobalErrorHandler--- Your Password is not Matched...',
  stack: 'Error: Your Password is not Matched...\n' +
    '    at C:\\Users\\satay\\Desktop\\level 2\\University-Management-System\\src\\app\\modules\\auth\\auth.service.ts:35:11\n' +
    '    at Generator.next (<anonymous>)\n' +
    '    at fulfilled (C:\\Users\\satay\\Desktop\\level 2\\University-Management-System\\src\\app\\modules\\auth\\auth.service.ts:5:58)',
  label: 'UM',
  timestamp: '2023-08-19T20:17:13.529Z'
}
{
  service: 'user-service',
  statusCode: 401,
  level: 'error',
  message: '---GlobalErrorHandler--- Your Password is not Matched...',
  stack: 'Error: Your Password is not Matched...\n' +
    '    at C:\\Users\\satay\\Desktop\\level 2\\University-Management-System\\src\\app\\modules\\auth\\auth.service.ts:35:11\n' +
    '    at Generator.next (<anonymous>)\n' +
    '    at fulfilled (C:\\Users\\satay\\Desktop\\level 2\\University-Management-System\\src\\app\\modules\\auth\\auth.service.ts:5:58)',
  label: 'UM',
  timestamp: '2023-08-19T20:17:15.190Z'
}
{
  service: 'user-service',
  statusCode: 401,
  level: 'error',
  message: '---GlobalErrorHandler--- Your Password is not Matched...',
  stack: 'Error: Your Password is not Matched...\n' +
    '    at C:\\Users\\satay\\Desktop\\level 2\\University-Management-System\\src\\app\\modules\\auth\\auth.service.ts:35:11\n' +
    '    at Generator.next (<anonymous>)\n' +
    '    at fulfilled (C:\\Users\\satay\\Desktop\\level 2\\University-Management-System\\src\\app\\modules\\auth\\auth.service.ts:5:58)',
  label: 'UM',
  timestamp: '2023-08-19T20:17:33.475Z'
}
{
  service: 'user-service',
  statusCode: 401,
  level: 'error',
  message: '---GlobalErrorHandler--- Your Password is not Matched...',
  stack: 'Error: Your Password is not Matched...\n' +
    '    at C:\\Users\\satay\\Desktop\\level 2\\University-Management-System\\src\\app\\modules\\auth\\auth.service.ts:35:11\n' +
    '    at Generator.next (<anonymous>)\n' +
    '    at fulfilled (C:\\Users\\satay\\Desktop\\level 2\\University-Management-System\\src\\app\\modules\\auth\\auth.service.ts:5:58)',
  label: 'UM',
  timestamp: '2023-08-19T20:17:36.717Z'
}
{
  service: 'user-service',
  statusCode: 401,
  level: 'error',
  message: '---GlobalErrorHandler--- Your Password is not Matched...',
  stack: 'Error: Your Password is not Matched...\n' +
    '    at C:\\Users\\satay\\Desktop\\level 2\\University-Management-System\\src\\app\\modules\\auth\\auth.service.ts:35:11\n' +
    '    at Generator.next (<anonymous>)\n' +
    '    at fulfilled (C:\\Users\\satay\\Desktop\\level 2\\University-Management-System\\src\\app\\modules\\auth\\auth.service.ts:5:58)',
  label: 'UM',
  timestamp: '2023-08-19T20:17:53.899Z'
}
{
  level: 'error',
  service: 'user-service',
  label: 'UM',
  timestamp: '2023-08-19T20:26:24.242Z',
  [Symbol(errorLabels)]: Set(0) {}
}
{
  service: 'user-service',
  statusCode: 401,
  level: 'error',
  message: '---GlobalErrorHandler--- Your Password is not Matched...',
  stack: 'Error: Your Password is not Matched...\n' +
    '    at C:\\Users\\satay\\Desktop\\level 2\\University-Management-System\\src\\app\\modules\\auth\\auth.service.ts:35:11\n' +
    '    at Generator.next (<anonymous>)\n' +
    '    at fulfilled (C:\\Users\\satay\\Desktop\\level 2\\University-Management-System\\src\\app\\modules\\auth\\auth.service.ts:5:58)',
  label: 'UM',
  timestamp: '2023-08-19T20:28:42.449Z'
}
{
  service: 'user-service',
  statusCode: 401,
  level: 'error',
  message: '---GlobalErrorHandler--- Your Password is not Matched...',
  stack: 'Error: Your Password is not Matched...\n' +
    '    at C:\\Users\\satay\\Desktop\\level 2\\University-Management-System\\src\\app\\modules\\auth\\auth.service.ts:35:11\n' +
    '    at Generator.next (<anonymous>)\n' +
    '    at fulfilled (C:\\Users\\satay\\Desktop\\level 2\\University-Management-System\\src\\app\\modules\\auth\\auth.service.ts:5:58)',
  label: 'UM',
  timestamp: '2023-08-19T20:29:40.390Z'
}
{
  service: 'user-service',
  statusCode: 401,
  level: 'error',
  message: '---GlobalErrorHandler--- Your Password is not Matched...',
  stack: 'Error: Your Password is not Matched...\n' +
    '    at C:\\Users\\satay\\Desktop\\level 2\\University-Management-System\\src\\app\\modules\\auth\\auth.service.ts:35:11\n' +
    '    at Generator.next (<anonymous>)\n' +
    '    at fulfilled (C:\\Users\\satay\\Desktop\\level 2\\University-Management-System\\src\\app\\modules\\auth\\auth.service.ts:5:58)',
  label: 'UM',
  timestamp: '2023-08-19T20:30:49.945Z'
}
{
  service: 'user-service',
  statusCode: 401,
  level: 'error',
  message: '---GlobalErrorHandler--- Your Password is not Matched...',
  stack: 'Error: Your Password is not Matched...\n' +
    '    at C:\\Users\\satay\\Desktop\\level 2\\University-Management-System\\src\\app\\modules\\auth\\auth.service.ts:35:11\n' +
    '    at Generator.next (<anonymous>)\n' +
    '    at fulfilled (C:\\Users\\satay\\Desktop\\level 2\\University-Management-System\\src\\app\\modules\\auth\\auth.service.ts:5:58)',
  label: 'UM',
  timestamp: '2023-08-19T20:30:53.723Z'
}
