{
  service: 'user-service',
  statusCode: 404,
  level: 'error',
  message: '---GlobalErrorHandler--- Student not Found',
  stack: 'Error: Student not Found\n' +
    '    at C:\\Users\\satay\\Desktop\\level 2\\University-Management-System\\src\\app\\modules\\student\\student.service.ts:75:11\n' +
    '    at Generator.next (<anonymous>)\n' +
    '    at fulfilled (C:\\Users\\satay\\Desktop\\level 2\\University-Management-System\\src\\app\\modules\\student\\student.service.ts:5:58)\n' +
    '    at processTicksAndRejections (node:internal/process/task_queues:95:5)',
  label: 'UM',
  timestamp: '2023-08-15T12:01:03.448Z'
}
{
  service: 'user-service',
  statusCode: 404,
  level: 'error',
  message: '---GlobalErrorHandler--- Student not Found',
  stack: 'Error: Student not Found\n' +
    '    at C:\\Users\\satay\\Desktop\\level 2\\University-Management-System\\src\\app\\modules\\student\\student.service.ts:75:11\n' +
    '    at Generator.next (<anonymous>)\n' +
    '    at fulfilled (C:\\Users\\satay\\Desktop\\level 2\\University-Management-System\\src\\app\\modules\\student\\student.service.ts:5:58)\n' +
    '    at processTicksAndRejections (node:internal/process/task_queues:95:5)',
  label: 'UM',
  timestamp: '2023-08-15T12:05:08.533Z'
}
{
  service: 'user-service',
  statusCode: 404,
  level: 'error',
  message: '---GlobalErrorHandler--- Student not Found',
  stack: 'Error: Student not Found\n' +
    '    at C:\\Users\\satay\\Desktop\\level 2\\University-Management-System\\src\\app\\modules\\student\\student.service.ts:75:11\n' +
    '    at Generator.next (<anonymous>)\n' +
    '    at fulfilled (C:\\Users\\satay\\Desktop\\level 2\\University-Management-System\\src\\app\\modules\\student\\student.service.ts:5:58)\n' +
    '    at processTicksAndRejections (node:internal/process/task_queues:95:5)',
  label: 'UM',
  timestamp: '2023-08-15T12:05:10.704Z'
}
{
  service: 'user-service',
  stringValue: '"230300001"',
  messageFormat: undefined,
  kind: 'ObjectId',
  value: '230300001',
  path: '_id',
  reason: BSONError: Argument passed in must be a string of 12 bytes or a string of 24 hex characters or an integer
      at new ObjectId (C:\Users\satay\Desktop\level 2\University-Management-System\node_modules\bson\src\objectid.ts:88:15)
      at castObjectId (C:\Users\satay\Desktop\level 2\University-Management-System\node_modules\mongoose\lib\cast\objectid.js:25:12)
      at ObjectId.cast (C:\Users\satay\Desktop\level 2\University-Management-System\node_modules\mongoose\lib\schema\objectid.js:246:12)
      at ObjectId.SchemaType.applySetters (C:\Users\satay\Desktop\level 2\University-Management-System\node_modules\mongoose\lib\schematype.js:1204:12)
      at ObjectId.SchemaType.castForQuery (C:\Users\satay\Desktop\level 2\University-Management-System\node_modules\mongoose\lib\schematype.js:1616:15)
      at cast (C:\Users\satay\Desktop\level 2\University-Management-System\node_modules\mongoose\lib\cast.js:348:32)
      at model.Query.Query.cast (C:\Users\satay\Desktop\level 2\University-Management-System\node_modules\mongoose\lib\query.js:4874:12)
      at model.Query.Query._castConditions (C:\Users\satay\Desktop\level 2\University-Management-System\node_modules\mongoose\lib\query.js:2210:10)
      at model.Query._findOne (C:\Users\satay\Desktop\level 2\University-Management-System\node_modules\mongoose\lib\query.js:2497:8)
      at model.Query.exec (C:\Users\satay\Desktop\level 2\University-Management-System\node_modules\mongoose\lib\query.js:4404:28),
  valueType: 'string',
  model: Model { Student },
  level: 'error',
  message: '---GlobalErrorHandler--- Cast to ObjectId failed for value "230300001" (type string) at path "_id" for model "Student"',
  stack: 'CastError: Cast to ObjectId failed for value "230300001" (type string) at path "_id" for model "Student"\n' +
    '    at ObjectId.cast (C:\\Users\\satay\\Desktop\\level 2\\University-Management-System\\node_modules\\mongoose\\lib\\schema\\objectid.js:248:11)\n' +
    '    at ObjectId.SchemaType.applySetters (C:\\Users\\satay\\Desktop\\level 2\\University-Management-System\\node_modules\\mongoose\\lib\\schematype.js:1204:12)\n' +
    '    at ObjectId.SchemaType.castForQuery (C:\\Users\\satay\\Desktop\\level 2\\University-Management-System\\node_modules\\mongoose\\lib\\schematype.js:1616:15)\n' +
    '    at cast (C:\\Users\\satay\\Desktop\\level 2\\University-Management-System\\node_modules\\mongoose\\lib\\cast.js:348:32)\n' +
    '    at model.Query.Query.cast (C:\\Users\\satay\\Desktop\\level 2\\University-Management-System\\node_modules\\mongoose\\lib\\query.js:4874:12)\n' +
    '    at model.Query.Query._castConditions (C:\\Users\\satay\\Desktop\\level 2\\University-Management-System\\node_modules\\mongoose\\lib\\query.js:2210:10)\n' +
    '    at model.Query._findOne (C:\\Users\\satay\\Desktop\\level 2\\University-Management-System\\node_modules\\mongoose\\lib\\query.js:2497:8)\n' +
    '    at model.Query.exec (C:\\Users\\satay\\Desktop\\level 2\\University-Management-System\\node_modules\\mongoose\\lib\\query.js:4404:28)\n' +
    '    at processTicksAndRejections (node:internal/process/task_queues:95:5)',
  label: 'UM',
  timestamp: '2023-08-15T12:08:26.986Z'
}
{
  service: 'user-service',
  stringValue: '"230300001"',
  messageFormat: undefined,
  kind: 'ObjectId',
  value: '230300001',
  path: '_id',
  reason: BSONError: Argument passed in must be a string of 12 bytes or a string of 24 hex characters or an integer
      at new ObjectId (C:\Users\satay\Desktop\level 2\University-Management-System\node_modules\bson\src\objectid.ts:88:15)
      at castObjectId (C:\Users\satay\Desktop\level 2\University-Management-System\node_modules\mongoose\lib\cast\objectid.js:25:12)
      at ObjectId.cast (C:\Users\satay\Desktop\level 2\University-Management-System\node_modules\mongoose\lib\schema\objectid.js:246:12)
      at ObjectId.SchemaType.applySetters (C:\Users\satay\Desktop\level 2\University-Management-System\node_modules\mongoose\lib\schematype.js:1204:12)
      at ObjectId.SchemaType.castForQuery (C:\Users\satay\Desktop\level 2\University-Management-System\node_modules\mongoose\lib\schematype.js:1616:15)
      at cast (C:\Users\satay\Desktop\level 2\University-Management-System\node_modules\mongoose\lib\cast.js:348:32)
      at model.Query.Query.cast (C:\Users\satay\Desktop\level 2\University-Management-System\node_modules\mongoose\lib\query.js:4874:12)
      at model.Query.Query._castConditions (C:\Users\satay\Desktop\level 2\University-Management-System\node_modules\mongoose\lib\query.js:2210:10)
      at model.Query._findOneAndUpdate (C:\Users\satay\Desktop\level 2\University-Management-System\node_modules\mongoose\lib\query.js:3284:8)
      at model.Query.exec (C:\Users\satay\Desktop\level 2\University-Management-System\node_modules\mongoose\lib\query.js:4404:28),
  valueType: 'string',
  model: Model { Student },
  level: 'error',
  message: '---GlobalErrorHandler--- Cast to ObjectId failed for value "230300001" (type string) at path "_id" for model "Student"',
  stack: 'CastError: Cast to ObjectId failed for value "230300001" (type string) at path "_id" for model "Student"\n' +
    '    at ObjectId.cast (C:\\Users\\satay\\Desktop\\level 2\\University-Management-System\\node_modules\\mongoose\\lib\\schema\\objectid.js:248:11)\n' +
    '    at ObjectId.SchemaType.applySetters (C:\\Users\\satay\\Desktop\\level 2\\University-Management-System\\node_modules\\mongoose\\lib\\schematype.js:1204:12)\n' +
    '    at ObjectId.SchemaType.castForQuery (C:\\Users\\satay\\Desktop\\level 2\\University-Management-System\\node_modules\\mongoose\\lib\\schematype.js:1616:15)\n' +
    '    at cast (C:\\Users\\satay\\Desktop\\level 2\\University-Management-System\\node_modules\\mongoose\\lib\\cast.js:348:32)\n' +
    '    at model.Query.Query.cast (C:\\Users\\satay\\Desktop\\level 2\\University-Management-System\\node_modules\\mongoose\\lib\\query.js:4874:12)\n' +
    '    at model.Query.Query._castConditions (C:\\Users\\satay\\Desktop\\level 2\\University-Management-System\\node_modules\\mongoose\\lib\\query.js:2210:10)\n' +
    '    at model.Query._findOneAndUpdate (C:\\Users\\satay\\Desktop\\level 2\\University-Management-System\\node_modules\\mongoose\\lib\\query.js:3284:8)\n' +
    '    at model.Query.exec (C:\\Users\\satay\\Desktop\\level 2\\University-Management-System\\node_modules\\mongoose\\lib\\query.js:4404:28)\n' +
    '    at processTicksAndRejections (node:internal/process/task_queues:95:5)',
  label: 'UM',
  timestamp: '2023-08-15T12:12:05.500Z'
}
{
  service: 'user-service',
  issues: [
    {
      code: 'invalid_type',
      expected: 'object',
      received: 'undefined',
      path: [ 'body', 'name' ],
      message: 'Required'
    }
  ],
  addIssue: [Function (anonymous)],
  addIssues: [Function (anonymous)],
  name: 'ZodError',
  level: 'error',
  message: '---GlobalErrorHandler--- [\n' +
    '  {\n' +
    '    "code": "invalid_type",\n' +
    '    "expected": "object",\n' +
    '    "received": "undefined",\n' +
    '    "path": [\n' +
    '      "body",\n' +
    '      "name"\n' +
    '    ],\n' +
    '    "message": "Required"\n' +
    '  }\n' +
    ']',
  stack: 'ZodError: [\n' +
    '  {\n' +
    '    "code": "invalid_type",\n' +
    '    "expected": "object",\n' +
    '    "received": "undefined",\n' +
    '    "path": [\n' +
    '      "body",\n' +
    '      "name"\n' +
    '    ],\n' +
    '    "message": "Required"\n' +
    '  }\n' +
    ']\n' +
    '    at Object.get error [as error] (C:\\Users\\satay\\Desktop\\level 2\\University-Management-System\\node_modules\\zod\\lib\\types.js:43:31)\n' +
    '    at ZodObject.parseAsync (C:\\Users\\satay\\Desktop\\level 2\\University-Management-System\\node_modules\\zod\\lib\\types.js:164:22)\n' +
    '    at processTicksAndRejections (node:internal/process/task_queues:95:5)',
  label: 'UM',
  timestamp: '2023-08-15T12:13:58.315Z'
}
{
  service: 'user-service',
  index: 0,
  code: 11000,
  keyPattern: { title: 1 },
  keyValue: { title: 'Science' },
  level: 'error',
  message: '---GlobalErrorHandler--- E11000 duplicate key error collection: university-managment-sysem.academicfaculties index: title_1 dup key: { title: "Science" }',
  stack: 'MongoServerError: E11000 duplicate key error collection: university-managment-sysem.academicfaculties index: title_1 dup key: { title: "Science" }\n' +
    '    at C:\\Users\\satay\\Desktop\\level 2\\University-Management-System\\node_modules\\mongodb\\src\\operations\\insert.ts:85:25\n' +
    '    at C:\\Users\\satay\\Desktop\\level 2\\University-Management-System\\node_modules\\mongodb\\src\\cmap\\connection_pool.ts:574:11\n' +
    '    at C:\\Users\\satay\\Desktop\\level 2\\University-Management-System\\node_modules\\mongodb\\src\\sdam\\server.ts:368:13\n' +
    '    at handleOperationResult (C:\\Users\\satay\\Desktop\\level 2\\University-Management-System\\node_modules\\mongodb\\src\\sdam\\server.ts:502:14)\n' +
    '    at Connection.onMessage (C:\\Users\\satay\\Desktop\\level 2\\University-Management-System\\node_modules\\mongodb\\src\\cmap\\connection.ts:418:5)\n' +
    '    at MessageStream.<anonymous> (C:\\Users\\satay\\Desktop\\level 2\\University-Management-System\\node_modules\\mongodb\\src\\cmap\\connection.ts:243:56)\n' +
    '    at MessageStream.emit (node:events:513:28)\n' +
    '    at processIncomingData (C:\\Users\\satay\\Desktop\\level 2\\University-Management-System\\node_modules\\mongodb\\src\\cmap\\message_stream.ts:187:12)\n' +
    '    at MessageStream._write (C:\\Users\\satay\\Desktop\\level 2\\University-Management-System\\node_modules\\mongodb\\src\\cmap\\message_stream.ts:68:5)\n' +
    '    at writeOrBuffer (node:internal/streams/writable:392:12)',
  label: 'UM',
  timestamp: '2023-08-15T12:21:40.153Z',
  [Symbol(errorLabels)]: Set(0) {}
}
{
  service: 'user-service',
  index: 0,
  code: 11000,
  keyPattern: { email: 1 },
  keyValue: { email: 'fr79977@gmail.com' },
  level: 'error',
  message: '---GlobalErrorHandler--- E11000 duplicate key error collection: university-managment-sysem.students index: email_1 dup key: { email: "fr79977@gmail.com" }',
  stack: 'MongoServerError: E11000 duplicate key error collection: university-managment-sysem.students index: email_1 dup key: { email: "fr79977@gmail.com" }\n' +
    '    at C:\\Users\\satay\\Desktop\\level 2\\University-Management-System\\node_modules\\mongodb\\src\\operations\\insert.ts:85:25\n' +
    '    at C:\\Users\\satay\\Desktop\\level 2\\University-Management-System\\node_modules\\mongodb\\src\\cmap\\connection_pool.ts:574:11\n' +
    '    at C:\\Users\\satay\\Desktop\\level 2\\University-Management-System\\node_modules\\mongodb\\src\\sdam\\server.ts:368:13\n' +
    '    at handleOperationResult (C:\\Users\\satay\\Desktop\\level 2\\University-Management-System\\node_modules\\mongodb\\src\\sdam\\server.ts:502:14)\n' +
    '    at Connection.onMessage (C:\\Users\\satay\\Desktop\\level 2\\University-Management-System\\node_modules\\mongodb\\src\\cmap\\connection.ts:418:5)\n' +
    '    at MessageStream.<anonymous> (C:\\Users\\satay\\Desktop\\level 2\\University-Management-System\\node_modules\\mongodb\\src\\cmap\\connection.ts:243:56)\n' +
    '    at MessageStream.emit (node:events:513:28)\n' +
    '    at processIncomingData (C:\\Users\\satay\\Desktop\\level 2\\University-Management-System\\node_modules\\mongodb\\src\\cmap\\message_stream.ts:187:12)\n' +
    '    at MessageStream._write (C:\\Users\\satay\\Desktop\\level 2\\University-Management-System\\node_modules\\mongodb\\src\\cmap\\message_stream.ts:68:5)\n' +
    '    at writeOrBuffer (node:internal/streams/writable:392:12)',
  label: 'UM',
  timestamp: '2023-08-15T12:26:45.500Z',
  [Symbol(errorLabels)]: Set(0) {}
}
{
  service: 'user-service',
  stringValue: '"230300001"',
  messageFormat: undefined,
  kind: 'ObjectId',
  value: '230300001',
  path: '_id',
  reason: BSONError: Argument passed in must be a string of 12 bytes or a string of 24 hex characters or an integer
      at new ObjectId (C:\Users\satay\Desktop\level 2\University-Management-System\node_modules\bson\src\objectid.ts:88:15)
      at castObjectId (C:\Users\satay\Desktop\level 2\University-Management-System\node_modules\mongoose\lib\cast\objectid.js:25:12)
      at ObjectId.cast (C:\Users\satay\Desktop\level 2\University-Management-System\node_modules\mongoose\lib\schema\objectid.js:246:12)
      at ObjectId.SchemaType.applySetters (C:\Users\satay\Desktop\level 2\University-Management-System\node_modules\mongoose\lib\schematype.js:1204:12)
      at ObjectId.SchemaType.castForQuery (C:\Users\satay\Desktop\level 2\University-Management-System\node_modules\mongoose\lib\schematype.js:1616:15)
      at cast (C:\Users\satay\Desktop\level 2\University-Management-System\node_modules\mongoose\lib\cast.js:348:32)
      at model.Query.Query.cast (C:\Users\satay\Desktop\level 2\University-Management-System\node_modules\mongoose\lib\query.js:4874:12)
      at model.Query.Query._castConditions (C:\Users\satay\Desktop\level 2\University-Management-System\node_modules\mongoose\lib\query.js:2210:10)
      at model.Query._findOneAndDelete (C:\Users\satay\Desktop\level 2\University-Management-System\node_modules\mongoose\lib\query.js:3480:8)
      at model.Query.exec (C:\Users\satay\Desktop\level 2\University-Management-System\node_modules\mongoose\lib\query.js:4404:28),
  valueType: 'string',
  model: Model { Student },
  level: 'error',
  message: '---GlobalErrorHandler--- Cast to ObjectId failed for value "230300001" (type string) at path "_id" for model "Student"',
  stack: 'CastError: Cast to ObjectId failed for value "230300001" (type string) at path "_id" for model "Student"\n' +
    '    at ObjectId.cast (C:\\Users\\satay\\Desktop\\level 2\\University-Management-System\\node_modules\\mongoose\\lib\\schema\\objectid.js:248:11)\n' +
    '    at ObjectId.SchemaType.applySetters (C:\\Users\\satay\\Desktop\\level 2\\University-Management-System\\node_modules\\mongoose\\lib\\schematype.js:1204:12)\n' +
    '    at ObjectId.SchemaType.castForQuery (C:\\Users\\satay\\Desktop\\level 2\\University-Management-System\\node_modules\\mongoose\\lib\\schematype.js:1616:15)\n' +
    '    at cast (C:\\Users\\satay\\Desktop\\level 2\\University-Management-System\\node_modules\\mongoose\\lib\\cast.js:348:32)\n' +
    '    at model.Query.Query.cast (C:\\Users\\satay\\Desktop\\level 2\\University-Management-System\\node_modules\\mongoose\\lib\\query.js:4874:12)\n' +
    '    at model.Query.Query._castConditions (C:\\Users\\satay\\Desktop\\level 2\\University-Management-System\\node_modules\\mongoose\\lib\\query.js:2210:10)\n' +
    '    at model.Query._findOneAndDelete (C:\\Users\\satay\\Desktop\\level 2\\University-Management-System\\node_modules\\mongoose\\lib\\query.js:3480:8)\n' +
    '    at model.Query.exec (C:\\Users\\satay\\Desktop\\level 2\\University-Management-System\\node_modules\\mongoose\\lib\\query.js:4404:28)\n' +
    '    at processTicksAndRejections (node:internal/process/task_queues:95:5)',
  label: 'UM',
  timestamp: '2023-08-15T12:27:35.768Z'
}
{
  service: 'user-service',
  stringValue: '"230300001"',
  messageFormat: undefined,
  kind: 'ObjectId',
  value: '230300001',
  path: '_id',
  reason: BSONError: Argument passed in must be a string of 12 bytes or a string of 24 hex characters or an integer
      at new ObjectId (C:\Users\satay\Desktop\level 2\University-Management-System\node_modules\bson\src\objectid.ts:88:15)
      at castObjectId (C:\Users\satay\Desktop\level 2\University-Management-System\node_modules\mongoose\lib\cast\objectid.js:25:12)
      at ObjectId.cast (C:\Users\satay\Desktop\level 2\University-Management-System\node_modules\mongoose\lib\schema\objectid.js:246:12)
      at ObjectId.SchemaType.applySetters (C:\Users\satay\Desktop\level 2\University-Management-System\node_modules\mongoose\lib\schematype.js:1204:12)
      at ObjectId.SchemaType.castForQuery (C:\Users\satay\Desktop\level 2\University-Management-System\node_modules\mongoose\lib\schematype.js:1616:15)
      at cast (C:\Users\satay\Desktop\level 2\University-Management-System\node_modules\mongoose\lib\cast.js:348:32)
      at model.Query.Query.cast (C:\Users\satay\Desktop\level 2\University-Management-System\node_modules\mongoose\lib\query.js:4874:12)
      at model.Query.Query._castConditions (C:\Users\satay\Desktop\level 2\University-Management-System\node_modules\mongoose\lib\query.js:2210:10)
      at model.Query._findOneAndDelete (C:\Users\satay\Desktop\level 2\University-Management-System\node_modules\mongoose\lib\query.js:3480:8)
      at model.Query.exec (C:\Users\satay\Desktop\level 2\University-Management-System\node_modules\mongoose\lib\query.js:4404:28),
  valueType: 'string',
  model: Model { Student },
  level: 'error',
  message: '---GlobalErrorHandler--- Cast to ObjectId failed for value "230300001" (type string) at path "_id" for model "Student"',
  stack: 'CastError: Cast to ObjectId failed for value "230300001" (type string) at path "_id" for model "Student"\n' +
    '    at ObjectId.cast (C:\\Users\\satay\\Desktop\\level 2\\University-Management-System\\node_modules\\mongoose\\lib\\schema\\objectid.js:248:11)\n' +
    '    at ObjectId.SchemaType.applySetters (C:\\Users\\satay\\Desktop\\level 2\\University-Management-System\\node_modules\\mongoose\\lib\\schematype.js:1204:12)\n' +
    '    at ObjectId.SchemaType.castForQuery (C:\\Users\\satay\\Desktop\\level 2\\University-Management-System\\node_modules\\mongoose\\lib\\schematype.js:1616:15)\n' +
    '    at cast (C:\\Users\\satay\\Desktop\\level 2\\University-Management-System\\node_modules\\mongoose\\lib\\cast.js:348:32)\n' +
    '    at model.Query.Query.cast (C:\\Users\\satay\\Desktop\\level 2\\University-Management-System\\node_modules\\mongoose\\lib\\query.js:4874:12)\n' +
    '    at model.Query.Query._castConditions (C:\\Users\\satay\\Desktop\\level 2\\University-Management-System\\node_modules\\mongoose\\lib\\query.js:2210:10)\n' +
    '    at model.Query._findOneAndDelete (C:\\Users\\satay\\Desktop\\level 2\\University-Management-System\\node_modules\\mongoose\\lib\\query.js:3480:8)\n' +
    '    at model.Query.exec (C:\\Users\\satay\\Desktop\\level 2\\University-Management-System\\node_modules\\mongoose\\lib\\query.js:4404:28)\n' +
    '    at processTicksAndRejections (node:internal/process/task_queues:95:5)',
  label: 'UM',
  timestamp: '2023-08-15T12:27:42.734Z'
}
{
  service: 'user-service',
  stringValue: '"230300001"',
  messageFormat: undefined,
  kind: 'ObjectId',
  value: '230300001',
  path: '_id',
  reason: BSONError: Argument passed in must be a string of 12 bytes or a string of 24 hex characters or an integer
      at new ObjectId (C:\Users\satay\Desktop\level 2\University-Management-System\node_modules\bson\src\objectid.ts:88:15)
      at castObjectId (C:\Users\satay\Desktop\level 2\University-Management-System\node_modules\mongoose\lib\cast\objectid.js:25:12)
      at ObjectId.cast (C:\Users\satay\Desktop\level 2\University-Management-System\node_modules\mongoose\lib\schema\objectid.js:246:12)
      at ObjectId.SchemaType.applySetters (C:\Users\satay\Desktop\level 2\University-Management-System\node_modules\mongoose\lib\schematype.js:1204:12)
      at ObjectId.SchemaType.castForQuery (C:\Users\satay\Desktop\level 2\University-Management-System\node_modules\mongoose\lib\schematype.js:1616:15)
      at cast (C:\Users\satay\Desktop\level 2\University-Management-System\node_modules\mongoose\lib\cast.js:348:32)
      at model.Query.Query.cast (C:\Users\satay\Desktop\level 2\University-Management-System\node_modules\mongoose\lib\query.js:4874:12)
      at model.Query.Query._castConditions (C:\Users\satay\Desktop\level 2\University-Management-System\node_modules\mongoose\lib\query.js:2210:10)
      at model.Query._findOneAndDelete (C:\Users\satay\Desktop\level 2\University-Management-System\node_modules\mongoose\lib\query.js:3480:8)
      at model.Query.exec (C:\Users\satay\Desktop\level 2\University-Management-System\node_modules\mongoose\lib\query.js:4404:28),
  valueType: 'string',
  model: Model { Student },
  level: 'error',
  message: '---GlobalErrorHandler--- Cast to ObjectId failed for value "230300001" (type string) at path "_id" for model "Student"',
  stack: 'CastError: Cast to ObjectId failed for value "230300001" (type string) at path "_id" for model "Student"\n' +
    '    at ObjectId.cast (C:\\Users\\satay\\Desktop\\level 2\\University-Management-System\\node_modules\\mongoose\\lib\\schema\\objectid.js:248:11)\n' +
    '    at ObjectId.SchemaType.applySetters (C:\\Users\\satay\\Desktop\\level 2\\University-Management-System\\node_modules\\mongoose\\lib\\schematype.js:1204:12)\n' +
    '    at ObjectId.SchemaType.castForQuery (C:\\Users\\satay\\Desktop\\level 2\\University-Management-System\\node_modules\\mongoose\\lib\\schematype.js:1616:15)\n' +
    '    at cast (C:\\Users\\satay\\Desktop\\level 2\\University-Management-System\\node_modules\\mongoose\\lib\\cast.js:348:32)\n' +
    '    at model.Query.Query.cast (C:\\Users\\satay\\Desktop\\level 2\\University-Management-System\\node_modules\\mongoose\\lib\\query.js:4874:12)\n' +
    '    at model.Query.Query._castConditions (C:\\Users\\satay\\Desktop\\level 2\\University-Management-System\\node_modules\\mongoose\\lib\\query.js:2210:10)\n' +
    '    at model.Query._findOneAndDelete (C:\\Users\\satay\\Desktop\\level 2\\University-Management-System\\node_modules\\mongoose\\lib\\query.js:3480:8)\n' +
    '    at model.Query.exec (C:\\Users\\satay\\Desktop\\level 2\\University-Management-System\\node_modules\\mongoose\\lib\\query.js:4404:28)\n' +
    '    at processTicksAndRejections (node:internal/process/task_queues:95:5)',
  label: 'UM',
  timestamp: '2023-08-15T12:27:48.420Z'
}
{
  service: 'user-service',
  stringValue: '"230300001"',
  messageFormat: undefined,
  kind: 'ObjectId',
  value: '230300001',
  path: '_id',
  reason: BSONError: Argument passed in must be a string of 12 bytes or a string of 24 hex characters or an integer
      at new ObjectId (C:\Users\satay\Desktop\level 2\University-Management-System\node_modules\bson\src\objectid.ts:88:15)
      at castObjectId (C:\Users\satay\Desktop\level 2\University-Management-System\node_modules\mongoose\lib\cast\objectid.js:25:12)
      at ObjectId.cast (C:\Users\satay\Desktop\level 2\University-Management-System\node_modules\mongoose\lib\schema\objectid.js:246:12)
      at ObjectId.SchemaType.applySetters (C:\Users\satay\Desktop\level 2\University-Management-System\node_modules\mongoose\lib\schematype.js:1204:12)
      at ObjectId.SchemaType.castForQuery (C:\Users\satay\Desktop\level 2\University-Management-System\node_modules\mongoose\lib\schematype.js:1616:15)
      at cast (C:\Users\satay\Desktop\level 2\University-Management-System\node_modules\mongoose\lib\cast.js:348:32)
      at model.Query.Query.cast (C:\Users\satay\Desktop\level 2\University-Management-System\node_modules\mongoose\lib\query.js:4874:12)
      at model.Query.Query._castConditions (C:\Users\satay\Desktop\level 2\University-Management-System\node_modules\mongoose\lib\query.js:2210:10)
      at model.Query._findOneAndDelete (C:\Users\satay\Desktop\level 2\University-Management-System\node_modules\mongoose\lib\query.js:3480:8)
      at model.Query.exec (C:\Users\satay\Desktop\level 2\University-Management-System\node_modules\mongoose\lib\query.js:4404:28),
  valueType: 'string',
  model: Model { Student },
  level: 'error',
  message: '---GlobalErrorHandler--- Cast to ObjectId failed for value "230300001" (type string) at path "_id" for model "Student"',
  stack: 'CastError: Cast to ObjectId failed for value "230300001" (type string) at path "_id" for model "Student"\n' +
    '    at ObjectId.cast (C:\\Users\\satay\\Desktop\\level 2\\University-Management-System\\node_modules\\mongoose\\lib\\schema\\objectid.js:248:11)\n' +
    '    at ObjectId.SchemaType.applySetters (C:\\Users\\satay\\Desktop\\level 2\\University-Management-System\\node_modules\\mongoose\\lib\\schematype.js:1204:12)\n' +
    '    at ObjectId.SchemaType.castForQuery (C:\\Users\\satay\\Desktop\\level 2\\University-Management-System\\node_modules\\mongoose\\lib\\schematype.js:1616:15)\n' +
    '    at cast (C:\\Users\\satay\\Desktop\\level 2\\University-Management-System\\node_modules\\mongoose\\lib\\cast.js:348:32)\n' +
    '    at model.Query.Query.cast (C:\\Users\\satay\\Desktop\\level 2\\University-Management-System\\node_modules\\mongoose\\lib\\query.js:4874:12)\n' +
    '    at model.Query.Query._castConditions (C:\\Users\\satay\\Desktop\\level 2\\University-Management-System\\node_modules\\mongoose\\lib\\query.js:2210:10)\n' +
    '    at model.Query._findOneAndDelete (C:\\Users\\satay\\Desktop\\level 2\\University-Management-System\\node_modules\\mongoose\\lib\\query.js:3480:8)\n' +
    '    at model.Query.exec (C:\\Users\\satay\\Desktop\\level 2\\University-Management-System\\node_modules\\mongoose\\lib\\query.js:4404:28)\n' +
    '    at processTicksAndRejections (node:internal/process/task_queues:95:5)',
  label: 'UM',
  timestamp: '2023-08-15T12:28:44.613Z'
}
{
  service: 'user-service',
  stringValue: '"230300001"',
  messageFormat: undefined,
  kind: 'ObjectId',
  value: '230300001',
  path: '_id',
  reason: BSONError: Argument passed in must be a string of 12 bytes or a string of 24 hex characters or an integer
      at new ObjectId (C:\Users\satay\Desktop\level 2\University-Management-System\node_modules\bson\src\objectid.ts:88:15)
      at castObjectId (C:\Users\satay\Desktop\level 2\University-Management-System\node_modules\mongoose\lib\cast\objectid.js:25:12)
      at ObjectId.cast (C:\Users\satay\Desktop\level 2\University-Management-System\node_modules\mongoose\lib\schema\objectid.js:246:12)
      at ObjectId.SchemaType.applySetters (C:\Users\satay\Desktop\level 2\University-Management-System\node_modules\mongoose\lib\schematype.js:1204:12)
      at ObjectId.SchemaType.castForQuery (C:\Users\satay\Desktop\level 2\University-Management-System\node_modules\mongoose\lib\schematype.js:1616:15)
      at cast (C:\Users\satay\Desktop\level 2\University-Management-System\node_modules\mongoose\lib\cast.js:348:32)
      at model.Query.Query.cast (C:\Users\satay\Desktop\level 2\University-Management-System\node_modules\mongoose\lib\query.js:4874:12)
      at model.Query.Query._castConditions (C:\Users\satay\Desktop\level 2\University-Management-System\node_modules\mongoose\lib\query.js:2210:10)
      at model.Query._findOneAndDelete (C:\Users\satay\Desktop\level 2\University-Management-System\node_modules\mongoose\lib\query.js:3480:8)
      at model.Query.exec (C:\Users\satay\Desktop\level 2\University-Management-System\node_modules\mongoose\lib\query.js:4404:28),
  valueType: 'string',
  model: Model { Student },
  level: 'error',
  message: '---GlobalErrorHandler--- Cast to ObjectId failed for value "230300001" (type string) at path "_id" for model "Student"',
  stack: 'CastError: Cast to ObjectId failed for value "230300001" (type string) at path "_id" for model "Student"\n' +
    '    at ObjectId.cast (C:\\Users\\satay\\Desktop\\level 2\\University-Management-System\\node_modules\\mongoose\\lib\\schema\\objectid.js:248:11)\n' +
    '    at ObjectId.SchemaType.applySetters (C:\\Users\\satay\\Desktop\\level 2\\University-Management-System\\node_modules\\mongoose\\lib\\schematype.js:1204:12)\n' +
    '    at ObjectId.SchemaType.castForQuery (C:\\Users\\satay\\Desktop\\level 2\\University-Management-System\\node_modules\\mongoose\\lib\\schematype.js:1616:15)\n' +
    '    at cast (C:\\Users\\satay\\Desktop\\level 2\\University-Management-System\\node_modules\\mongoose\\lib\\cast.js:348:32)\n' +
    '    at model.Query.Query.cast (C:\\Users\\satay\\Desktop\\level 2\\University-Management-System\\node_modules\\mongoose\\lib\\query.js:4874:12)\n' +
    '    at model.Query.Query._castConditions (C:\\Users\\satay\\Desktop\\level 2\\University-Management-System\\node_modules\\mongoose\\lib\\query.js:2210:10)\n' +
    '    at model.Query._findOneAndDelete (C:\\Users\\satay\\Desktop\\level 2\\University-Management-System\\node_modules\\mongoose\\lib\\query.js:3480:8)\n' +
    '    at model.Query.exec (C:\\Users\\satay\\Desktop\\level 2\\University-Management-System\\node_modules\\mongoose\\lib\\query.js:4404:28)\n' +
    '    at processTicksAndRejections (node:internal/process/task_queues:95:5)',
  label: 'UM',
  timestamp: '2023-08-15T12:29:05.850Z'
}
{
  service: 'user-service',
  stringValue: `"{ id: '230300001' }"`,
  messageFormat: undefined,
  kind: 'ObjectId',
  value: { id: '230300001' },
  path: '_id',
  reason: BSONError: Argument passed in must be a string of 12 bytes or a string of 24 hex characters or an integer
      at new ObjectId (C:\Users\satay\Desktop\level 2\University-Management-System\node_modules\bson\src\objectid.ts:88:15)
      at castObjectId (C:\Users\satay\Desktop\level 2\University-Management-System\node_modules\mongoose\lib\cast\objectid.js:25:12)
      at ObjectId.cast (C:\Users\satay\Desktop\level 2\University-Management-System\node_modules\mongoose\lib\schema\objectid.js:246:12)
      at ObjectId.SchemaType.applySetters (C:\Users\satay\Desktop\level 2\University-Management-System\node_modules\mongoose\lib\schematype.js:1204:12)
      at ObjectId.SchemaType.castForQuery (C:\Users\satay\Desktop\level 2\University-Management-System\node_modules\mongoose\lib\schematype.js:1616:15)
      at cast (C:\Users\satay\Desktop\level 2\University-Management-System\node_modules\mongoose\lib\cast.js:290:34)
      at model.Query.Query.cast (C:\Users\satay\Desktop\level 2\University-Management-System\node_modules\mongoose\lib\query.js:4874:12)
      at model.Query.Query._castConditions (C:\Users\satay\Desktop\level 2\University-Management-System\node_modules\mongoose\lib\query.js:2210:10)
      at model.Query._findOneAndDelete (C:\Users\satay\Desktop\level 2\University-Management-System\node_modules\mongoose\lib\query.js:3480:8)
      at model.Query.exec (C:\Users\satay\Desktop\level 2\University-Management-System\node_modules\mongoose\lib\query.js:4404:28),
  valueType: 'Object',
  model: Model { Student },
  level: 'error',
  message: `---GlobalErrorHandler--- Cast to ObjectId failed for value "{ id: '230300001' }" (type Object) at path "_id" for model "Student"`,
  stack: `CastError: Cast to ObjectId failed for value "{ id: '230300001' }" (type Object) at path "_id" for model "Student"\n` +
    '    at ObjectId.cast (C:\\Users\\satay\\Desktop\\level 2\\University-Management-System\\node_modules\\mongoose\\lib\\schema\\objectid.js:248:11)\n' +
    '    at ObjectId.SchemaType.applySetters (C:\\Users\\satay\\Desktop\\level 2\\University-Management-System\\node_modules\\mongoose\\lib\\schematype.js:1204:12)\n' +
    '    at ObjectId.SchemaType.castForQuery (C:\\Users\\satay\\Desktop\\level 2\\University-Management-System\\node_modules\\mongoose\\lib\\schematype.js:1616:15)\n' +
    '    at cast (C:\\Users\\satay\\Desktop\\level 2\\University-Management-System\\node_modules\\mongoose\\lib\\cast.js:290:34)\n' +
    '    at model.Query.Query.cast (C:\\Users\\satay\\Desktop\\level 2\\University-Management-System\\node_modules\\mongoose\\lib\\query.js:4874:12)\n' +
    '    at model.Query.Query._castConditions (C:\\Users\\satay\\Desktop\\level 2\\University-Management-System\\node_modules\\mongoose\\lib\\query.js:2210:10)\n' +
    '    at model.Query._findOneAndDelete (C:\\Users\\satay\\Desktop\\level 2\\University-Management-System\\node_modules\\mongoose\\lib\\query.js:3480:8)\n' +
    '    at model.Query.exec (C:\\Users\\satay\\Desktop\\level 2\\University-Management-System\\node_modules\\mongoose\\lib\\query.js:4404:28)\n' +
    '    at processTicksAndRejections (node:internal/process/task_queues:95:5)',
  label: 'UM',
  timestamp: '2023-08-15T12:29:34.645Z'
}
{
  service: 'user-service',
  stringValue: `"{ id: '230300001' }"`,
  messageFormat: undefined,
  kind: 'ObjectId',
  value: { id: '230300001' },
  path: '_id',
  reason: BSONError: Argument passed in must be a string of 12 bytes or a string of 24 hex characters or an integer
      at new ObjectId (C:\Users\satay\Desktop\level 2\University-Management-System\node_modules\bson\src\objectid.ts:88:15)
      at castObjectId (C:\Users\satay\Desktop\level 2\University-Management-System\node_modules\mongoose\lib\cast\objectid.js:25:12)
      at ObjectId.cast (C:\Users\satay\Desktop\level 2\University-Management-System\node_modules\mongoose\lib\schema\objectid.js:246:12)
      at ObjectId.SchemaType.applySetters (C:\Users\satay\Desktop\level 2\University-Management-System\node_modules\mongoose\lib\schematype.js:1204:12)
      at ObjectId.SchemaType.castForQuery (C:\Users\satay\Desktop\level 2\University-Management-System\node_modules\mongoose\lib\schematype.js:1616:15)
      at cast (C:\Users\satay\Desktop\level 2\University-Management-System\node_modules\mongoose\lib\cast.js:290:34)
      at model.Query.Query.cast (C:\Users\satay\Desktop\level 2\University-Management-System\node_modules\mongoose\lib\query.js:4874:12)
      at model.Query.Query._castConditions (C:\Users\satay\Desktop\level 2\University-Management-System\node_modules\mongoose\lib\query.js:2210:10)
      at model.Query._findOneAndDelete (C:\Users\satay\Desktop\level 2\University-Management-System\node_modules\mongoose\lib\query.js:3480:8)
      at model.Query.exec (C:\Users\satay\Desktop\level 2\University-Management-System\node_modules\mongoose\lib\query.js:4404:28),
  valueType: 'Object',
  model: Model { Student },
  level: 'error',
  message: `---GlobalErrorHandler--- Cast to ObjectId failed for value "{ id: '230300001' }" (type Object) at path "_id" for model "Student"`,
  stack: `CastError: Cast to ObjectId failed for value "{ id: '230300001' }" (type Object) at path "_id" for model "Student"\n` +
    '    at ObjectId.cast (C:\\Users\\satay\\Desktop\\level 2\\University-Management-System\\node_modules\\mongoose\\lib\\schema\\objectid.js:248:11)\n' +
    '    at ObjectId.SchemaType.applySetters (C:\\Users\\satay\\Desktop\\level 2\\University-Management-System\\node_modules\\mongoose\\lib\\schematype.js:1204:12)\n' +
    '    at ObjectId.SchemaType.castForQuery (C:\\Users\\satay\\Desktop\\level 2\\University-Management-System\\node_modules\\mongoose\\lib\\schematype.js:1616:15)\n' +
    '    at cast (C:\\Users\\satay\\Desktop\\level 2\\University-Management-System\\node_modules\\mongoose\\lib\\cast.js:290:34)\n' +
    '    at model.Query.Query.cast (C:\\Users\\satay\\Desktop\\level 2\\University-Management-System\\node_modules\\mongoose\\lib\\query.js:4874:12)\n' +
    '    at model.Query.Query._castConditions (C:\\Users\\satay\\Desktop\\level 2\\University-Management-System\\node_modules\\mongoose\\lib\\query.js:2210:10)\n' +
    '    at model.Query._findOneAndDelete (C:\\Users\\satay\\Desktop\\level 2\\University-Management-System\\node_modules\\mongoose\\lib\\query.js:3480:8)\n' +
    '    at model.Query.exec (C:\\Users\\satay\\Desktop\\level 2\\University-Management-System\\node_modules\\mongoose\\lib\\query.js:4404:28)\n' +
    '    at processTicksAndRejections (node:internal/process/task_queues:95:5)',
  label: 'UM',
  timestamp: '2023-08-15T12:29:36.416Z'
}
{
  service: 'user-service',
  stringValue: `"{ id: '230300001' }"`,
  messageFormat: undefined,
  kind: 'ObjectId',
  value: { id: '230300001' },
  path: '_id',
  reason: BSONError: Argument passed in must be a string of 12 bytes or a string of 24 hex characters or an integer
      at new ObjectId (C:\Users\satay\Desktop\level 2\University-Management-System\node_modules\bson\src\objectid.ts:88:15)
      at castObjectId (C:\Users\satay\Desktop\level 2\University-Management-System\node_modules\mongoose\lib\cast\objectid.js:25:12)
      at ObjectId.cast (C:\Users\satay\Desktop\level 2\University-Management-System\node_modules\mongoose\lib\schema\objectid.js:246:12)
      at ObjectId.SchemaType.applySetters (C:\Users\satay\Desktop\level 2\University-Management-System\node_modules\mongoose\lib\schematype.js:1204:12)
      at ObjectId.SchemaType.castForQuery (C:\Users\satay\Desktop\level 2\University-Management-System\node_modules\mongoose\lib\schematype.js:1616:15)
      at cast (C:\Users\satay\Desktop\level 2\University-Management-System\node_modules\mongoose\lib\cast.js:290:34)
      at model.Query.Query.cast (C:\Users\satay\Desktop\level 2\University-Management-System\node_modules\mongoose\lib\query.js:4874:12)
      at model.Query.Query._castConditions (C:\Users\satay\Desktop\level 2\University-Management-System\node_modules\mongoose\lib\query.js:2210:10)
      at model.Query._findOneAndDelete (C:\Users\satay\Desktop\level 2\University-Management-System\node_modules\mongoose\lib\query.js:3480:8)
      at model.Query.exec (C:\Users\satay\Desktop\level 2\University-Management-System\node_modules\mongoose\lib\query.js:4404:28),
  valueType: 'Object',
  model: Model { Student },
  level: 'error',
  message: `---GlobalErrorHandler--- Cast to ObjectId failed for value "{ id: '230300001' }" (type Object) at path "_id" for model "Student"`,
  stack: `CastError: Cast to ObjectId failed for value "{ id: '230300001' }" (type Object) at path "_id" for model "Student"\n` +
    '    at ObjectId.cast (C:\\Users\\satay\\Desktop\\level 2\\University-Management-System\\node_modules\\mongoose\\lib\\schema\\objectid.js:248:11)\n' +
    '    at ObjectId.SchemaType.applySetters (C:\\Users\\satay\\Desktop\\level 2\\University-Management-System\\node_modules\\mongoose\\lib\\schematype.js:1204:12)\n' +
    '    at ObjectId.SchemaType.castForQuery (C:\\Users\\satay\\Desktop\\level 2\\University-Management-System\\node_modules\\mongoose\\lib\\schematype.js:1616:15)\n' +
    '    at cast (C:\\Users\\satay\\Desktop\\level 2\\University-Management-System\\node_modules\\mongoose\\lib\\cast.js:290:34)\n' +
    '    at model.Query.Query.cast (C:\\Users\\satay\\Desktop\\level 2\\University-Management-System\\node_modules\\mongoose\\lib\\query.js:4874:12)\n' +
    '    at model.Query.Query._castConditions (C:\\Users\\satay\\Desktop\\level 2\\University-Management-System\\node_modules\\mongoose\\lib\\query.js:2210:10)\n' +
    '    at model.Query._findOneAndDelete (C:\\Users\\satay\\Desktop\\level 2\\University-Management-System\\node_modules\\mongoose\\lib\\query.js:3480:8)\n' +
    '    at model.Query.exec (C:\\Users\\satay\\Desktop\\level 2\\University-Management-System\\node_modules\\mongoose\\lib\\query.js:4404:28)\n' +
    '    at processTicksAndRejections (node:internal/process/task_queues:95:5)',
  label: 'UM',
  timestamp: '2023-08-15T12:29:37.405Z'
}
{
  service: 'user-service',
  stringValue: `"{ id: '230300001' }"`,
  messageFormat: undefined,
  kind: 'ObjectId',
  value: { id: '230300001' },
  path: '_id',
  reason: BSONError: Argument passed in must be a string of 12 bytes or a string of 24 hex characters or an integer
      at new ObjectId (C:\Users\satay\Desktop\level 2\University-Management-System\node_modules\bson\src\objectid.ts:88:15)
      at castObjectId (C:\Users\satay\Desktop\level 2\University-Management-System\node_modules\mongoose\lib\cast\objectid.js:25:12)
      at ObjectId.cast (C:\Users\satay\Desktop\level 2\University-Management-System\node_modules\mongoose\lib\schema\objectid.js:246:12)
      at ObjectId.SchemaType.applySetters (C:\Users\satay\Desktop\level 2\University-Management-System\node_modules\mongoose\lib\schematype.js:1204:12)
      at ObjectId.SchemaType.castForQuery (C:\Users\satay\Desktop\level 2\University-Management-System\node_modules\mongoose\lib\schematype.js:1616:15)
      at cast (C:\Users\satay\Desktop\level 2\University-Management-System\node_modules\mongoose\lib\cast.js:290:34)
      at model.Query.Query.cast (C:\Users\satay\Desktop\level 2\University-Management-System\node_modules\mongoose\lib\query.js:4874:12)
      at model.Query.Query._castConditions (C:\Users\satay\Desktop\level 2\University-Management-System\node_modules\mongoose\lib\query.js:2210:10)
      at model.Query._findOneAndDelete (C:\Users\satay\Desktop\level 2\University-Management-System\node_modules\mongoose\lib\query.js:3480:8)
      at model.Query.exec (C:\Users\satay\Desktop\level 2\University-Management-System\node_modules\mongoose\lib\query.js:4404:28),
  valueType: 'Object',
  model: Model { Student },
  level: 'error',
  message: `---GlobalErrorHandler--- Cast to ObjectId failed for value "{ id: '230300001' }" (type Object) at path "_id" for model "Student"`,
  stack: `CastError: Cast to ObjectId failed for value "{ id: '230300001' }" (type Object) at path "_id" for model "Student"\n` +
    '    at ObjectId.cast (C:\\Users\\satay\\Desktop\\level 2\\University-Management-System\\node_modules\\mongoose\\lib\\schema\\objectid.js:248:11)\n' +
    '    at ObjectId.SchemaType.applySetters (C:\\Users\\satay\\Desktop\\level 2\\University-Management-System\\node_modules\\mongoose\\lib\\schematype.js:1204:12)\n' +
    '    at ObjectId.SchemaType.castForQuery (C:\\Users\\satay\\Desktop\\level 2\\University-Management-System\\node_modules\\mongoose\\lib\\schematype.js:1616:15)\n' +
    '    at cast (C:\\Users\\satay\\Desktop\\level 2\\University-Management-System\\node_modules\\mongoose\\lib\\cast.js:290:34)\n' +
    '    at model.Query.Query.cast (C:\\Users\\satay\\Desktop\\level 2\\University-Management-System\\node_modules\\mongoose\\lib\\query.js:4874:12)\n' +
    '    at model.Query.Query._castConditions (C:\\Users\\satay\\Desktop\\level 2\\University-Management-System\\node_modules\\mongoose\\lib\\query.js:2210:10)\n' +
    '    at model.Query._findOneAndDelete (C:\\Users\\satay\\Desktop\\level 2\\University-Management-System\\node_modules\\mongoose\\lib\\query.js:3480:8)\n' +
    '    at model.Query.exec (C:\\Users\\satay\\Desktop\\level 2\\University-Management-System\\node_modules\\mongoose\\lib\\query.js:4404:28)\n' +
    '    at processTicksAndRejections (node:internal/process/task_queues:95:5)',
  label: 'UM',
  timestamp: '2023-08-15T12:29:37.905Z'
}
{
  service: 'user-service',
  stringValue: '"230300001"',
  messageFormat: undefined,
  kind: 'ObjectId',
  value: '230300001',
  path: '_id',
  reason: BSONError: Argument passed in must be a string of 12 bytes or a string of 24 hex characters or an integer
      at new ObjectId (C:\Users\satay\Desktop\level 2\University-Management-System\node_modules\bson\src\objectid.ts:88:15)
      at castObjectId (C:\Users\satay\Desktop\level 2\University-Management-System\node_modules\mongoose\lib\cast\objectid.js:25:12)
      at ObjectId.cast (C:\Users\satay\Desktop\level 2\University-Management-System\node_modules\mongoose\lib\schema\objectid.js:246:12)
      at ObjectId.SchemaType.applySetters (C:\Users\satay\Desktop\level 2\University-Management-System\node_modules\mongoose\lib\schematype.js:1204:12)
      at ObjectId.SchemaType.castForQuery (C:\Users\satay\Desktop\level 2\University-Management-System\node_modules\mongoose\lib\schematype.js:1616:15)
      at cast (C:\Users\satay\Desktop\level 2\University-Management-System\node_modules\mongoose\lib\cast.js:348:32)
      at model.Query.Query.cast (C:\Users\satay\Desktop\level 2\University-Management-System\node_modules\mongoose\lib\query.js:4874:12)
      at model.Query.Query._castConditions (C:\Users\satay\Desktop\level 2\University-Management-System\node_modules\mongoose\lib\query.js:2210:10)
      at model.Query._findOneAndDelete (C:\Users\satay\Desktop\level 2\University-Management-System\node_modules\mongoose\lib\query.js:3480:8)
      at model.Query.exec (C:\Users\satay\Desktop\level 2\University-Management-System\node_modules\mongoose\lib\query.js:4404:28),
  valueType: 'string',
  model: Model { Student },
  level: 'error',
  message: '---GlobalErrorHandler--- Cast to ObjectId failed for value "230300001" (type string) at path "_id" for model "Student"',
  stack: 'CastError: Cast to ObjectId failed for value "230300001" (type string) at path "_id" for model "Student"\n' +
    '    at ObjectId.cast (C:\\Users\\satay\\Desktop\\level 2\\University-Management-System\\node_modules\\mongoose\\lib\\schema\\objectid.js:248:11)\n' +
    '    at ObjectId.SchemaType.applySetters (C:\\Users\\satay\\Desktop\\level 2\\University-Management-System\\node_modules\\mongoose\\lib\\schematype.js:1204:12)\n' +
    '    at ObjectId.SchemaType.castForQuery (C:\\Users\\satay\\Desktop\\level 2\\University-Management-System\\node_modules\\mongoose\\lib\\schematype.js:1616:15)\n' +
    '    at cast (C:\\Users\\satay\\Desktop\\level 2\\University-Management-System\\node_modules\\mongoose\\lib\\cast.js:348:32)\n' +
    '    at model.Query.Query.cast (C:\\Users\\satay\\Desktop\\level 2\\University-Management-System\\node_modules\\mongoose\\lib\\query.js:4874:12)\n' +
    '    at model.Query.Query._castConditions (C:\\Users\\satay\\Desktop\\level 2\\University-Management-System\\node_modules\\mongoose\\lib\\query.js:2210:10)\n' +
    '    at model.Query._findOneAndDelete (C:\\Users\\satay\\Desktop\\level 2\\University-Management-System\\node_modules\\mongoose\\lib\\query.js:3480:8)\n' +
    '    at model.Query.exec (C:\\Users\\satay\\Desktop\\level 2\\University-Management-System\\node_modules\\mongoose\\lib\\query.js:4404:28)\n' +
    '    at processTicksAndRejections (node:internal/process/task_queues:95:5)',
  label: 'UM',
  timestamp: '2023-08-15T12:31:54.038Z'
}
{
  service: 'user-service',
  stringValue: '"230300001"',
  messageFormat: undefined,
  kind: 'ObjectId',
  value: '230300001',
  path: '_id',
  reason: BSONError: Argument passed in must be a string of 12 bytes or a string of 24 hex characters or an integer
      at new ObjectId (C:\Users\satay\Desktop\level 2\University-Management-System\node_modules\bson\src\objectid.ts:88:15)
      at castObjectId (C:\Users\satay\Desktop\level 2\University-Management-System\node_modules\mongoose\lib\cast\objectid.js:25:12)
      at ObjectId.cast (C:\Users\satay\Desktop\level 2\University-Management-System\node_modules\mongoose\lib\schema\objectid.js:246:12)
      at ObjectId.SchemaType.applySetters (C:\Users\satay\Desktop\level 2\University-Management-System\node_modules\mongoose\lib\schematype.js:1204:12)
      at ObjectId.SchemaType.castForQuery (C:\Users\satay\Desktop\level 2\University-Management-System\node_modules\mongoose\lib\schematype.js:1616:15)
      at cast (C:\Users\satay\Desktop\level 2\University-Management-System\node_modules\mongoose\lib\cast.js:348:32)
      at model.Query.Query.cast (C:\Users\satay\Desktop\level 2\University-Management-System\node_modules\mongoose\lib\query.js:4874:12)
      at model.Query.Query._castConditions (C:\Users\satay\Desktop\level 2\University-Management-System\node_modules\mongoose\lib\query.js:2210:10)
      at model.Query._findOneAndDelete (C:\Users\satay\Desktop\level 2\University-Management-System\node_modules\mongoose\lib\query.js:3480:8)
      at model.Query.exec (C:\Users\satay\Desktop\level 2\University-Management-System\node_modules\mongoose\lib\query.js:4404:28),
  valueType: 'string',
  model: Model { Student },
  level: 'error',
  message: '---GlobalErrorHandler--- Cast to ObjectId failed for value "230300001" (type string) at path "_id" for model "Student"',
  stack: 'CastError: Cast to ObjectId failed for value "230300001" (type string) at path "_id" for model "Student"\n' +
    '    at ObjectId.cast (C:\\Users\\satay\\Desktop\\level 2\\University-Management-System\\node_modules\\mongoose\\lib\\schema\\objectid.js:248:11)\n' +
    '    at ObjectId.SchemaType.applySetters (C:\\Users\\satay\\Desktop\\level 2\\University-Management-System\\node_modules\\mongoose\\lib\\schematype.js:1204:12)\n' +
    '    at ObjectId.SchemaType.castForQuery (C:\\Users\\satay\\Desktop\\level 2\\University-Management-System\\node_modules\\mongoose\\lib\\schematype.js:1616:15)\n' +
    '    at cast (C:\\Users\\satay\\Desktop\\level 2\\University-Management-System\\node_modules\\mongoose\\lib\\cast.js:348:32)\n' +
    '    at model.Query.Query.cast (C:\\Users\\satay\\Desktop\\level 2\\University-Management-System\\node_modules\\mongoose\\lib\\query.js:4874:12)\n' +
    '    at model.Query.Query._castConditions (C:\\Users\\satay\\Desktop\\level 2\\University-Management-System\\node_modules\\mongoose\\lib\\query.js:2210:10)\n' +
    '    at model.Query._findOneAndDelete (C:\\Users\\satay\\Desktop\\level 2\\University-Management-System\\node_modules\\mongoose\\lib\\query.js:3480:8)\n' +
    '    at model.Query.exec (C:\\Users\\satay\\Desktop\\level 2\\University-Management-System\\node_modules\\mongoose\\lib\\query.js:4404:28)\n' +
    '    at processTicksAndRejections (node:internal/process/task_queues:95:5)',
  label: 'UM',
  timestamp: '2023-08-15T12:32:21.390Z'
}
{
  service: 'user-service',
  stringValue: '"230300001"',
  messageFormat: undefined,
  kind: 'ObjectId',
  value: '230300001',
  path: '_id',
  reason: BSONError: Argument passed in must be a string of 12 bytes or a string of 24 hex characters or an integer
      at new ObjectId (C:\Users\satay\Desktop\level 2\University-Management-System\node_modules\bson\src\objectid.ts:88:15)
      at castObjectId (C:\Users\satay\Desktop\level 2\University-Management-System\node_modules\mongoose\lib\cast\objectid.js:25:12)
      at ObjectId.cast (C:\Users\satay\Desktop\level 2\University-Management-System\node_modules\mongoose\lib\schema\objectid.js:246:12)
      at ObjectId.SchemaType.applySetters (C:\Users\satay\Desktop\level 2\University-Management-System\node_modules\mongoose\lib\schematype.js:1204:12)
      at ObjectId.SchemaType.castForQuery (C:\Users\satay\Desktop\level 2\University-Management-System\node_modules\mongoose\lib\schematype.js:1616:15)
      at cast (C:\Users\satay\Desktop\level 2\University-Management-System\node_modules\mongoose\lib\cast.js:348:32)
      at model.Query.Query.cast (C:\Users\satay\Desktop\level 2\University-Management-System\node_modules\mongoose\lib\query.js:4874:12)
      at model.Query.Query._castConditions (C:\Users\satay\Desktop\level 2\University-Management-System\node_modules\mongoose\lib\query.js:2210:10)
      at model.Query._findOneAndDelete (C:\Users\satay\Desktop\level 2\University-Management-System\node_modules\mongoose\lib\query.js:3480:8)
      at model.Query.exec (C:\Users\satay\Desktop\level 2\University-Management-System\node_modules\mongoose\lib\query.js:4404:28),
  valueType: 'string',
  model: Model { Student },
  level: 'error',
  message: '---GlobalErrorHandler--- Cast to ObjectId failed for value "230300001" (type string) at path "_id" for model "Student"',
  stack: 'CastError: Cast to ObjectId failed for value "230300001" (type string) at path "_id" for model "Student"\n' +
    '    at ObjectId.cast (C:\\Users\\satay\\Desktop\\level 2\\University-Management-System\\node_modules\\mongoose\\lib\\schema\\objectid.js:248:11)\n' +
    '    at ObjectId.SchemaType.applySetters (C:\\Users\\satay\\Desktop\\level 2\\University-Management-System\\node_modules\\mongoose\\lib\\schematype.js:1204:12)\n' +
    '    at ObjectId.SchemaType.castForQuery (C:\\Users\\satay\\Desktop\\level 2\\University-Management-System\\node_modules\\mongoose\\lib\\schematype.js:1616:15)\n' +
    '    at cast (C:\\Users\\satay\\Desktop\\level 2\\University-Management-System\\node_modules\\mongoose\\lib\\cast.js:348:32)\n' +
    '    at model.Query.Query.cast (C:\\Users\\satay\\Desktop\\level 2\\University-Management-System\\node_modules\\mongoose\\lib\\query.js:4874:12)\n' +
    '    at model.Query.Query._castConditions (C:\\Users\\satay\\Desktop\\level 2\\University-Management-System\\node_modules\\mongoose\\lib\\query.js:2210:10)\n' +
    '    at model.Query._findOneAndDelete (C:\\Users\\satay\\Desktop\\level 2\\University-Management-System\\node_modules\\mongoose\\lib\\query.js:3480:8)\n' +
    '    at model.Query.exec (C:\\Users\\satay\\Desktop\\level 2\\University-Management-System\\node_modules\\mongoose\\lib\\query.js:4404:28)\n' +
    '    at processTicksAndRejections (node:internal/process/task_queues:95:5)',
  label: 'UM',
  timestamp: '2023-08-15T12:34:37.926Z'
}
{
  service: 'user-service',
  stringValue: '"230300001"',
  messageFormat: undefined,
  kind: 'ObjectId',
  value: '230300001',
  path: '_id',
  reason: BSONError: Argument passed in must be a string of 12 bytes or a string of 24 hex characters or an integer
      at new ObjectId (C:\Users\satay\Desktop\level 2\University-Management-System\node_modules\bson\src\objectid.ts:88:15)
      at castObjectId (C:\Users\satay\Desktop\level 2\University-Management-System\node_modules\mongoose\lib\cast\objectid.js:25:12)
      at ObjectId.cast (C:\Users\satay\Desktop\level 2\University-Management-System\node_modules\mongoose\lib\schema\objectid.js:246:12)
      at ObjectId.SchemaType.applySetters (C:\Users\satay\Desktop\level 2\University-Management-System\node_modules\mongoose\lib\schematype.js:1204:12)
      at ObjectId.SchemaType.castForQuery (C:\Users\satay\Desktop\level 2\University-Management-System\node_modules\mongoose\lib\schematype.js:1616:15)
      at cast (C:\Users\satay\Desktop\level 2\University-Management-System\node_modules\mongoose\lib\cast.js:348:32)
      at model.Query.Query.cast (C:\Users\satay\Desktop\level 2\University-Management-System\node_modules\mongoose\lib\query.js:4874:12)
      at model.Query.Query._castConditions (C:\Users\satay\Desktop\level 2\University-Management-System\node_modules\mongoose\lib\query.js:2210:10)
      at model.Query._findOneAndDelete (C:\Users\satay\Desktop\level 2\University-Management-System\node_modules\mongoose\lib\query.js:3480:8)
      at model.Query.exec (C:\Users\satay\Desktop\level 2\University-Management-System\node_modules\mongoose\lib\query.js:4404:28),
  valueType: 'string',
  model: Model { Student },
  level: 'error',
  message: '---GlobalErrorHandler--- Cast to ObjectId failed for value "230300001" (type string) at path "_id" for model "Student"',
  stack: 'CastError: Cast to ObjectId failed for value "230300001" (type string) at path "_id" for model "Student"\n' +
    '    at ObjectId.cast (C:\\Users\\satay\\Desktop\\level 2\\University-Management-System\\node_modules\\mongoose\\lib\\schema\\objectid.js:248:11)\n' +
    '    at ObjectId.SchemaType.applySetters (C:\\Users\\satay\\Desktop\\level 2\\University-Management-System\\node_modules\\mongoose\\lib\\schematype.js:1204:12)\n' +
    '    at ObjectId.SchemaType.castForQuery (C:\\Users\\satay\\Desktop\\level 2\\University-Management-System\\node_modules\\mongoose\\lib\\schematype.js:1616:15)\n' +
    '    at cast (C:\\Users\\satay\\Desktop\\level 2\\University-Management-System\\node_modules\\mongoose\\lib\\cast.js:348:32)\n' +
    '    at model.Query.Query.cast (C:\\Users\\satay\\Desktop\\level 2\\University-Management-System\\node_modules\\mongoose\\lib\\query.js:4874:12)\n' +
    '    at model.Query.Query._castConditions (C:\\Users\\satay\\Desktop\\level 2\\University-Management-System\\node_modules\\mongoose\\lib\\query.js:2210:10)\n' +
    '    at model.Query._findOneAndDelete (C:\\Users\\satay\\Desktop\\level 2\\University-Management-System\\node_modules\\mongoose\\lib\\query.js:3480:8)\n' +
    '    at model.Query.exec (C:\\Users\\satay\\Desktop\\level 2\\University-Management-System\\node_modules\\mongoose\\lib\\query.js:4404:28)\n' +
    '    at processTicksAndRejections (node:internal/process/task_queues:95:5)',
  label: 'UM',
  timestamp: '2023-08-15T12:35:14.337Z'
}
{
  service: 'user-service',
  stringValue: '"230300001"',
  messageFormat: undefined,
  kind: 'ObjectId',
  value: '230300001',
  path: '_id',
  reason: BSONError: Argument passed in must be a string of 12 bytes or a string of 24 hex characters or an integer
      at new ObjectId (C:\Users\satay\Desktop\level 2\University-Management-System\node_modules\bson\src\objectid.ts:88:15)
      at castObjectId (C:\Users\satay\Desktop\level 2\University-Management-System\node_modules\mongoose\lib\cast\objectid.js:25:12)
      at ObjectId.cast (C:\Users\satay\Desktop\level 2\University-Management-System\node_modules\mongoose\lib\schema\objectid.js:246:12)
      at ObjectId.SchemaType.applySetters (C:\Users\satay\Desktop\level 2\University-Management-System\node_modules\mongoose\lib\schematype.js:1204:12)
      at ObjectId.SchemaType.castForQuery (C:\Users\satay\Desktop\level 2\University-Management-System\node_modules\mongoose\lib\schematype.js:1616:15)
      at cast (C:\Users\satay\Desktop\level 2\University-Management-System\node_modules\mongoose\lib\cast.js:348:32)
      at model.Query.Query.cast (C:\Users\satay\Desktop\level 2\University-Management-System\node_modules\mongoose\lib\query.js:4874:12)
      at model.Query.Query._castConditions (C:\Users\satay\Desktop\level 2\University-Management-System\node_modules\mongoose\lib\query.js:2210:10)
      at model.Query._findOneAndDelete (C:\Users\satay\Desktop\level 2\University-Management-System\node_modules\mongoose\lib\query.js:3480:8)
      at model.Query.exec (C:\Users\satay\Desktop\level 2\University-Management-System\node_modules\mongoose\lib\query.js:4404:28),
  valueType: 'string',
  model: Model { Student },
  level: 'error',
  message: '---GlobalErrorHandler--- Cast to ObjectId failed for value "230300001" (type string) at path "_id" for model "Student"',
  stack: 'CastError: Cast to ObjectId failed for value "230300001" (type string) at path "_id" for model "Student"\n' +
    '    at ObjectId.cast (C:\\Users\\satay\\Desktop\\level 2\\University-Management-System\\node_modules\\mongoose\\lib\\schema\\objectid.js:248:11)\n' +
    '    at ObjectId.SchemaType.applySetters (C:\\Users\\satay\\Desktop\\level 2\\University-Management-System\\node_modules\\mongoose\\lib\\schematype.js:1204:12)\n' +
    '    at ObjectId.SchemaType.castForQuery (C:\\Users\\satay\\Desktop\\level 2\\University-Management-System\\node_modules\\mongoose\\lib\\schematype.js:1616:15)\n' +
    '    at cast (C:\\Users\\satay\\Desktop\\level 2\\University-Management-System\\node_modules\\mongoose\\lib\\cast.js:348:32)\n' +
    '    at model.Query.Query.cast (C:\\Users\\satay\\Desktop\\level 2\\University-Management-System\\node_modules\\mongoose\\lib\\query.js:4874:12)\n' +
    '    at model.Query.Query._castConditions (C:\\Users\\satay\\Desktop\\level 2\\University-Management-System\\node_modules\\mongoose\\lib\\query.js:2210:10)\n' +
    '    at model.Query._findOneAndDelete (C:\\Users\\satay\\Desktop\\level 2\\University-Management-System\\node_modules\\mongoose\\lib\\query.js:3480:8)\n' +
    '    at model.Query.exec (C:\\Users\\satay\\Desktop\\level 2\\University-Management-System\\node_modules\\mongoose\\lib\\query.js:4404:28)\n' +
    '    at processTicksAndRejections (node:internal/process/task_queues:95:5)',
  label: 'UM',
  timestamp: '2023-08-15T12:36:45.798Z'
}
{
  service: 'user-service',
  stringValue: '"230300001"',
  messageFormat: undefined,
  kind: 'ObjectId',
  value: '230300001',
  path: '_id',
  reason: BSONError: Argument passed in must be a string of 12 bytes or a string of 24 hex characters or an integer
      at new ObjectId (C:\Users\satay\Desktop\level 2\University-Management-System\node_modules\bson\src\objectid.ts:88:15)
      at castObjectId (C:\Users\satay\Desktop\level 2\University-Management-System\node_modules\mongoose\lib\cast\objectid.js:25:12)
      at ObjectId.cast (C:\Users\satay\Desktop\level 2\University-Management-System\node_modules\mongoose\lib\schema\objectid.js:246:12)
      at ObjectId.SchemaType.applySetters (C:\Users\satay\Desktop\level 2\University-Management-System\node_modules\mongoose\lib\schematype.js:1204:12)
      at ObjectId.SchemaType.castForQuery (C:\Users\satay\Desktop\level 2\University-Management-System\node_modules\mongoose\lib\schematype.js:1616:15)
      at cast (C:\Users\satay\Desktop\level 2\University-Management-System\node_modules\mongoose\lib\cast.js:348:32)
      at model.Query.Query.cast (C:\Users\satay\Desktop\level 2\University-Management-System\node_modules\mongoose\lib\query.js:4874:12)
      at model.Query.Query._castConditions (C:\Users\satay\Desktop\level 2\University-Management-System\node_modules\mongoose\lib\query.js:2210:10)
      at model.Query._findOneAndDelete (C:\Users\satay\Desktop\level 2\University-Management-System\node_modules\mongoose\lib\query.js:3480:8)
      at model.Query.exec (C:\Users\satay\Desktop\level 2\University-Management-System\node_modules\mongoose\lib\query.js:4404:28),
  valueType: 'string',
  model: Model { Student },
  level: 'error',
  message: '---GlobalErrorHandler--- Cast to ObjectId failed for value "230300001" (type string) at path "_id" for model "Student"',
  stack: 'CastError: Cast to ObjectId failed for value "230300001" (type string) at path "_id" for model "Student"\n' +
    '    at ObjectId.cast (C:\\Users\\satay\\Desktop\\level 2\\University-Management-System\\node_modules\\mongoose\\lib\\schema\\objectid.js:248:11)\n' +
    '    at ObjectId.SchemaType.applySetters (C:\\Users\\satay\\Desktop\\level 2\\University-Management-System\\node_modules\\mongoose\\lib\\schematype.js:1204:12)\n' +
    '    at ObjectId.SchemaType.castForQuery (C:\\Users\\satay\\Desktop\\level 2\\University-Management-System\\node_modules\\mongoose\\lib\\schematype.js:1616:15)\n' +
    '    at cast (C:\\Users\\satay\\Desktop\\level 2\\University-Management-System\\node_modules\\mongoose\\lib\\cast.js:348:32)\n' +
    '    at model.Query.Query.cast (C:\\Users\\satay\\Desktop\\level 2\\University-Management-System\\node_modules\\mongoose\\lib\\query.js:4874:12)\n' +
    '    at model.Query.Query._castConditions (C:\\Users\\satay\\Desktop\\level 2\\University-Management-System\\node_modules\\mongoose\\lib\\query.js:2210:10)\n' +
    '    at model.Query._findOneAndDelete (C:\\Users\\satay\\Desktop\\level 2\\University-Management-System\\node_modules\\mongoose\\lib\\query.js:3480:8)\n' +
    '    at model.Query.exec (C:\\Users\\satay\\Desktop\\level 2\\University-Management-System\\node_modules\\mongoose\\lib\\query.js:4404:28)\n' +
    '    at processTicksAndRejections (node:internal/process/task_queues:95:5)',
  label: 'UM',
  timestamp: '2023-08-15T12:36:47.022Z'
}
{
  service: 'user-service',
  stringValue: '"230300001"',
  messageFormat: undefined,
  kind: 'ObjectId',
  value: '230300001',
  path: '_id',
  reason: BSONError: Argument passed in must be a string of 12 bytes or a string of 24 hex characters or an integer
      at new ObjectId (C:\Users\satay\Desktop\level 2\University-Management-System\node_modules\bson\src\objectid.ts:88:15)
      at castObjectId (C:\Users\satay\Desktop\level 2\University-Management-System\node_modules\mongoose\lib\cast\objectid.js:25:12)
      at ObjectId.cast (C:\Users\satay\Desktop\level 2\University-Management-System\node_modules\mongoose\lib\schema\objectid.js:246:12)
      at ObjectId.SchemaType.applySetters (C:\Users\satay\Desktop\level 2\University-Management-System\node_modules\mongoose\lib\schematype.js:1204:12)
      at ObjectId.SchemaType.castForQuery (C:\Users\satay\Desktop\level 2\University-Management-System\node_modules\mongoose\lib\schematype.js:1616:15)
      at cast (C:\Users\satay\Desktop\level 2\University-Management-System\node_modules\mongoose\lib\cast.js:348:32)
      at model.Query.Query.cast (C:\Users\satay\Desktop\level 2\University-Management-System\node_modules\mongoose\lib\query.js:4874:12)
      at model.Query.Query._castConditions (C:\Users\satay\Desktop\level 2\University-Management-System\node_modules\mongoose\lib\query.js:2210:10)
      at model.Query._findOneAndDelete (C:\Users\satay\Desktop\level 2\University-Management-System\node_modules\mongoose\lib\query.js:3480:8)
      at model.Query.exec (C:\Users\satay\Desktop\level 2\University-Management-System\node_modules\mongoose\lib\query.js:4404:28),
  valueType: 'string',
  model: Model { Student },
  level: 'error',
  message: '---GlobalErrorHandler--- Cast to ObjectId failed for value "230300001" (type string) at path "_id" for model "Student"',
  stack: 'CastError: Cast to ObjectId failed for value "230300001" (type string) at path "_id" for model "Student"\n' +
    '    at ObjectId.cast (C:\\Users\\satay\\Desktop\\level 2\\University-Management-System\\node_modules\\mongoose\\lib\\schema\\objectid.js:248:11)\n' +
    '    at ObjectId.SchemaType.applySetters (C:\\Users\\satay\\Desktop\\level 2\\University-Management-System\\node_modules\\mongoose\\lib\\schematype.js:1204:12)\n' +
    '    at ObjectId.SchemaType.castForQuery (C:\\Users\\satay\\Desktop\\level 2\\University-Management-System\\node_modules\\mongoose\\lib\\schematype.js:1616:15)\n' +
    '    at cast (C:\\Users\\satay\\Desktop\\level 2\\University-Management-System\\node_modules\\mongoose\\lib\\cast.js:348:32)\n' +
    '    at model.Query.Query.cast (C:\\Users\\satay\\Desktop\\level 2\\University-Management-System\\node_modules\\mongoose\\lib\\query.js:4874:12)\n' +
    '    at model.Query.Query._castConditions (C:\\Users\\satay\\Desktop\\level 2\\University-Management-System\\node_modules\\mongoose\\lib\\query.js:2210:10)\n' +
    '    at model.Query._findOneAndDelete (C:\\Users\\satay\\Desktop\\level 2\\University-Management-System\\node_modules\\mongoose\\lib\\query.js:3480:8)\n' +
    '    at model.Query.exec (C:\\Users\\satay\\Desktop\\level 2\\University-Management-System\\node_modules\\mongoose\\lib\\query.js:4404:28)\n' +
    '    at processTicksAndRejections (node:internal/process/task_queues:95:5)',
  label: 'UM',
  timestamp: '2023-08-15T12:36:47.892Z'
}
{
  service: 'user-service',
  stringValue: '"230300001"',
  messageFormat: undefined,
  kind: 'ObjectId',
  value: '230300001',
  path: '_id',
  reason: BSONError: Argument passed in must be a string of 12 bytes or a string of 24 hex characters or an integer
      at new ObjectId (C:\Users\satay\Desktop\level 2\University-Management-System\node_modules\bson\src\objectid.ts:88:15)
      at castObjectId (C:\Users\satay\Desktop\level 2\University-Management-System\node_modules\mongoose\lib\cast\objectid.js:25:12)
      at ObjectId.cast (C:\Users\satay\Desktop\level 2\University-Management-System\node_modules\mongoose\lib\schema\objectid.js:246:12)
      at ObjectId.SchemaType.applySetters (C:\Users\satay\Desktop\level 2\University-Management-System\node_modules\mongoose\lib\schematype.js:1204:12)
      at ObjectId.SchemaType.castForQuery (C:\Users\satay\Desktop\level 2\University-Management-System\node_modules\mongoose\lib\schematype.js:1616:15)
      at cast (C:\Users\satay\Desktop\level 2\University-Management-System\node_modules\mongoose\lib\cast.js:348:32)
      at model.Query.Query.cast (C:\Users\satay\Desktop\level 2\University-Management-System\node_modules\mongoose\lib\query.js:4874:12)
      at model.Query.Query._castConditions (C:\Users\satay\Desktop\level 2\University-Management-System\node_modules\mongoose\lib\query.js:2210:10)
      at model.Query._findOneAndDelete (C:\Users\satay\Desktop\level 2\University-Management-System\node_modules\mongoose\lib\query.js:3480:8)
      at model.Query.exec (C:\Users\satay\Desktop\level 2\University-Management-System\node_modules\mongoose\lib\query.js:4404:28),
  valueType: 'string',
  model: Model { Student },
  level: 'error',
  message: '---GlobalErrorHandler--- Cast to ObjectId failed for value "230300001" (type string) at path "_id" for model "Student"',
  stack: 'CastError: Cast to ObjectId failed for value "230300001" (type string) at path "_id" for model "Student"\n' +
    '    at ObjectId.cast (C:\\Users\\satay\\Desktop\\level 2\\University-Management-System\\node_modules\\mongoose\\lib\\schema\\objectid.js:248:11)\n' +
    '    at ObjectId.SchemaType.applySetters (C:\\Users\\satay\\Desktop\\level 2\\University-Management-System\\node_modules\\mongoose\\lib\\schematype.js:1204:12)\n' +
    '    at ObjectId.SchemaType.castForQuery (C:\\Users\\satay\\Desktop\\level 2\\University-Management-System\\node_modules\\mongoose\\lib\\schematype.js:1616:15)\n' +
    '    at cast (C:\\Users\\satay\\Desktop\\level 2\\University-Management-System\\node_modules\\mongoose\\lib\\cast.js:348:32)\n' +
    '    at model.Query.Query.cast (C:\\Users\\satay\\Desktop\\level 2\\University-Management-System\\node_modules\\mongoose\\lib\\query.js:4874:12)\n' +
    '    at model.Query.Query._castConditions (C:\\Users\\satay\\Desktop\\level 2\\University-Management-System\\node_modules\\mongoose\\lib\\query.js:2210:10)\n' +
    '    at model.Query._findOneAndDelete (C:\\Users\\satay\\Desktop\\level 2\\University-Management-System\\node_modules\\mongoose\\lib\\query.js:3480:8)\n' +
    '    at model.Query.exec (C:\\Users\\satay\\Desktop\\level 2\\University-Management-System\\node_modules\\mongoose\\lib\\query.js:4404:28)\n' +
    '    at processTicksAndRejections (node:internal/process/task_queues:95:5)',
  label: 'UM',
  timestamp: '2023-08-15T12:36:48.660Z'
}
{
  service: 'user-service',
  stringValue: '"230300001"',
  messageFormat: undefined,
  kind: 'ObjectId',
  value: '230300001',
  path: '_id',
  reason: BSONError: Argument passed in must be a string of 12 bytes or a string of 24 hex characters or an integer
      at new ObjectId (C:\Users\satay\Desktop\level 2\University-Management-System\node_modules\bson\src\objectid.ts:88:15)
      at castObjectId (C:\Users\satay\Desktop\level 2\University-Management-System\node_modules\mongoose\lib\cast\objectid.js:25:12)
      at ObjectId.cast (C:\Users\satay\Desktop\level 2\University-Management-System\node_modules\mongoose\lib\schema\objectid.js:246:12)
      at ObjectId.SchemaType.applySetters (C:\Users\satay\Desktop\level 2\University-Management-System\node_modules\mongoose\lib\schematype.js:1204:12)
      at ObjectId.SchemaType.castForQuery (C:\Users\satay\Desktop\level 2\University-Management-System\node_modules\mongoose\lib\schematype.js:1616:15)
      at cast (C:\Users\satay\Desktop\level 2\University-Management-System\node_modules\mongoose\lib\cast.js:348:32)
      at model.Query.Query.cast (C:\Users\satay\Desktop\level 2\University-Management-System\node_modules\mongoose\lib\query.js:4874:12)
      at model.Query.Query._castConditions (C:\Users\satay\Desktop\level 2\University-Management-System\node_modules\mongoose\lib\query.js:2210:10)
      at model.Query._findOneAndDelete (C:\Users\satay\Desktop\level 2\University-Management-System\node_modules\mongoose\lib\query.js:3480:8)
      at model.Query.exec (C:\Users\satay\Desktop\level 2\University-Management-System\node_modules\mongoose\lib\query.js:4404:28),
  valueType: 'string',
  model: Model { Student },
  level: 'error',
  message: '---GlobalErrorHandler--- Cast to ObjectId failed for value "230300001" (type string) at path "_id" for model "Student"',
  stack: 'CastError: Cast to ObjectId failed for value "230300001" (type string) at path "_id" for model "Student"\n' +
    '    at ObjectId.cast (C:\\Users\\satay\\Desktop\\level 2\\University-Management-System\\node_modules\\mongoose\\lib\\schema\\objectid.js:248:11)\n' +
    '    at ObjectId.SchemaType.applySetters (C:\\Users\\satay\\Desktop\\level 2\\University-Management-System\\node_modules\\mongoose\\lib\\schematype.js:1204:12)\n' +
    '    at ObjectId.SchemaType.castForQuery (C:\\Users\\satay\\Desktop\\level 2\\University-Management-System\\node_modules\\mongoose\\lib\\schematype.js:1616:15)\n' +
    '    at cast (C:\\Users\\satay\\Desktop\\level 2\\University-Management-System\\node_modules\\mongoose\\lib\\cast.js:348:32)\n' +
    '    at model.Query.Query.cast (C:\\Users\\satay\\Desktop\\level 2\\University-Management-System\\node_modules\\mongoose\\lib\\query.js:4874:12)\n' +
    '    at model.Query.Query._castConditions (C:\\Users\\satay\\Desktop\\level 2\\University-Management-System\\node_modules\\mongoose\\lib\\query.js:2210:10)\n' +
    '    at model.Query._findOneAndDelete (C:\\Users\\satay\\Desktop\\level 2\\University-Management-System\\node_modules\\mongoose\\lib\\query.js:3480:8)\n' +
    '    at model.Query.exec (C:\\Users\\satay\\Desktop\\level 2\\University-Management-System\\node_modules\\mongoose\\lib\\query.js:4404:28)\n' +
    '    at processTicksAndRejections (node:internal/process/task_queues:95:5)',
  label: 'UM',
  timestamp: '2023-08-15T12:37:37.556Z'
}
{
  service: 'user-service',
  statusCode: 404,
  level: 'error',
  message: '---GlobalErrorHandler--- Student not Found',
  stack: 'Error: Student not Found\n' +
    '    at C:\\Users\\satay\\Desktop\\level 2\\University-Management-System\\src\\app\\modules\\student\\student.service.ts:78:11\n' +
    '    at Generator.next (<anonymous>)\n' +
    '    at fulfilled (C:\\Users\\satay\\Desktop\\level 2\\University-Management-System\\src\\app\\modules\\student\\student.service.ts:5:58)\n' +
    '    at processTicksAndRejections (node:internal/process/task_queues:95:5)',
  label: 'UM',
  timestamp: '2023-08-15T12:38:35.889Z'
}
