{
  service: 'user-service',
  stringValue: '"awsdas"',
  messageFormat: undefined,
  kind: 'ObjectId',
  value: 'awsdas',
  path: '_id',
  reason: BSONError: Argument passed in must be a string of 12 bytes or a string of 24 hex characters or an integer
      at new ObjectId (C:\Users\satay\Desktop\level 2\University-Management-System\node_modules\bson\src\objectid.ts:88:15)
      at castObjectId (C:\Users\satay\Desktop\level 2\University-Management-System\node_modules\mongoose\lib\cast\objectid.js:25:12)
      at ObjectId.cast (C:\Users\satay\Desktop\level 2\University-Management-System\node_modules\mongoose\lib\schema\objectid.js:246:12)
      at ObjectId.SchemaType.applySetters (C:\Users\satay\Desktop\level 2\University-Management-System\node_modules\mongoose\lib\schematype.js:1204:12)
      at ObjectId.SchemaType.castForQuery (C:\Users\satay\Desktop\level 2\University-Management-System\node_modules\mongoose\lib\schematype.js:1616:15)
      at cast (C:\Users\satay\Desktop\level 2\University-Management-System\node_modules\mongoose\lib\cast.js:348:32)
      at model.Query.Query.cast (C:\Users\satay\Desktop\level 2\University-Management-System\node_modules\mongoose\lib\query.js:4874:12)
      at model.Query.Query._castConditions (C:\Users\satay\Desktop\level 2\University-Management-System\node_modules\mongoose\lib\query.js:2210:10)
      at model.Query._findOne (C:\Users\satay\Desktop\level 2\University-Management-System\node_modules\mongoose\lib\query.js:2497:8)
      at model.Query.exec (C:\Users\satay\Desktop\level 2\University-Management-System\node_modules\mongoose\lib\query.js:4404:28),
  valueType: 'string',
  model: Model { Student },
  level: 'error',
  message: '---GlobalErrorHandler--- Cast to ObjectId failed for value "awsdas" (type string) at path "_id" for model "Student"',
  stack: 'CastError: Cast to ObjectId failed for value "awsdas" (type string) at path "_id" for model "Student"\n' +
    '    at ObjectId.cast (C:\\Users\\satay\\Desktop\\level 2\\University-Management-System\\node_modules\\mongoose\\lib\\schema\\objectid.js:248:11)\n' +
    '    at ObjectId.SchemaType.applySetters (C:\\Users\\satay\\Desktop\\level 2\\University-Management-System\\node_modules\\mongoose\\lib\\schematype.js:1204:12)\n' +
    '    at ObjectId.SchemaType.castForQuery (C:\\Users\\satay\\Desktop\\level 2\\University-Management-System\\node_modules\\mongoose\\lib\\schematype.js:1616:15)\n' +
    '    at cast (C:\\Users\\satay\\Desktop\\level 2\\University-Management-System\\node_modules\\mongoose\\lib\\cast.js:348:32)\n' +
    '    at model.Query.Query.cast (C:\\Users\\satay\\Desktop\\level 2\\University-Management-System\\node_modules\\mongoose\\lib\\query.js:4874:12)\n' +
    '    at model.Query.Query._castConditions (C:\\Users\\satay\\Desktop\\level 2\\University-Management-System\\node_modules\\mongoose\\lib\\query.js:2210:10)\n' +
    '    at model.Query._findOne (C:\\Users\\satay\\Desktop\\level 2\\University-Management-System\\node_modules\\mongoose\\lib\\query.js:2497:8)\n' +
    '    at model.Query.exec (C:\\Users\\satay\\Desktop\\level 2\\University-Management-System\\node_modules\\mongoose\\lib\\query.js:4404:28)\n' +
    '    at processTicksAndRejections (node:internal/process/task_queues:95:5)',
  label: 'UM',
  timestamp: '2023-08-14T22:00:37.644Z'
}
