{
  service: 'user-service',
  statusCode: 401,
  level: 'error',
  message: '---GlobalErrorHandler--- You are not authorized',
  stack: 'Error: You are not authorized\n' +
    '    at C:\\Users\\satay\\Desktop\\level 2\\University-Management-System\\src\\app\\middlewares\\auth.ts:15:15\n' +
    '    at Generator.next (<anonymous>)\n' +
    '    at C:\\Users\\satay\\Desktop\\level 2\\University-Management-System\\src\\app\\middlewares\\auth.ts:8:71\n' +
    '    at new Promise (<anonymous>)\n' +
    '    at __awaiter (C:\\Users\\satay\\Desktop\\level 2\\University-Management-System\\src\\app\\middlewares\\auth.ts:4:12)\n' +
    '    at C:\\Users\\satay\\Desktop\\level 2\\University-Management-System\\src\\app\\middlewares\\auth.ts:10:61\n' +
    '    at Layer.handle [as handle_request] (C:\\Users\\satay\\Desktop\\level 2\\University-Management-System\\node_modules\\express\\lib\\router\\layer.js:95:5)\n' +
    '    at next (C:\\Users\\satay\\Desktop\\level 2\\University-Management-System\\node_modules\\express\\lib\\router\\route.js:144:13)\n' +
    '    at C:\\Users\\satay\\Desktop\\level 2\\University-Management-System\\src\\app\\middlewares\\validateRequest.ts:14:14\n' +
    '    at Generator.next (<anonymous>)',
  label: 'UM',
  timestamp: '2023-08-21T14:00:23.736Z'
}
{
  service: 'user-service',
  statusCode: 401,
  level: 'error',
  message: '---GlobalErrorHandler--- old Password is incorrect...',
  stack: 'Error: old Password is incorrect...\n' +
    '    at C:\\Users\\satay\\Desktop\\level 2\\University-Management-System\\src\\app\\modules\\auth\\auth.service.ts:169:11\n' +
    '    at Generator.next (<anonymous>)\n' +
    '    at fulfilled (C:\\Users\\satay\\Desktop\\level 2\\University-Management-System\\src\\app\\modules\\auth\\auth.service.ts:5:58)',
  label: 'UM',
  timestamp: '2023-08-21T14:02:03.871Z'
}
