{
  service: 'user-service',
  message: 'Failed to connect database! connect ETIMEDOUT 52.21.94.171:27017',
  reason: TopologyDescription {
    type: 'ReplicaSetNoPrimary',
    servers: Map(3) {
      'cluster0-shard-00-00.a744t.mongodb.net:27017' => ServerDescription {
        address: 'cluster0-shard-00-00.a744t.mongodb.net:27017',
        type: 'RSSecondary',
        hosts: [
          'cluster0-shard-00-00.a744t.mongodb.net:27017',
          'cluster0-shard-00-01.a744t.mongodb.net:27017',
          'cluster0-shard-00-02.a744t.mongodb.net:27017'
        ],
        passives: [],
        arbiters: [],
        tags: {
          region: 'US_EAST_1',
          nodeType: 'ELECTABLE',
          workloadType: 'OPERATIONAL',
          provider: 'AWS'
        },
        minWireVersion: 0,
        maxWireVersion: 17,
        roundTripTime: 1048.24,
        lastUpdateTime: 786795292,
        lastWriteDate: 2023-08-20T13:34:20.000Z,
        error: null,
        topologyVersion: {
          processId: new ObjectId("64e150e414d54bfeceb9b994"),
          counter: 4
        },
        setName: 'atlas-he7wgv-shard-0',
        setVersion: 7,
        electionId: null,
        logicalSessionTimeoutMinutes: 30,
        primary: 'cluster0-shard-00-02.a744t.mongodb.net:27017',
        me: 'cluster0-shard-00-00.a744t.mongodb.net:27017',
        '$clusterTime': {
          clusterTime: new Timestamp({ t: 1692538460, i: 1 }),
          signature: {
            hash: Binary.createFromBase64("GXxsNC6n/d91nOPZ2yJ+xboI7vI=", 0),
            keyId: new Long("7229333744841129986")
          }
        }
      },
      'cluster0-shard-00-01.a744t.mongodb.net:27017' => ServerDescription {
        address: 'cluster0-shard-00-01.a744t.mongodb.net:27017',
        type: 'RSSecondary',
        hosts: [
          'cluster0-shard-00-00.a744t.mongodb.net:27017',
          'cluster0-shard-00-01.a744t.mongodb.net:27017',
          'cluster0-shard-00-02.a744t.mongodb.net:27017'
        ],
        passives: [],
        arbiters: [],
        tags: {
          region: 'US_EAST_1',
          workloadType: 'OPERATIONAL',
          nodeType: 'ELECTABLE',
          provider: 'AWS'
        },
        minWireVersion: 0,
        maxWireVersion: 17,
        roundTripTime: 889,
        lastUpdateTime: 786795652,
        lastWriteDate: 2023-08-20T13:34:20.000Z,
        error: null,
        topologyVersion: {
          processId: new ObjectId("64e152b9a60f1c6ac0add4da"),
          counter: 3
        },
        setName: 'atlas-he7wgv-shard-0',
        setVersion: 7,
        electionId: null,
        logicalSessionTimeoutMinutes: 30,
        primary: 'cluster0-shard-00-02.a744t.mongodb.net:27017',
        me: 'cluster0-shard-00-01.a744t.mongodb.net:27017',
        '$clusterTime': {
          clusterTime: new Timestamp({ t: 1692538460, i: 4 }),
          signature: {
            hash: <Buffer 19 7c 6c 34 2e a7 fd df 75 9c e3 d9 db 22 7e c5 ba 08 ee f2>,
            keyId: new Long("7229333744841129986")
          }
        }
      },
      'cluster0-shard-00-02.a744t.mongodb.net:27017' => ServerDescription {
        address: 'cluster0-shard-00-02.a744t.mongodb.net:27017',
        type: 'Unknown',
        hosts: [],
        passives: [],
        arbiters: [],
        tags: {},
        minWireVersion: 0,
        maxWireVersion: 0,
        roundTripTime: -1,
        lastUpdateTime: 786794438,
        lastWriteDate: 0,
        error: MongoNetworkError: connect ETIMEDOUT 52.21.94.171:27017
            at connectionFailureError (C:\Users\satay\Desktop\level 2\University-Management-System\node_modules\mongodb\src\cmap\connect.ts:491:14)
            at TLSSocket.<anonymous> (C:\Users\satay\Desktop\level 2\University-Management-System\node_modules\mongodb\src\cmap\connect.ts:392:16)
            at Object.onceWrapper (node:events:628:26)
            at TLSSocket.emit (node:events:513:28)
            at emitErrorNT (node:internal/streams/destroy:151:8)
            at emitErrorCloseNT (node:internal/streams/destroy:116:3)
            at processTicksAndRejections (node:internal/process/task_queues:82:21) {
          cause: Error: connect ETIMEDOUT 52.21.94.171:27017
              at TCPConnectWrap.afterConnect [as oncomplete] (node:net:1494:16) {
            errno: -4039,
            code: 'ETIMEDOUT',
            syscall: 'connect',
            address: '52.21.94.171',
            port: 27017
          },
          [Symbol(errorLabels)]: Set(1) { 'ResetPool' }
        },
        topologyVersion: null,
        setName: null,
        setVersion: null,
        electionId: null,
        logicalSessionTimeoutMinutes: null,
        primary: null,
        me: null,
        '$clusterTime': null
      }
    },
    stale: false,
    compatible: true,
    heartbeatFrequencyMS: 10000,
    localThresholdMS: 15,
    setName: 'atlas-he7wgv-shard-0',
    maxElectionId: null,
    maxSetVersion: null,
    commonWireVersion: 0,
    logicalSessionTimeoutMinutes: 30
  },
  code: undefined,
  level: 'error',
  stack: 'MongooseServerSelectionError: connect ETIMEDOUT 52.21.94.171:27017\n' +
    '    at _handleConnectionErrors (C:\\Users\\satay\\Desktop\\level 2\\University-Management-System\\node_modules\\mongoose\\lib\\connection.js:792:11)\n' +
    '    at NativeConnection.openUri (C:\\Users\\satay\\Desktop\\level 2\\University-Management-System\\node_modules\\mongoose\\lib\\connection.js:767:11)\n' +
    '    at processTicksAndRejections (node:internal/process/task_queues:95:5)',
  label: 'UM',
  timestamp: '2023-08-20T13:34:27.192Z'
}
{
  service: 'user-service',
  message: 'Failed to connect database! connect ETIMEDOUT 52.21.94.171:27017',
  reason: TopologyDescription {
    type: 'ReplicaSetNoPrimary',
    servers: Map(3) {
      'cluster0-shard-00-00.a744t.mongodb.net:27017' => ServerDescription {
        address: 'cluster0-shard-00-00.a744t.mongodb.net:27017',
        type: 'RSSecondary',
        hosts: [
          'cluster0-shard-00-00.a744t.mongodb.net:27017',
          'cluster0-shard-00-01.a744t.mongodb.net:27017',
          'cluster0-shard-00-02.a744t.mongodb.net:27017'
        ],
        passives: [],
        arbiters: [],
        tags: {
          workloadType: 'OPERATIONAL',
          provider: 'AWS',
          region: 'US_EAST_1',
          nodeType: 'ELECTABLE'
        },
        minWireVersion: 0,
        maxWireVersion: 17,
        roundTripTime: 1644.48,
        lastUpdateTime: 787572446,
        lastWriteDate: 2023-08-20T13:47:17.000Z,
        error: null,
        topologyVersion: {
          processId: new ObjectId("64e150e414d54bfeceb9b994"),
          counter: 4
        },
        setName: 'atlas-he7wgv-shard-0',
        setVersion: 7,
        electionId: null,
        logicalSessionTimeoutMinutes: 30,
        primary: 'cluster0-shard-00-02.a744t.mongodb.net:27017',
        me: 'cluster0-shard-00-00.a744t.mongodb.net:27017',
        '$clusterTime': {
          clusterTime: new Timestamp({ t: 1692539237, i: 2 }),
          signature: {
            hash: Binary.createFromBase64("FYaPryB5E/BUBUs3y3HhtGjknNI=", 0),
            keyId: new Long("7229333744841129986")
          }
        }
      },
      'cluster0-shard-00-01.a744t.mongodb.net:27017' => ServerDescription {
        address: 'cluster0-shard-00-01.a744t.mongodb.net:27017',
        type: 'RSSecondary',
        hosts: [
          'cluster0-shard-00-00.a744t.mongodb.net:27017',
          'cluster0-shard-00-01.a744t.mongodb.net:27017',
          'cluster0-shard-00-02.a744t.mongodb.net:27017'
        ],
        passives: [],
        arbiters: [],
        tags: {
          provider: 'AWS',
          nodeType: 'ELECTABLE',
          region: 'US_EAST_1',
          workloadType: 'OPERATIONAL'
        },
        minWireVersion: 0,
        maxWireVersion: 17,
        roundTripTime: 1080.04,
        lastUpdateTime: 787571680,
        lastWriteDate: 2023-08-20T13:47:16.000Z,
        error: null,
        topologyVersion: {
          processId: new ObjectId("64e152b9a60f1c6ac0add4da"),
          counter: 3
        },
        setName: 'atlas-he7wgv-shard-0',
        setVersion: 7,
        electionId: null,
        logicalSessionTimeoutMinutes: 30,
        primary: 'cluster0-shard-00-02.a744t.mongodb.net:27017',
        me: 'cluster0-shard-00-01.a744t.mongodb.net:27017',
        '$clusterTime': {
          clusterTime: new Timestamp({ t: 1692539236, i: 5 }),
          signature: {
            hash: Binary.createFromBase64("adUUtZr8FImEkTEIw+Ux/qmH834=", 0),
            keyId: new Long("7229333744841129986")
          }
        }
      },
      'cluster0-shard-00-02.a744t.mongodb.net:27017' => ServerDescription {
        address: 'cluster0-shard-00-02.a744t.mongodb.net:27017',
        type: 'Unknown',
        hosts: [],
        passives: [],
        arbiters: [],
        tags: {},
        minWireVersion: 0,
        maxWireVersion: 0,
        roundTripTime: -1,
        lastUpdateTime: 787570606,
        lastWriteDate: 0,
        error: MongoNetworkError: connect ETIMEDOUT 52.21.94.171:27017
            at connectionFailureError (C:\Users\satay\Desktop\level 2\University-Management-System\node_modules\mongodb\src\cmap\connect.ts:491:14)
            at TLSSocket.<anonymous> (C:\Users\satay\Desktop\level 2\University-Management-System\node_modules\mongodb\src\cmap\connect.ts:392:16)
            at Object.onceWrapper (node:events:628:26)
            at TLSSocket.emit (node:events:513:28)
            at emitErrorNT (node:internal/streams/destroy:151:8)
            at emitErrorCloseNT (node:internal/streams/destroy:116:3)
            at processTicksAndRejections (node:internal/process/task_queues:82:21) {
          cause: Error: connect ETIMEDOUT 52.21.94.171:27017
              at TCPConnectWrap.afterConnect [as oncomplete] (node:net:1494:16) {
            errno: -4039,
            code: 'ETIMEDOUT',
            syscall: 'connect',
            address: '52.21.94.171',
            port: 27017
          },
          [Symbol(errorLabels)]: Set(1) { 'ResetPool' }
        },
        topologyVersion: null,
        setName: null,
        setVersion: null,
        electionId: null,
        logicalSessionTimeoutMinutes: null,
        primary: null,
        me: null,
        '$clusterTime': null
      }
    },
    stale: false,
    compatible: true,
    heartbeatFrequencyMS: 10000,
    localThresholdMS: 15,
    setName: 'atlas-he7wgv-shard-0',
    maxElectionId: null,
    maxSetVersion: null,
    commonWireVersion: 0,
    logicalSessionTimeoutMinutes: 30
  },
  code: undefined,
  level: 'error',
  stack: 'MongooseServerSelectionError: connect ETIMEDOUT 52.21.94.171:27017\n' +
    '    at _handleConnectionErrors (C:\\Users\\satay\\Desktop\\level 2\\University-Management-System\\node_modules\\mongoose\\lib\\connection.js:792:11)\n' +
    '    at NativeConnection.openUri (C:\\Users\\satay\\Desktop\\level 2\\University-Management-System\\node_modules\\mongoose\\lib\\connection.js:767:11)\n' +
    '    at processTicksAndRejections (node:internal/process/task_queues:95:5)',
  label: 'UM',
  timestamp: '2023-08-20T13:47:23.518Z'
}
