{
  service: 'user-service',
  path: 'academicSemester',
  level: 'error',
  message: '---GlobalErrorHandler--- Cannot populate path `academicSemester` because it is not in your schema. Set the `strictPopulate` option to false to override.',
  stack: 'StrictPopulateError: Cannot populate path `academicSemester` because it is not in your schema. Set the `strictPopulate` option to false to override.\n' +
    '    at getModelsMapForPopulate (C:\\Users\\satay\\Desktop\\level 2\\University-Management-System\\node_modules\\mongoose\\lib\\helpers\\populate\\getModelsMapForPopulate.js:49:12)\n' +
    '    at populate (C:\\Users\\satay\\Desktop\\level 2\\University-Management-System\\node_modules\\mongoose\\lib\\model.js:4245:21)\n' +
    '    at _populate (C:\\Users\\satay\\Desktop\\level 2\\University-Management-System\\node_modules\\mongoose\\lib\\model.js:4205:5)\n' +
    '    at C:\\Users\\satay\\Desktop\\level 2\\University-Management-System\\node_modules\\mongoose\\lib\\model.js:4177:5\n' +
    '    at new Promise (<anonymous>)\n' +
    '    at Function.populate (C:\\Users\\satay\\Desktop\\level 2\\University-Management-System\\node_modules\\mongoose\\lib\\model.js:4176:10)\n' +
    '    at C:\\Users\\satay\\Desktop\\level 2\\University-Management-System\\node_modules\\mongoose\\lib\\query.js:2485:11\n' +
    '    at C:\\Users\\satay\\Desktop\\level 2\\University-Management-System\\node_modules\\mongoose\\lib\\query.js:3140:21\n' +
    '    at processTicksAndRejections (node:internal/process/task_queues:77:11)',
  label: 'UM',
  timestamp: '2023-08-15T20:30:57.125Z'
}
{
  service: 'user-service',
  stringValue: '"F-00004"',
  messageFormat: undefined,
  kind: 'ObjectId',
  value: 'F-00004',
  path: '_id',
  reason: BSONError: Argument passed in must be a string of 12 bytes or a string of 24 hex characters or an integer
      at new ObjectId (C:\Users\satay\Desktop\level 2\University-Management-System\node_modules\bson\src\objectid.ts:88:15)
      at castObjectId (C:\Users\satay\Desktop\level 2\University-Management-System\node_modules\mongoose\lib\cast\objectid.js:25:12)
      at ObjectId.cast (C:\Users\satay\Desktop\level 2\University-Management-System\node_modules\mongoose\lib\schema\objectid.js:246:12)
      at ObjectId.SchemaType.applySetters (C:\Users\satay\Desktop\level 2\University-Management-System\node_modules\mongoose\lib\schematype.js:1204:12)
      at ObjectId.SchemaType.castForQuery (C:\Users\satay\Desktop\level 2\University-Management-System\node_modules\mongoose\lib\schematype.js:1616:15)
      at cast (C:\Users\satay\Desktop\level 2\University-Management-System\node_modules\mongoose\lib\cast.js:348:32)
      at model.Query.Query.cast (C:\Users\satay\Desktop\level 2\University-Management-System\node_modules\mongoose\lib\query.js:4874:12)
      at model.Query.Query._castConditions (C:\Users\satay\Desktop\level 2\University-Management-System\node_modules\mongoose\lib\query.js:2210:10)
      at model.Query._findOneAndDelete (C:\Users\satay\Desktop\level 2\University-Management-System\node_modules\mongoose\lib\query.js:3480:8)
      at model.Query.exec (C:\Users\satay\Desktop\level 2\University-Management-System\node_modules\mongoose\lib\query.js:4404:28),
  valueType: 'string',
  model: Model { Faculty },
  level: 'error',
  message: '---GlobalErrorHandler--- Cast to ObjectId failed for value "F-00004" (type string) at path "_id" for model "Faculty"',
  stack: 'CastError: Cast to ObjectId failed for value "F-00004" (type string) at path "_id" for model "Faculty"\n' +
    '    at ObjectId.cast (C:\\Users\\satay\\Desktop\\level 2\\University-Management-System\\node_modules\\mongoose\\lib\\schema\\objectid.js:248:11)\n' +
    '    at ObjectId.SchemaType.applySetters (C:\\Users\\satay\\Desktop\\level 2\\University-Management-System\\node_modules\\mongoose\\lib\\schematype.js:1204:12)\n' +
    '    at ObjectId.SchemaType.castForQuery (C:\\Users\\satay\\Desktop\\level 2\\University-Management-System\\node_modules\\mongoose\\lib\\schematype.js:1616:15)\n' +
    '    at cast (C:\\Users\\satay\\Desktop\\level 2\\University-Management-System\\node_modules\\mongoose\\lib\\cast.js:348:32)\n' +
    '    at model.Query.Query.cast (C:\\Users\\satay\\Desktop\\level 2\\University-Management-System\\node_modules\\mongoose\\lib\\query.js:4874:12)\n' +
    '    at model.Query.Query._castConditions (C:\\Users\\satay\\Desktop\\level 2\\University-Management-System\\node_modules\\mongoose\\lib\\query.js:2210:10)\n' +
    '    at model.Query._findOneAndDelete (C:\\Users\\satay\\Desktop\\level 2\\University-Management-System\\node_modules\\mongoose\\lib\\query.js:3480:8)\n' +
    '    at model.Query.exec (C:\\Users\\satay\\Desktop\\level 2\\University-Management-System\\node_modules\\mongoose\\lib\\query.js:4404:28)\n' +
    '    at processTicksAndRejections (node:internal/process/task_queues:95:5)',
  label: 'UM',
  timestamp: '2023-08-15T20:32:09.220Z'
}
