{
  level: 'error',
  service: 'user-service',
  label: 'UM',
  timestamp: '2023-08-20T15:30:10.400Z',
  [Symbol(errorLabels)]: Set(0) {}
}
{
  service: 'user-service',
  statusCode: 404,
  level: 'error',
  message: '---GlobalErrorHandler--- User does not exist...',
  stack: 'Error: User does not exist...\n' +
    '    at C:\\Users\\satay\\Desktop\\level 2\\University-Management-System\\src\\app\\modules\\auth\\auth.service.ts:26:11\n' +
    '    at Generator.next (<anonymous>)\n' +
    '    at fulfilled (C:\\Users\\satay\\Desktop\\level 2\\University-Management-System\\src\\app\\modules\\auth\\auth.service.ts:5:58)\n' +
    '    at processTicksAndRejections (node:internal/process/task_queues:95:5)',
  label: 'UM',
  timestamp: '2023-08-20T15:31:26.470Z'
}
{
  service: 'user-service',
  statusCode: 404,
  level: 'error',
  message: '---GlobalErrorHandler--- User does not exist...',
  stack: 'Error: User does not exist...\n' +
    '    at C:\\Users\\satay\\Desktop\\level 2\\University-Management-System\\src\\app\\modules\\auth\\auth.service.ts:102:11\n' +
    '    at Generator.next (<anonymous>)\n' +
    '    at fulfilled (C:\\Users\\satay\\Desktop\\level 2\\University-Management-System\\src\\app\\modules\\auth\\auth.service.ts:5:58)\n' +
    '    at processTicksAndRejections (node:internal/process/task_queues:95:5)',
  label: 'UM',
  timestamp: '2023-08-20T15:31:30.982Z'
}
{
  service: 'user-service',
  statusCode: 404,
  level: 'error',
  message: '---GlobalErrorHandler--- User does not exist...',
  stack: 'Error: User does not exist...\n' +
    '    at C:\\Users\\satay\\Desktop\\level 2\\University-Management-System\\src\\app\\modules\\auth\\auth.service.ts:102:11\n' +
    '    at Generator.next (<anonymous>)\n' +
    '    at fulfilled (C:\\Users\\satay\\Desktop\\level 2\\University-Management-System\\src\\app\\modules\\auth\\auth.service.ts:5:58)\n' +
    '    at processTicksAndRejections (node:internal/process/task_queues:95:5)',
  label: 'UM',
  timestamp: '2023-08-20T15:31:35.136Z'
}
{
  level: 'error',
  service: 'user-service',
  label: 'UM',
  timestamp: '2023-08-20T15:32:14.822Z',
  [Symbol(errorLabels)]: Set(0) {}
}
{
  service: 'user-service',
  statusCode: 404,
  level: 'error',
  message: '---GlobalErrorHandler--- User does not exist...',
  stack: 'Error: User does not exist...\n' +
    '    at C:\\Users\\satay\\Desktop\\level 2\\University-Management-System\\src\\app\\modules\\auth\\auth.service.ts:27:11\n' +
    '    at Generator.next (<anonymous>)\n' +
    '    at fulfilled (C:\\Users\\satay\\Desktop\\level 2\\University-Management-System\\src\\app\\modules\\auth\\auth.service.ts:5:58)\n' +
    '    at processTicksAndRejections (node:internal/process/task_queues:95:5)',
  label: 'UM',
  timestamp: '2023-08-20T15:37:51.436Z'
}
{
  service: 'user-service',
  index: 0,
  code: 11000,
  keyPattern: { email: 1 },
  keyValue: { email: 'fr7d9e77@gmail.com' },
  level: 'error',
  message: '---GlobalErrorHandler--- E11000 duplicate key error collection: university-managment-sysem.students index: email_1 dup key: { email: "fr7d9e77@gmail.com" }',
  stack: 'MongoServerError: E11000 duplicate key error collection: university-managment-sysem.students index: email_1 dup key: { email: "fr7d9e77@gmail.com" }\n' +
    '    at C:\\Users\\satay\\Desktop\\level 2\\University-Management-System\\node_modules\\mongodb\\src\\operations\\insert.ts:85:25\n' +
    '    at C:\\Users\\satay\\Desktop\\level 2\\University-Management-System\\node_modules\\mongodb\\src\\cmap\\connection_pool.ts:574:11\n' +
    '    at C:\\Users\\satay\\Desktop\\level 2\\University-Management-System\\node_modules\\mongodb\\src\\sdam\\server.ts:368:13\n' +
    '    at handleOperationResult (C:\\Users\\satay\\Desktop\\level 2\\University-Management-System\\node_modules\\mongodb\\src\\sdam\\server.ts:502:14)\n' +
    '    at Connection.onMessage (C:\\Users\\satay\\Desktop\\level 2\\University-Management-System\\node_modules\\mongodb\\src\\cmap\\connection.ts:418:5)\n' +
    '    at MessageStream.<anonymous> (C:\\Users\\satay\\Desktop\\level 2\\University-Management-System\\node_modules\\mongodb\\src\\cmap\\connection.ts:243:56)\n' +
    '    at MessageStream.emit (node:events:513:28)\n' +
    '    at processIncomingData (C:\\Users\\satay\\Desktop\\level 2\\University-Management-System\\node_modules\\mongodb\\src\\cmap\\message_stream.ts:187:12)\n' +
    '    at MessageStream._write (C:\\Users\\satay\\Desktop\\level 2\\University-Management-System\\node_modules\\mongodb\\src\\cmap\\message_stream.ts:68:5)\n' +
    '    at writeOrBuffer (node:internal/streams/writable:392:12)',
  label: 'UM',
  timestamp: '2023-08-20T15:41:09.932Z',
  [Symbol(errorLabels)]: Set(0) {}
}
{
  service: 'user-service',
  index: 0,
  code: 11000,
  keyPattern: { contactNo: 1 },
  keyValue: { contactNo: '43900' },
  level: 'error',
  message: '---GlobalErrorHandler--- E11000 duplicate key error collection: university-managment-sysem.students index: contactNo_1 dup key: { contactNo: "43900" }',
  stack: 'MongoServerError: E11000 duplicate key error collection: university-managment-sysem.students index: contactNo_1 dup key: { contactNo: "43900" }\n' +
    '    at C:\\Users\\satay\\Desktop\\level 2\\University-Management-System\\node_modules\\mongodb\\src\\operations\\insert.ts:85:25\n' +
    '    at C:\\Users\\satay\\Desktop\\level 2\\University-Management-System\\node_modules\\mongodb\\src\\cmap\\connection_pool.ts:574:11\n' +
    '    at C:\\Users\\satay\\Desktop\\level 2\\University-Management-System\\node_modules\\mongodb\\src\\sdam\\server.ts:368:13\n' +
    '    at handleOperationResult (C:\\Users\\satay\\Desktop\\level 2\\University-Management-System\\node_modules\\mongodb\\src\\sdam\\server.ts:502:14)\n' +
    '    at Connection.onMessage (C:\\Users\\satay\\Desktop\\level 2\\University-Management-System\\node_modules\\mongodb\\src\\cmap\\connection.ts:418:5)\n' +
    '    at MessageStream.<anonymous> (C:\\Users\\satay\\Desktop\\level 2\\University-Management-System\\node_modules\\mongodb\\src\\cmap\\connection.ts:243:56)\n' +
    '    at MessageStream.emit (node:events:513:28)\n' +
    '    at processIncomingData (C:\\Users\\satay\\Desktop\\level 2\\University-Management-System\\node_modules\\mongodb\\src\\cmap\\message_stream.ts:187:12)\n' +
    '    at MessageStream._write (C:\\Users\\satay\\Desktop\\level 2\\University-Management-System\\node_modules\\mongodb\\src\\cmap\\message_stream.ts:68:5)\n' +
    '    at writeOrBuffer (node:internal/streams/writable:392:12)',
  label: 'UM',
  timestamp: '2023-08-20T15:41:47.228Z',
  [Symbol(errorLabels)]: Set(0) {}
}
{
  level: 'error',
  service: 'user-service',
  label: 'UM',
  timestamp: '2023-08-20T15:44:38.232Z',
  [Symbol(errorLabels)]: Set(0) {}
}
{
  service: 'user-service',
  statusCode: 404,
  level: 'error',
  message: '---GlobalErrorHandler--- User does not exist...',
  stack: 'Error: User does not exist...\n' +
    '    at C:\\Users\\satay\\Desktop\\level 2\\University-Management-System\\src\\app\\modules\\auth\\auth.service.ts:27:11\n' +
    '    at Generator.next (<anonymous>)\n' +
    '    at fulfilled (C:\\Users\\satay\\Desktop\\level 2\\University-Management-System\\src\\app\\modules\\auth\\auth.service.ts:5:58)\n' +
    '    at processTicksAndRejections (node:internal/process/task_queues:95:5)',
  label: 'UM',
  timestamp: '2023-08-20T15:46:46.247Z'
}
{
  level: 'error',
  service: 'user-service',
  label: 'UM',
  timestamp: '2023-08-20T15:47:09.661Z',
  [Symbol(errorLabels)]: Set(0) {}
}
{
  service: 'user-service',
  statusCode: 404,
  level: 'error',
  message: '---GlobalErrorHandler--- User does not exist...',
  stack: 'Error: User does not exist...\n' +
    '    at C:\\Users\\satay\\Desktop\\level 2\\University-Management-System\\src\\app\\modules\\auth\\auth.service.ts:27:11\n' +
    '    at Generator.next (<anonymous>)\n' +
    '    at fulfilled (C:\\Users\\satay\\Desktop\\level 2\\University-Management-System\\src\\app\\modules\\auth\\auth.service.ts:5:58)\n' +
    '    at processTicksAndRejections (node:internal/process/task_queues:95:5)',
  label: 'UM',
  timestamp: '2023-08-20T15:54:11.606Z'
}
{
  service: 'user-service',
  statusCode: 404,
  level: 'error',
  message: '---GlobalErrorHandler--- User does not exist...',
  stack: 'Error: User does not exist...\n' +
    '    at C:\\Users\\satay\\Desktop\\level 2\\University-Management-System\\src\\app\\modules\\auth\\auth.service.ts:27:11\n' +
    '    at Generator.next (<anonymous>)\n' +
    '    at fulfilled (C:\\Users\\satay\\Desktop\\level 2\\University-Management-System\\src\\app\\modules\\auth\\auth.service.ts:5:58)\n' +
    '    at processTicksAndRejections (node:internal/process/task_queues:95:5)',
  label: 'UM',
  timestamp: '2023-08-20T15:54:13.464Z'
}
{
  service: 'user-service',
  statusCode: 404,
  level: 'error',
  message: '---GlobalErrorHandler--- User does not exist...',
  stack: 'Error: User does not exist...\n' +
    '    at C:\\Users\\satay\\Desktop\\level 2\\University-Management-System\\src\\app\\modules\\auth\\auth.service.ts:27:11\n' +
    '    at Generator.next (<anonymous>)\n' +
    '    at fulfilled (C:\\Users\\satay\\Desktop\\level 2\\University-Management-System\\src\\app\\modules\\auth\\auth.service.ts:5:58)\n' +
    '    at processTicksAndRejections (node:internal/process/task_queues:95:5)',
  label: 'UM',
  timestamp: '2023-08-20T15:54:15.549Z'
}
{
  service: 'user-service',
  index: 0,
  code: 11000,
  keyPattern: { email: 1 },
  keyValue: { email: 'fre77@gmail.com' },
  level: 'error',
  message: '---GlobalErrorHandler--- E11000 duplicate key error collection: university-managment-sysem.students index: email_1 dup key: { email: "fre77@gmail.com" }',
  stack: 'MongoServerError: E11000 duplicate key error collection: university-managment-sysem.students index: email_1 dup key: { email: "fre77@gmail.com" }\n' +
    '    at C:\\Users\\satay\\Desktop\\level 2\\University-Management-System\\node_modules\\mongodb\\src\\operations\\insert.ts:85:25\n' +
    '    at C:\\Users\\satay\\Desktop\\level 2\\University-Management-System\\node_modules\\mongodb\\src\\cmap\\connection_pool.ts:574:11\n' +
    '    at C:\\Users\\satay\\Desktop\\level 2\\University-Management-System\\node_modules\\mongodb\\src\\sdam\\server.ts:368:13\n' +
    '    at handleOperationResult (C:\\Users\\satay\\Desktop\\level 2\\University-Management-System\\node_modules\\mongodb\\src\\sdam\\server.ts:502:14)\n' +
    '    at Connection.onMessage (C:\\Users\\satay\\Desktop\\level 2\\University-Management-System\\node_modules\\mongodb\\src\\cmap\\connection.ts:418:5)\n' +
    '    at MessageStream.<anonymous> (C:\\Users\\satay\\Desktop\\level 2\\University-Management-System\\node_modules\\mongodb\\src\\cmap\\connection.ts:243:56)\n' +
    '    at MessageStream.emit (node:events:513:28)\n' +
    '    at processIncomingData (C:\\Users\\satay\\Desktop\\level 2\\University-Management-System\\node_modules\\mongodb\\src\\cmap\\message_stream.ts:187:12)\n' +
    '    at MessageStream._write (C:\\Users\\satay\\Desktop\\level 2\\University-Management-System\\node_modules\\mongodb\\src\\cmap\\message_stream.ts:68:5)\n' +
    '    at writeOrBuffer (node:internal/streams/writable:392:12)',
  label: 'UM',
  timestamp: '2023-08-20T15:54:48.754Z',
  [Symbol(errorLabels)]: Set(0) {}
}
{
  service: 'user-service',
  index: 0,
  code: 11000,
  keyPattern: { email: 1 },
  keyValue: { email: 'fre77@gmail.com' },
  level: 'error',
  message: '---GlobalErrorHandler--- E11000 duplicate key error collection: university-managment-sysem.students index: email_1 dup key: { email: "fre77@gmail.com" }',
  stack: 'MongoServerError: E11000 duplicate key error collection: university-managment-sysem.students index: email_1 dup key: { email: "fre77@gmail.com" }\n' +
    '    at C:\\Users\\satay\\Desktop\\level 2\\University-Management-System\\node_modules\\mongodb\\src\\operations\\insert.ts:85:25\n' +
    '    at C:\\Users\\satay\\Desktop\\level 2\\University-Management-System\\node_modules\\mongodb\\src\\cmap\\connection_pool.ts:574:11\n' +
    '    at C:\\Users\\satay\\Desktop\\level 2\\University-Management-System\\node_modules\\mongodb\\src\\sdam\\server.ts:368:13\n' +
    '    at handleOperationResult (C:\\Users\\satay\\Desktop\\level 2\\University-Management-System\\node_modules\\mongodb\\src\\sdam\\server.ts:502:14)\n' +
    '    at Connection.onMessage (C:\\Users\\satay\\Desktop\\level 2\\University-Management-System\\node_modules\\mongodb\\src\\cmap\\connection.ts:418:5)\n' +
    '    at MessageStream.<anonymous> (C:\\Users\\satay\\Desktop\\level 2\\University-Management-System\\node_modules\\mongodb\\src\\cmap\\connection.ts:243:56)\n' +
    '    at MessageStream.emit (node:events:513:28)\n' +
    '    at processIncomingData (C:\\Users\\satay\\Desktop\\level 2\\University-Management-System\\node_modules\\mongodb\\src\\cmap\\message_stream.ts:187:12)\n' +
    '    at MessageStream._write (C:\\Users\\satay\\Desktop\\level 2\\University-Management-System\\node_modules\\mongodb\\src\\cmap\\message_stream.ts:68:5)\n' +
    '    at writeOrBuffer (node:internal/streams/writable:392:12)',
  label: 'UM',
  timestamp: '2023-08-20T15:56:30.107Z',
  [Symbol(errorLabels)]: Set(0) {}
}
{
  service: 'user-service',
  index: 0,
  code: 11000,
  keyPattern: { email: 1 },
  keyValue: { email: 'fre77@gmail.com' },
  level: 'error',
  message: '---GlobalErrorHandler--- E11000 duplicate key error collection: university-managment-sysem.students index: email_1 dup key: { email: "fre77@gmail.com" }',
  stack: 'MongoServerError: E11000 duplicate key error collection: university-managment-sysem.students index: email_1 dup key: { email: "fre77@gmail.com" }\n' +
    '    at C:\\Users\\satay\\Desktop\\level 2\\University-Management-System\\node_modules\\mongodb\\src\\operations\\insert.ts:85:25\n' +
    '    at C:\\Users\\satay\\Desktop\\level 2\\University-Management-System\\node_modules\\mongodb\\src\\cmap\\connection_pool.ts:574:11\n' +
    '    at C:\\Users\\satay\\Desktop\\level 2\\University-Management-System\\node_modules\\mongodb\\src\\sdam\\server.ts:368:13\n' +
    '    at handleOperationResult (C:\\Users\\satay\\Desktop\\level 2\\University-Management-System\\node_modules\\mongodb\\src\\sdam\\server.ts:502:14)\n' +
    '    at Connection.onMessage (C:\\Users\\satay\\Desktop\\level 2\\University-Management-System\\node_modules\\mongodb\\src\\cmap\\connection.ts:418:5)\n' +
    '    at MessageStream.<anonymous> (C:\\Users\\satay\\Desktop\\level 2\\University-Management-System\\node_modules\\mongodb\\src\\cmap\\connection.ts:243:56)\n' +
    '    at MessageStream.emit (node:events:513:28)\n' +
    '    at processIncomingData (C:\\Users\\satay\\Desktop\\level 2\\University-Management-System\\node_modules\\mongodb\\src\\cmap\\message_stream.ts:187:12)\n' +
    '    at MessageStream._write (C:\\Users\\satay\\Desktop\\level 2\\University-Management-System\\node_modules\\mongodb\\src\\cmap\\message_stream.ts:68:5)\n' +
    '    at writeOrBuffer (node:internal/streams/writable:392:12)',
  label: 'UM',
  timestamp: '2023-08-20T15:56:33.656Z',
  [Symbol(errorLabels)]: Set(0) {}
}
{
  service: 'user-service',
  index: 0,
  code: 11000,
  keyPattern: { email: 1 },
  keyValue: { email: 'fre77@gmail.com' },
  level: 'error',
  message: '---GlobalErrorHandler--- E11000 duplicate key error collection: university-managment-sysem.students index: email_1 dup key: { email: "fre77@gmail.com" }',
  stack: 'MongoServerError: E11000 duplicate key error collection: university-managment-sysem.students index: email_1 dup key: { email: "fre77@gmail.com" }\n' +
    '    at C:\\Users\\satay\\Desktop\\level 2\\University-Management-System\\node_modules\\mongodb\\src\\operations\\insert.ts:85:25\n' +
    '    at C:\\Users\\satay\\Desktop\\level 2\\University-Management-System\\node_modules\\mongodb\\src\\cmap\\connection_pool.ts:574:11\n' +
    '    at C:\\Users\\satay\\Desktop\\level 2\\University-Management-System\\node_modules\\mongodb\\src\\sdam\\server.ts:368:13\n' +
    '    at handleOperationResult (C:\\Users\\satay\\Desktop\\level 2\\University-Management-System\\node_modules\\mongodb\\src\\sdam\\server.ts:502:14)\n' +
    '    at Connection.onMessage (C:\\Users\\satay\\Desktop\\level 2\\University-Management-System\\node_modules\\mongodb\\src\\cmap\\connection.ts:418:5)\n' +
    '    at MessageStream.<anonymous> (C:\\Users\\satay\\Desktop\\level 2\\University-Management-System\\node_modules\\mongodb\\src\\cmap\\connection.ts:243:56)\n' +
    '    at MessageStream.emit (node:events:513:28)\n' +
    '    at processIncomingData (C:\\Users\\satay\\Desktop\\level 2\\University-Management-System\\node_modules\\mongodb\\src\\cmap\\message_stream.ts:187:12)\n' +
    '    at MessageStream._write (C:\\Users\\satay\\Desktop\\level 2\\University-Management-System\\node_modules\\mongodb\\src\\cmap\\message_stream.ts:68:5)\n' +
    '    at writeOrBuffer (node:internal/streams/writable:392:12)',
  label: 'UM',
  timestamp: '2023-08-20T15:57:03.459Z',
  [Symbol(errorLabels)]: Set(0) {}
}
{
  level: 'error',
  service: 'user-service',
  label: 'UM',
  timestamp: '2023-08-20T15:59:00.448Z',
  [Symbol(errorLabels)]: Set(0) {}
}
