{
  service: 'user-service',
  index: 0,
  code: 11000,
  keyPattern: { email: 1 },
  keyValue: { email: 'aajo65de3d6@example.com' },
  level: 'error',
  message: '---GlobalErrorHandler--- E11000 duplicate key error collection: university-managment-sysem.admins index: email_1 dup key: { email: "aajo65de3d6@example.com" }',
  stack: 'MongoServerError: E11000 duplicate key error collection: university-managment-sysem.admins index: email_1 dup key: { email: "aajo65de3d6@example.com" }\n' +
    '    at C:\\Users\\satay\\Desktop\\level 2\\University-Management-System\\node_modules\\mongodb\\src\\operations\\insert.ts:85:25\n' +
    '    at C:\\Users\\satay\\Desktop\\level 2\\University-Management-System\\node_modules\\mongodb\\src\\cmap\\connection_pool.ts:574:11\n' +
    '    at C:\\Users\\satay\\Desktop\\level 2\\University-Management-System\\node_modules\\mongodb\\src\\sdam\\server.ts:368:13\n' +
    '    at handleOperationResult (C:\\Users\\satay\\Desktop\\level 2\\University-Management-System\\node_modules\\mongodb\\src\\sdam\\server.ts:502:14)\n' +
    '    at Connection.onMessage (C:\\Users\\satay\\Desktop\\level 2\\University-Management-System\\node_modules\\mongodb\\src\\cmap\\connection.ts:418:5)\n' +
    '    at MessageStream.<anonymous> (C:\\Users\\satay\\Desktop\\level 2\\University-Management-System\\node_modules\\mongodb\\src\\cmap\\connection.ts:243:56)\n' +
    '    at MessageStream.emit (node:events:513:28)\n' +
    '    at processIncomingData (C:\\Users\\satay\\Desktop\\level 2\\University-Management-System\\node_modules\\mongodb\\src\\cmap\\message_stream.ts:187:12)\n' +
    '    at MessageStream._write (C:\\Users\\satay\\Desktop\\level 2\\University-Management-System\\node_modules\\mongodb\\src\\cmap\\message_stream.ts:68:5)\n' +
    '    at writeOrBuffer (node:internal/streams/writable:392:12)',
  label: 'UM',
  timestamp: '2023-08-16T17:19:57.984Z',
  [Symbol(errorLabels)]: Set(0) {}
}
{
  service: 'user-service',
  errors: {
    managementDepartment: CastError: Cast to ObjectId failed for value "64dd0493ddaaed0379262e82aa" (type string) at path "managementDepartment" because of "BSONError"
        at ObjectId.cast (C:\Users\satay\Desktop\level 2\University-Management-System\node_modules\mongoose\lib\schema\objectid.js:248:11)
        at ObjectId.SchemaType.applySetters (C:\Users\satay\Desktop\level 2\University-Management-System\node_modules\mongoose\lib\schematype.js:1204:12)
        at model.$set (C:\Users\satay\Desktop\level 2\University-Management-System\node_modules\mongoose\lib\document.js:1414:22)
        at model.$set (C:\Users\satay\Desktop\level 2\University-Management-System\node_modules\mongoose\lib\document.js:1116:16)
        at model.Document (C:\Users\satay\Desktop\level 2\University-Management-System\node_modules\mongoose\lib\document.js:165:12)
        at model.Model (C:\Users\satay\Desktop\level 2\University-Management-System\node_modules\mongoose\lib\model.js:122:12)
        at new model (C:\Users\satay\Desktop\level 2\University-Management-System\node_modules\mongoose\lib\model.js:4609:15)
        at C:\Users\satay\Desktop\level 2\University-Management-System\node_modules\mongoose\lib\model.js:2853:16
        at Array.map (<anonymous>)
        at Function.create (C:\Users\satay\Desktop\level 2\University-Management-System\node_modules\mongoose\lib\model.js:2842:38) {
      stringValue: '"64dd0493ddaaed0379262e82aa"',
      messageFormat: undefined,
      kind: 'ObjectId',
      value: '64dd0493ddaaed0379262e82aa',
      path: 'managementDepartment',
      reason: BSONError: Argument passed in must be a string of 12 bytes or a string of 24 hex characters or an integer
          at new ObjectId (C:\Users\satay\Desktop\level 2\University-Management-System\node_modules\bson\src\objectid.ts:88:15)
          at castObjectId (C:\Users\satay\Desktop\level 2\University-Management-System\node_modules\mongoose\lib\cast\objectid.js:25:12)
          at ObjectId.cast (C:\Users\satay\Desktop\level 2\University-Management-System\node_modules\mongoose\lib\schema\objectid.js:246:12)
          at ObjectId.SchemaType.applySetters (C:\Users\satay\Desktop\level 2\University-Management-System\node_modules\mongoose\lib\schematype.js:1204:12)
          at model.$set (C:\Users\satay\Desktop\level 2\University-Management-System\node_modules\mongoose\lib\document.js:1414:22)
          at model.$set (C:\Users\satay\Desktop\level 2\University-Management-System\node_modules\mongoose\lib\document.js:1116:16)
          at model.Document (C:\Users\satay\Desktop\level 2\University-Management-System\node_modules\mongoose\lib\document.js:165:12)
          at model.Model (C:\Users\satay\Desktop\level 2\University-Management-System\node_modules\mongoose\lib\model.js:122:12)
          at new model (C:\Users\satay\Desktop\level 2\University-Management-System\node_modules\mongoose\lib\model.js:4609:15)
          at C:\Users\satay\Desktop\level 2\University-Management-System\node_modules\mongoose\lib\model.js:2853:16,
      valueType: 'string'
    }
  },
  _message: 'Admin validation failed',
  level: 'error',
  message: '---GlobalErrorHandler--- Admin validation failed: managementDepartment: Cast to ObjectId failed for value "64dd0493ddaaed0379262e82aa" (type string) at path "managementDepartment" because of "BSONError"',
  stack: 'ValidationError: Admin validation failed: managementDepartment: Cast to ObjectId failed for value "64dd0493ddaaed0379262e82aa" (type string) at path "managementDepartment" because of "BSONError"\n' +
    '    at model.Document.invalidate (C:\\Users\\satay\\Desktop\\level 2\\University-Management-System\\node_modules\\mongoose\\lib\\document.js:3147:32)\n' +
    '    at model.$set (C:\\Users\\satay\\Desktop\\level 2\\University-Management-System\\node_modules\\mongoose\\lib\\document.js:1456:12)\n' +
    '    at model.$set (C:\\Users\\satay\\Desktop\\level 2\\University-Management-System\\node_modules\\mongoose\\lib\\document.js:1116:16)\n' +
    '    at model.Document (C:\\Users\\satay\\Desktop\\level 2\\University-Management-System\\node_modules\\mongoose\\lib\\document.js:165:12)\n' +
    '    at model.Model (C:\\Users\\satay\\Desktop\\level 2\\University-Management-System\\node_modules\\mongoose\\lib\\model.js:122:12)\n' +
    '    at new model (C:\\Users\\satay\\Desktop\\level 2\\University-Management-System\\node_modules\\mongoose\\lib\\model.js:4609:15)\n' +
    '    at C:\\Users\\satay\\Desktop\\level 2\\University-Management-System\\node_modules\\mongoose\\lib\\model.js:2853:16\n' +
    '    at Array.map (<anonymous>)\n' +
    '    at Function.create (C:\\Users\\satay\\Desktop\\level 2\\University-Management-System\\node_modules\\mongoose\\lib\\model.js:2842:38)\n' +
    '    at C:\\Users\\satay\\Desktop\\level 2\\University-Management-System\\src\\app\\modules\\user\\user.service.ts:174:34',
  label: 'UM',
  timestamp: '2023-08-16T17:55:51.533Z'
}
{
  service: 'user-service',
  errors: {
    managementDepartment: CastError: Cast to ObjectId failed for value "64dd0493ddaaed0379262e" (type string) at path "managementDepartment" because of "BSONError"
        at ObjectId.cast (C:\Users\satay\Desktop\level 2\University-Management-System\node_modules\mongoose\lib\schema\objectid.js:248:11)
        at ObjectId.SchemaType.applySetters (C:\Users\satay\Desktop\level 2\University-Management-System\node_modules\mongoose\lib\schematype.js:1204:12)
        at model.$set (C:\Users\satay\Desktop\level 2\University-Management-System\node_modules\mongoose\lib\document.js:1414:22)
        at model.$set (C:\Users\satay\Desktop\level 2\University-Management-System\node_modules\mongoose\lib\document.js:1116:16)
        at model.Document (C:\Users\satay\Desktop\level 2\University-Management-System\node_modules\mongoose\lib\document.js:165:12)
        at model.Model (C:\Users\satay\Desktop\level 2\University-Management-System\node_modules\mongoose\lib\model.js:122:12)
        at new model (C:\Users\satay\Desktop\level 2\University-Management-System\node_modules\mongoose\lib\model.js:4609:15)
        at C:\Users\satay\Desktop\level 2\University-Management-System\node_modules\mongoose\lib\model.js:2853:16
        at Array.map (<anonymous>)
        at Function.create (C:\Users\satay\Desktop\level 2\University-Management-System\node_modules\mongoose\lib\model.js:2842:38) {
      stringValue: '"64dd0493ddaaed0379262e"',
      messageFormat: undefined,
      kind: 'ObjectId',
      value: '64dd0493ddaaed0379262e',
      path: 'managementDepartment',
      reason: BSONError: Argument passed in must be a string of 12 bytes or a string of 24 hex characters or an integer
          at new ObjectId (C:\Users\satay\Desktop\level 2\University-Management-System\node_modules\bson\src\objectid.ts:88:15)
          at castObjectId (C:\Users\satay\Desktop\level 2\University-Management-System\node_modules\mongoose\lib\cast\objectid.js:25:12)
          at ObjectId.cast (C:\Users\satay\Desktop\level 2\University-Management-System\node_modules\mongoose\lib\schema\objectid.js:246:12)
          at ObjectId.SchemaType.applySetters (C:\Users\satay\Desktop\level 2\University-Management-System\node_modules\mongoose\lib\schematype.js:1204:12)
          at model.$set (C:\Users\satay\Desktop\level 2\University-Management-System\node_modules\mongoose\lib\document.js:1414:22)
          at model.$set (C:\Users\satay\Desktop\level 2\University-Management-System\node_modules\mongoose\lib\document.js:1116:16)
          at model.Document (C:\Users\satay\Desktop\level 2\University-Management-System\node_modules\mongoose\lib\document.js:165:12)
          at model.Model (C:\Users\satay\Desktop\level 2\University-Management-System\node_modules\mongoose\lib\model.js:122:12)
          at new model (C:\Users\satay\Desktop\level 2\University-Management-System\node_modules\mongoose\lib\model.js:4609:15)
          at C:\Users\satay\Desktop\level 2\University-Management-System\node_modules\mongoose\lib\model.js:2853:16,
      valueType: 'string'
    }
  },
  _message: 'Admin validation failed',
  level: 'error',
  message: '---GlobalErrorHandler--- Admin validation failed: managementDepartment: Cast to ObjectId failed for value "64dd0493ddaaed0379262e" (type string) at path "managementDepartment" because of "BSONError"',
  stack: 'ValidationError: Admin validation failed: managementDepartment: Cast to ObjectId failed for value "64dd0493ddaaed0379262e" (type string) at path "managementDepartment" because of "BSONError"\n' +
    '    at model.Document.invalidate (C:\\Users\\satay\\Desktop\\level 2\\University-Management-System\\node_modules\\mongoose\\lib\\document.js:3147:32)\n' +
    '    at model.$set (C:\\Users\\satay\\Desktop\\level 2\\University-Management-System\\node_modules\\mongoose\\lib\\document.js:1456:12)\n' +
    '    at model.$set (C:\\Users\\satay\\Desktop\\level 2\\University-Management-System\\node_modules\\mongoose\\lib\\document.js:1116:16)\n' +
    '    at model.Document (C:\\Users\\satay\\Desktop\\level 2\\University-Management-System\\node_modules\\mongoose\\lib\\document.js:165:12)\n' +
    '    at model.Model (C:\\Users\\satay\\Desktop\\level 2\\University-Management-System\\node_modules\\mongoose\\lib\\model.js:122:12)\n' +
    '    at new model (C:\\Users\\satay\\Desktop\\level 2\\University-Management-System\\node_modules\\mongoose\\lib\\model.js:4609:15)\n' +
    '    at C:\\Users\\satay\\Desktop\\level 2\\University-Management-System\\node_modules\\mongoose\\lib\\model.js:2853:16\n' +
    '    at Array.map (<anonymous>)\n' +
    '    at Function.create (C:\\Users\\satay\\Desktop\\level 2\\University-Management-System\\node_modules\\mongoose\\lib\\model.js:2842:38)\n' +
    '    at C:\\Users\\satay\\Desktop\\level 2\\University-Management-System\\src\\app\\modules\\user\\user.service.ts:174:34',
  label: 'UM',
  timestamp: '2023-08-16T17:56:06.585Z'
}
