{
  service: 'user-service',
  ok: 0,
  code: 2,
  codeName: 'BadValue',
  '$clusterTime': {
    clusterTime: new Timestamp({ t: 1691093818, i: 4 }),
    signature: {
      hash: Binary.createFromBase64("/Mfbu0/C0e6pWFXjt4sLxTAPHyU=", 0),
      keyId: new Long("7229333744841129986")
    }
  },
  operationTime: new Timestamp({ t: 1691093818, i: 4 }),
  level: 'error',
  message: '---GlobalErrorHandler--- $and/$or/$nor must be a nonempty array',
  stack: 'MongoServerError: $and/$or/$nor must be a nonempty array\n' +
    '    at Connection.onMessage (C:\\Users\\satay\\Desktop\\level 2\\University-Management-System\\node_modules\\mongodb\\src\\cmap\\connection.ts:413:18)\n' +
    '    at MessageStream.<anonymous> (C:\\Users\\satay\\Desktop\\level 2\\University-Management-System\\node_modules\\mongodb\\src\\cmap\\connection.ts:243:56)\n' +
    '    at MessageStream.emit (node:events:513:28)\n' +
    '    at processIncomingData (C:\\Users\\satay\\Desktop\\level 2\\University-Management-System\\node_modules\\mongodb\\src\\cmap\\message_stream.ts:187:12)\n' +
    '    at MessageStream._write (C:\\Users\\satay\\Desktop\\level 2\\University-Management-System\\node_modules\\mongodb\\src\\cmap\\message_stream.ts:68:5)\n' +
    '    at writeOrBuffer (node:internal/streams/writable:392:12)\n' +
    '    at _write (node:internal/streams/writable:333:10)\n' +
    '    at MessageStream.Writable.write (node:internal/streams/writable:337:10)\n' +
    '    at TLSSocket.ondata (node:internal/streams/readable:766:22)\n' +
    '    at TLSSocket.emit (node:events:513:28)',
  label: 'UM',
  timestamp: '2023-08-03T20:16:56.576Z',
  [Symbol(errorLabels)]: Set(0) {}
}
