{
  service: 'user-service',
  statusCode: 400,
  level: 'error',
  message: '---GlobalErrorHandler--- Invalid Semenster Code...',
  stack: 'Error: Invalid Semenster Code...\n' +
    '    at C:\\Users\\satay\\Desktop\\level 2\\University-Management-System\\src\\app\\modules\\academicSemester\\academicSemester.service.ts:11:11\n' +
    '    at Generator.next (<anonymous>)\n' +
    '    at C:\\Users\\satay\\Desktop\\level 2\\University-Management-System\\src\\app\\modules\\academicSemester\\academicSemester.service.ts:8:71\n' +
    '    at new Promise (<anonymous>)\n' +
    '    at __awaiter (C:\\Users\\satay\\Desktop\\level 2\\University-Management-System\\src\\app\\modules\\academicSemester\\academicSemester.service.ts:4:12)\n' +
    '    at Object.createSemester (C:\\Users\\satay\\Desktop\\level 2\\University-Management-System\\src\\app\\modules\\academicSemester\\academicSemester.service.ts:9:33)\n' +
    '    at C:\\Users\\satay\\Desktop\\level 2\\University-Management-System\\src\\app\\modules\\academicSemester\\academicSemester.controller.ts:11:50\n' +
    '    at Generator.next (<anonymous>)\n' +
    '    at C:\\Users\\satay\\Desktop\\level 2\\University-Management-System\\src\\app\\modules\\academicSemester\\academicSemester.controller.ts:8:71\n' +
    '    at new Promise (<anonymous>)',
  label: 'UM',
  timestamp: '2023-08-01T21:01:25.409Z'
}
{
  service: 'user-service',
  statusCode: 409,
  level: 'error',
  message: '---GlobalErrorHandler--- Already Exist ...',
  stack: 'Error: Already Exist ...\n' +
    '    at model.<anonymous> (C:\\Users\\satay\\Desktop\\level 2\\University-Management-System\\src\\app\\modules\\academicSemester\\academicSemester.model.ts:52:11)\n' +
    '    at Generator.next (<anonymous>)\n' +
    '    at fulfilled (C:\\Users\\satay\\Desktop\\level 2\\University-Management-System\\src\\app\\modules\\academicSemester\\academicSemester.model.ts:5:58)\n' +
    '    at processTicksAndRejections (node:internal/process/task_queues:95:5)',
  label: 'UM',
  timestamp: '2023-08-01T21:01:34.738Z'
}
{
  service: 'user-service',
  errno: undefined,
  code: 'ECONNREFUSED',
  syscall: 'querySrv',
  hostname: '_mongodb._tcp.cluster0.a744t.mongodb.net',
  level: 'error',
  message: 'Failed to connect database! querySrv ECONNREFUSED _mongodb._tcp.cluster0.a744t.mongodb.net',
  stack: 'Error: querySrv ECONNREFUSED _mongodb._tcp.cluster0.a744t.mongodb.net\n' +
    '    at QueryReqWrap.onresolve [as oncomplete] (node:internal/dns/promises:251:17)',
  label: 'UM',
  timestamp: '2023-08-01T21:13:03.762Z'
}
